{"C:\\Users\\Maxime\\OneDrive\\Bureau\\Dev\\Projets\\SoSkate\\SoSkate-Mobile\\src\\api\\axios\\apiError.ts": {"path":"C:\\Users\\Maxime\\OneDrive\\Bureau\\Dev\\Projets\\SoSkate\\SoSkate-Mobile\\src\\api\\axios\\apiError.ts","statementMap":{"0":{"start":{"line":9,"column":4},"end":{"line":9,"column":19}},"1":{"start":{"line":10,"column":4},"end":{"line":10,"column":27}},"2":{"start":{"line":11,"column":4},"end":{"line":11,"column":25}},"3":{"start":{"line":12,"column":4},"end":{"line":12,"column":27}}},"fnMap":{"0":{"name":"(anonymous_0)","decl":{"start":{"line":8,"column":2},"end":{"line":8,"column":3}},"loc":{"start":{"line":8,"column":67},"end":{"line":13,"column":3}},"line":8}},"branchMap":{},"s":{"0":31,"1":31,"2":31,"3":31},"f":{"0":31},"b":{},"_coverageSchema":"1a1c01bbd47fc00a2c39e90264f33305004495a9","hash":"d104297df633af6ceb8cf6e66ed32f9b53ee070a"}
,"C:\\Users\\Maxime\\OneDrive\\Bureau\\Dev\\Projets\\SoSkate\\SoSkate-Mobile\\src\\api\\axios\\axiosConfig.ts": {"path":"C:\\Users\\Maxime\\OneDrive\\Bureau\\Dev\\Projets\\SoSkate\\SoSkate-Mobile\\src\\api\\axios\\axiosConfig.ts","statementMap":{"0":{"start":{"line":7,"column":42},"end":{"line":7,"column":46}},"1":{"start":{"line":9,"column":25},"end":{"line":9,"column":56}},"2":{"start":{"line":11,"column":24},"end":{"line":14,"column":1}},"3":{"start":{"line":12,"column":27},"end":{"line":12,"column":63}},"4":{"start":{"line":13,"column":2},"end":{"line":13,"column":42}},"5":{"start":{"line":17,"column":18},"end":{"line":23,"column":2}},"6":{"start":{"line":26,"column":0},"end":{"line":41,"column":2}},"7":{"start":{"line":28,"column":4},"end":{"line":35,"column":5}},"8":{"start":{"line":29,"column":20},"end":{"line":29,"column":36}},"9":{"start":{"line":30,"column":6},"end":{"line":32,"column":7}},"10":{"start":{"line":31,"column":8},"end":{"line":31,"column":57}},"11":{"start":{"line":34,"column":6},"end":{"line":34,"column":70}},"12":{"start":{"line":36,"column":4},"end":{"line":36,"column":18}},"13":{"start":{"line":39,"column":4},"end":{"line":39,"column":33}},"14":{"start":{"line":43,"column":33},"end":{"line":45,"column":1}},"15":{"start":{"line":44,"column":2},"end":{"line":44,"column":28}},"16":{"start":{"line":48,"column":0},"end":{"line":101,"column":2}},"17":{"start":{"line":50,"column":4},"end":{"line":50,"column":20}},"18":{"start":{"line":53,"column":4},"end":{"line":97,"column":5}},"19":{"start":{"line":55,"column":31},"end":{"line":55,"column":45}},"20":{"start":{"line":57,"column":6},"end":{"line":90,"column":7}},"21":{"start":{"line":60,"column":10},"end":{"line":60,"column":30}},"22":{"start":{"line":61,"column":10},"end":{"line":61,"column":52}},"23":{"start":{"line":62,"column":10},"end":{"line":64,"column":11}},"24":{"start":{"line":63,"column":12},"end":{"line":63,"column":29}},"25":{"start":{"line":66,"column":10},"end":{"line":66,"column":64}},"26":{"start":{"line":67,"column":10},"end":{"line":67,"column":16}},"27":{"start":{"line":70,"column":10},"end":{"line":70,"column":39}},"28":{"start":{"line":71,"column":10},"end":{"line":71,"column":16}},"29":{"start":{"line":75,"column":34},"end":{"line":75,"column":57}},"30":{"start":{"line":76,"column":27},"end":{"line":78,"column":11}},"31":{"start":{"line":77,"column":12},"end":{"line":77,"column":43}},"32":{"start":{"line":79,"column":10},"end":{"line":81,"column":11}},"33":{"start":{"line":80,"column":12},"end":{"line":80,"column":69}},"34":{"start":{"line":82,"column":10},"end":{"line":82,"column":16}},"35":{"start":{"line":85,"column":10},"end":{"line":85,"column":41}},"36":{"start":{"line":86,"column":10},"end":{"line":86,"column":16}},"37":{"start":{"line":89,"column":10},"end":{"line":89,"column":50}},"38":{"start":{"line":91,"column":11},"end":{"line":97,"column":5}},"39":{"start":{"line":93,"column":6},"end":{"line":93,"column":64}},"40":{"start":{"line":96,"column":6},"end":{"line":96,"column":62}},"41":{"start":{"line":99,"column":4},"end":{"line":99,"column":33}},"42":{"start":{"line":104,"column":20},"end":{"line":104,"column":49}},"43":{"start":{"line":105,"column":0},"end":{"line":117,"column":27}},"44":{"start":{"line":106,"column":14},"end":{"line":106,"column":50}},"45":{"start":{"line":108,"column":19},"end":{"line":108,"column":44}},"46":{"start":{"line":109,"column":2},"end":{"line":109,"column":32}},"47":{"start":{"line":109,"column":16},"end":{"line":109,"column":32}},"48":{"start":{"line":111,"column":18},"end":{"line":113,"column":4}},"49":{"start":{"line":112,"column":4},"end":{"line":112,"column":33}},"50":{"start":{"line":115,"column":2},"end":{"line":115,"column":37}},"51":{"start":{"line":116,"column":2},"end":{"line":116,"column":17}}},"fnMap":{"0":{"name":"(anonymous_0)","decl":{"start":{"line":11,"column":24},"end":{"line":11,"column":25}},"loc":{"start":{"line":11,"column":63},"end":{"line":14,"column":1}},"line":11},"1":{"name":"(anonymous_1)","decl":{"start":{"line":27,"column":2},"end":{"line":27,"column":3}},"loc":{"start":{"line":27,"column":20},"end":{"line":37,"column":3}},"line":27},"2":{"name":"(anonymous_2)","decl":{"start":{"line":38,"column":2},"end":{"line":38,"column":3}},"loc":{"start":{"line":38,"column":13},"end":{"line":40,"column":3}},"line":38},"3":{"name":"(anonymous_3)","decl":{"start":{"line":43,"column":33},"end":{"line":43,"column":34}},"loc":{"start":{"line":43,"column":59},"end":{"line":45,"column":1}},"line":43},"4":{"name":"(anonymous_4)","decl":{"start":{"line":49,"column":2},"end":{"line":49,"column":3}},"loc":{"start":{"line":49,"column":16},"end":{"line":51,"column":3}},"line":49},"5":{"name":"(anonymous_5)","decl":{"start":{"line":52,"column":2},"end":{"line":52,"column":3}},"loc":{"start":{"line":52,"column":19},"end":{"line":100,"column":3}},"line":52},"6":{"name":"(anonymous_6)","decl":{"start":{"line":76,"column":48},"end":{"line":76,"column":49}},"loc":{"start":{"line":77,"column":12},"end":{"line":77,"column":43}},"line":77},"7":{"name":"(anonymous_7)","decl":{"start":{"line":105,"column":17},"end":{"line":105,"column":18}},"loc":{"start":{"line":105,"column":48},"end":{"line":117,"column":1}},"line":105},"8":{"name":"(anonymous_8)","decl":{"start":{"line":111,"column":51},"end":{"line":111,"column":52}},"loc":{"start":{"line":111,"column":57},"end":{"line":113,"column":3}},"line":111}},"branchMap":{"0":{"loc":{"start":{"line":12,"column":27},"end":{"line":12,"column":63}},"type":"cond-expr","locations":[{"start":{"line":12,"column":36},"end":{"line":12,"column":58}},{"start":{"line":12,"column":61},"end":{"line":12,"column":63}}],"line":12},"1":{"loc":{"start":{"line":30,"column":6},"end":{"line":32,"column":7}},"type":"if","locations":[{"start":{"line":30,"column":6},"end":{"line":32,"column":7}},{"start":{},"end":{}}],"line":30},"2":{"loc":{"start":{"line":53,"column":4},"end":{"line":97,"column":5}},"type":"if","locations":[{"start":{"line":53,"column":4},"end":{"line":97,"column":5}},{"start":{"line":91,"column":11},"end":{"line":97,"column":5}}],"line":53},"3":{"loc":{"start":{"line":57,"column":6},"end":{"line":90,"column":7}},"type":"switch","locations":[{"start":{"line":58,"column":8},"end":{"line":67,"column":16}},{"start":{"line":69,"column":8},"end":{"line":71,"column":16}},{"start":{"line":73,"column":8},"end":{"line":82,"column":16}},{"start":{"line":84,"column":8},"end":{"line":86,"column":16}},{"start":{"line":88,"column":8},"end":{"line":89,"column":50}}],"line":57},"4":{"loc":{"start":{"line":62,"column":10},"end":{"line":64,"column":11}},"type":"if","locations":[{"start":{"line":62,"column":10},"end":{"line":64,"column":11}},{"start":{},"end":{}}],"line":62},"5":{"loc":{"start":{"line":79,"column":10},"end":{"line":81,"column":11}},"type":"if","locations":[{"start":{"line":79,"column":10},"end":{"line":81,"column":11}},{"start":{},"end":{}}],"line":79},"6":{"loc":{"start":{"line":91,"column":11},"end":{"line":97,"column":5}},"type":"if","locations":[{"start":{"line":91,"column":11},"end":{"line":97,"column":5}},{"start":{"line":94,"column":11},"end":{"line":97,"column":5}}],"line":91},"7":{"loc":{"start":{"line":109,"column":2},"end":{"line":109,"column":32}},"type":"if","locations":[{"start":{"line":109,"column":2},"end":{"line":109,"column":32}},{"start":{},"end":{}}],"line":109}},"s":{"0":6,"1":6,"2":6,"3":0,"4":0,"5":6,"6":6,"7":0,"8":0,"9":0,"10":0,"11":0,"12":0,"13":0,"14":6,"15":0,"16":6,"17":0,"18":0,"19":0,"20":0,"21":0,"22":0,"23":0,"24":0,"25":0,"26":0,"27":0,"28":0,"29":0,"30":0,"31":0,"32":0,"33":0,"34":0,"35":0,"36":0,"37":0,"38":0,"39":0,"40":0,"41":0,"42":6,"43":6,"44":0,"45":0,"46":0,"47":0,"48":0,"49":0,"50":0,"51":0},"f":{"0":0,"1":0,"2":0,"3":0,"4":0,"5":0,"6":0,"7":0,"8":0},"b":{"0":[0,0],"1":[0,0],"2":[0,0],"3":[0,0,0,0,0],"4":[0,0],"5":[0,0],"6":[0,0],"7":[0,0]},"_coverageSchema":"1a1c01bbd47fc00a2c39e90264f33305004495a9","hash":"e52a25da7603b170a2b9b8b8d79f2ef50ae460e1"}
,"C:\\Users\\Maxime\\OneDrive\\Bureau\\Dev\\Projets\\SoSkate\\SoSkate-Mobile\\src\\api\\axios\\getErrorMessage.ts": {"path":"C:\\Users\\Maxime\\OneDrive\\Bureau\\Dev\\Projets\\SoSkate\\SoSkate-Mobile\\src\\api\\axios\\getErrorMessage.ts","statementMap":{"0":{"start":{"line":4,"column":31},"end":{"line":32,"column":1}},"1":{"start":{"line":8,"column":2},"end":{"line":10,"column":3}},"2":{"start":{"line":9,"column":4},"end":{"line":9,"column":23}},"3":{"start":{"line":12,"column":2},"end":{"line":25,"column":3}},"4":{"start":{"line":13,"column":20},"end":{"line":13,"column":77}},"5":{"start":{"line":15,"column":6},"end":{"line":22,"column":19}},"6":{"start":{"line":24,"column":4},"end":{"line":24,"column":53}},"7":{"start":{"line":27,"column":2},"end":{"line":29,"column":3}},"8":{"start":{"line":28,"column":4},"end":{"line":28,"column":23}},"9":{"start":{"line":31,"column":2},"end":{"line":31,"column":18}}},"fnMap":{"0":{"name":"(anonymous_0)","decl":{"start":{"line":4,"column":31},"end":{"line":4,"column":32}},"loc":{"start":{"line":7,"column":13},"end":{"line":32,"column":1}},"line":7}},"branchMap":{"0":{"loc":{"start":{"line":6,"column":2},"end":{"line":6,"column":38}},"type":"default-arg","locations":[{"start":{"line":6,"column":13},"end":{"line":6,"column":38}}],"line":6},"1":{"loc":{"start":{"line":8,"column":2},"end":{"line":10,"column":3}},"type":"if","locations":[{"start":{"line":8,"column":2},"end":{"line":10,"column":3}},{"start":{},"end":{}}],"line":8},"2":{"loc":{"start":{"line":12,"column":2},"end":{"line":25,"column":3}},"type":"if","locations":[{"start":{"line":12,"column":2},"end":{"line":25,"column":3}},{"start":{},"end":{}}],"line":12},"3":{"loc":{"start":{"line":15,"column":6},"end":{"line":22,"column":19}},"type":"binary-expr","locations":[{"start":{"line":15,"column":6},"end":{"line":15,"column":13}},{"start":{"line":16,"column":7},"end":{"line":22,"column":18}}],"line":15},"4":{"loc":{"start":{"line":16,"column":7},"end":{"line":22,"column":18}},"type":"cond-expr","locations":[{"start":{"line":17,"column":10},"end":{"line":17,"column":25}},{"start":{"line":18,"column":10},"end":{"line":22,"column":18}}],"line":16},"5":{"loc":{"start":{"line":18,"column":10},"end":{"line":22,"column":18}},"type":"cond-expr","locations":[{"start":{"line":19,"column":12},"end":{"line":19,"column":25}},{"start":{"line":20,"column":12},"end":{"line":22,"column":18}}],"line":18},"6":{"loc":{"start":{"line":20,"column":12},"end":{"line":22,"column":18}},"type":"cond-expr","locations":[{"start":{"line":21,"column":14},"end":{"line":21,"column":27}},{"start":{"line":22,"column":14},"end":{"line":22,"column":18}}],"line":20},"7":{"loc":{"start":{"line":24,"column":11},"end":{"line":24,"column":52}},"type":"binary-expr","locations":[{"start":{"line":24,"column":11},"end":{"line":24,"column":25}},{"start":{"line":24,"column":29},"end":{"line":24,"column":40}},{"start":{"line":24,"column":44},"end":{"line":24,"column":52}}],"line":24},"8":{"loc":{"start":{"line":27,"column":2},"end":{"line":29,"column":3}},"type":"if","locations":[{"start":{"line":27,"column":2},"end":{"line":29,"column":3}},{"start":{},"end":{}}],"line":27}},"s":{"0":1,"1":12,"2":1,"3":11,"4":5,"5":5,"6":5,"7":6,"8":1,"9":5},"f":{"0":12},"b":{"0":[11],"1":[1,11],"2":[5,6],"3":[5,3],"4":[1,2],"5":[1,1],"6":[1,0],"7":[5,2,0],"8":[1,5]},"_coverageSchema":"1a1c01bbd47fc00a2c39e90264f33305004495a9","hash":"4d09ead191f279b9ad2e8117537218b4ded40555"}
,"C:\\Users\\Maxime\\OneDrive\\Bureau\\Dev\\Projets\\SoSkate\\SoSkate-Mobile\\src\\api\\axios\\handleApiError.ts": {"path":"C:\\Users\\Maxime\\OneDrive\\Bureau\\Dev\\Projets\\SoSkate\\SoSkate-Mobile\\src\\api\\axios\\handleApiError.ts","statementMap":{"0":{"start":{"line":11,"column":30},"end":{"line":27,"column":1}},"1":{"start":{"line":15,"column":16},"end":{"line":15,"column":55}},"2":{"start":{"line":17,"column":17},"end":{"line":17,"column":39}},"3":{"start":{"line":18,"column":18},"end":{"line":18,"column":38}},"4":{"start":{"line":21,"column":4},"end":{"line":22,"column":17}},"5":{"start":{"line":24,"column":18},"end":{"line":24,"column":44}},"6":{"start":{"line":26,"column":2},"end":{"line":26,"column":73}}},"fnMap":{"0":{"name":"(anonymous_0)","decl":{"start":{"line":11,"column":30},"end":{"line":11,"column":31}},"loc":{"start":{"line":14,"column":12},"end":{"line":27,"column":1}},"line":14}},"branchMap":{"0":{"loc":{"start":{"line":21,"column":4},"end":{"line":22,"column":17}},"type":"binary-expr","locations":[{"start":{"line":21,"column":5},"end":{"line":21,"column":12}},{"start":{"line":21,"column":17},"end":{"line":21,"column":32}},{"start":{"line":21,"column":36},"end":{"line":21,"column":49}},{"start":{"line":21,"column":53},"end":{"line":21,"column":66}},{"start":{"line":22,"column":4},"end":{"line":22,"column":17}}],"line":21},"1":{"loc":{"start":{"line":24,"column":18},"end":{"line":24,"column":44}},"type":"binary-expr","locations":[{"start":{"line":24,"column":18},"end":{"line":24,"column":33}},{"start":{"line":24,"column":37},"end":{"line":24,"column":44}}],"line":24},"2":{"loc":{"start":{"line":26,"column":21},"end":{"line":26,"column":54}},"type":"binary-expr","locations":[{"start":{"line":26,"column":21},"end":{"line":26,"column":35}},{"start":{"line":26,"column":39},"end":{"line":26,"column":54}}],"line":26}},"s":{"0":11,"1":22,"2":22,"3":22,"4":22,"5":22,"6":22},"f":{"0":22},"b":{"0":[22,5,2,1,17],"1":[22,21],"2":[22,1]},"_coverageSchema":"1a1c01bbd47fc00a2c39e90264f33305004495a9","hash":"27c7ee746a991d461895be685707ee27a259129e"}
,"C:\\Users\\Maxime\\OneDrive\\Bureau\\Dev\\Projets\\SoSkate\\SoSkate-Mobile\\src\\features\\auth\\components\\AuthFooterLink.tsx": {"path":"C:\\Users\\Maxime\\OneDrive\\Bureau\\Dev\\Projets\\SoSkate\\SoSkate-Mobile\\src\\features\\auth\\components\\AuthFooterLink.tsx","statementMap":{"0":{"start":{"line":12,"column":23},"end":{"line":27,"column":1}},"1":{"start":{"line":13,"column":21},"end":{"line":13,"column":31}},"2":{"start":{"line":15,"column":2},"end":{"line":26,"column":4}},"3":{"start":{"line":31,"column":15},"end":{"line":36,"column":2}}},"fnMap":{"0":{"name":"(anonymous_0)","decl":{"start":{"line":12,"column":23},"end":{"line":12,"column":24}},"loc":{"start":{"line":12,"column":77},"end":{"line":27,"column":1}},"line":12}},"branchMap":{},"s":{"0":0,"1":0,"2":0,"3":0},"f":{"0":0},"b":{}}
,"C:\\Users\\Maxime\\OneDrive\\Bureau\\Dev\\Projets\\SoSkate\\SoSkate-Mobile\\src\\features\\auth\\components\\AuthFormCard.tsx": {"path":"C:\\Users\\Maxime\\OneDrive\\Bureau\\Dev\\Projets\\SoSkate\\SoSkate-Mobile\\src\\features\\auth\\components\\AuthFormCard.tsx","statementMap":{"0":{"start":{"line":13,"column":21},"end":{"line":30,"column":1}},"1":{"start":{"line":14,"column":21},"end":{"line":14,"column":31}},"2":{"start":{"line":16,"column":2},"end":{"line":29,"column":4}},"3":{"start":{"line":34,"column":15},"end":{"line":42,"column":2}}},"fnMap":{"0":{"name":"(anonymous_0)","decl":{"start":{"line":13,"column":21},"end":{"line":13,"column":22}},"loc":{"start":{"line":13,"column":78},"end":{"line":30,"column":1}},"line":13}},"branchMap":{},"s":{"0":0,"1":0,"2":0,"3":0},"f":{"0":0},"b":{}}
,"C:\\Users\\Maxime\\OneDrive\\Bureau\\Dev\\Projets\\SoSkate\\SoSkate-Mobile\\src\\features\\auth\\components\\AuthLayout.tsx": {"path":"C:\\Users\\Maxime\\OneDrive\\Bureau\\Dev\\Projets\\SoSkate\\SoSkate-Mobile\\src\\features\\auth\\components\\AuthLayout.tsx","statementMap":{"0":{"start":{"line":21,"column":19},"end":{"line":112,"column":1}},"1":{"start":{"line":29,"column":29},"end":{"line":29,"column":39}},"2":{"start":{"line":30,"column":17},"end":{"line":30,"column":36}},"3":{"start":{"line":33,"column":4},"end":{"line":82,"column":11}},"4":{"start":{"line":85,"column":2},"end":{"line":111,"column":4}},"5":{"start":{"line":116,"column":15},"end":{"line":158,"column":2}}},"fnMap":{"0":{"name":"(anonymous_0)","decl":{"start":{"line":21,"column":19},"end":{"line":21,"column":20}},"loc":{"start":{"line":28,"column":23},"end":{"line":112,"column":1}},"line":28}},"branchMap":{"0":{"loc":{"start":{"line":26,"column":2},"end":{"line":26,"column":20}},"type":"default-arg","locations":[{"start":{"line":26,"column":15},"end":{"line":26,"column":20}}],"line":26},"1":{"loc":{"start":{"line":27,"column":2},"end":{"line":27,"column":18}},"type":"default-arg","locations":[{"start":{"line":27,"column":13},"end":{"line":27,"column":18}}],"line":27},"2":{"loc":{"start":{"line":37,"column":8},"end":{"line":37,"column":70}},"type":"binary-expr","locations":[{"start":{"line":37,"column":8},"end":{"line":37,"column":19}},{"start":{"line":37,"column":23},"end":{"line":37,"column":70}}],"line":37},"3":{"loc":{"start":{"line":58,"column":33},"end":{"line":58,"column":53}},"type":"cond-expr","locations":[{"start":{"line":58,"column":44},"end":{"line":58,"column":47}},{"start":{"line":58,"column":50},"end":{"line":58,"column":53}}],"line":58},"4":{"loc":{"start":{"line":63,"column":12},"end":{"line":65,"column":62}},"type":"cond-expr","locations":[{"start":{"line":64,"column":16},"end":{"line":64,"column":73}},{"start":{"line":65,"column":16},"end":{"line":65,"column":62}}],"line":63},"5":{"loc":{"start":{"line":74,"column":7},"end":{"line":81,"column":7}},"type":"binary-expr","locations":[{"start":{"line":74,"column":7},"end":{"line":74,"column":20}},{"start":{"line":75,"column":8},"end":{"line":80,"column":24}}],"line":74},"6":{"loc":{"start":{"line":76,"column":35},"end":{"line":76,"column":55}},"type":"cond-expr","locations":[{"start":{"line":76,"column":46},"end":{"line":76,"column":49}},{"start":{"line":76,"column":52},"end":{"line":76,"column":55}}],"line":76},"7":{"loc":{"start":{"line":87,"column":7},"end":{"line":99,"column":7}},"type":"cond-expr","locations":[{"start":{"line":88,"column":8},"end":{"line":96,"column":21}},{"start":{"line":98,"column":8},"end":{"line":98,"column":15}}],"line":87}},"s":{"0":0,"1":0,"2":0,"3":0,"4":0,"5":0},"f":{"0":0},"b":{"0":[0],"1":[0],"2":[0,0],"3":[0,0],"4":[0,0],"5":[0,0],"6":[0,0],"7":[0,0]}}
,"C:\\Users\\Maxime\\OneDrive\\Bureau\\Dev\\Projets\\SoSkate\\SoSkate-Mobile\\src\\features\\auth\\components\\PasswordRequirements.tsx": {"path":"C:\\Users\\Maxime\\OneDrive\\Bureau\\Dev\\Projets\\SoSkate\\SoSkate-Mobile\\src\\features\\auth\\components\\PasswordRequirements.tsx","statementMap":{"0":{"start":{"line":24,"column":52},"end":{"line":66,"column":1}},"1":{"start":{"line":25,"column":21},"end":{"line":25,"column":31}},"2":{"start":{"line":26,"column":16},"end":{"line":26,"column":33}},"3":{"start":{"line":27,"column":18},"end":{"line":27,"column":37}},"4":{"start":{"line":29,"column":2},"end":{"line":36,"column":16}},"5":{"start":{"line":30,"column":4},"end":{"line":35,"column":5}},"6":{"start":{"line":31,"column":6},"end":{"line":31,"column":67}},"7":{"start":{"line":32,"column":6},"end":{"line":32,"column":53}},"8":{"start":{"line":34,"column":6},"end":{"line":34,"column":55}},"9":{"start":{"line":38,"column":24},"end":{"line":41,"column":5}},"10":{"start":{"line":38,"column":48},"end":{"line":41,"column":3}},"11":{"start":{"line":43,"column":20},"end":{"line":43,"column":73}},"12":{"start":{"line":44,"column":20},"end":{"line":44,"column":73}},"13":{"start":{"line":46,"column":2},"end":{"line":65,"column":4}},"14":{"start":{"line":68,"column":66},"end":{"line":105,"column":1}},"15":{"start":{"line":72,"column":32},"end":{"line":72,"column":63}},"16":{"start":{"line":74,"column":2},"end":{"line":78,"column":36}},"17":{"start":{"line":75,"column":4},"end":{"line":77,"column":5}},"18":{"start":{"line":76,"column":6},"end":{"line":76,"column":34}},"19":{"start":{"line":80,"column":2},"end":{"line":82,"column":3}},"20":{"start":{"line":81,"column":4},"end":{"line":81,"column":16}},"21":{"start":{"line":84,"column":2},"end":{"line":104,"column":4}},"22":{"start":{"line":107,"column":15},"end":{"line":120,"column":2}}},"fnMap":{"0":{"name":"(anonymous_0)","decl":{"start":{"line":24,"column":52},"end":{"line":24,"column":53}},"loc":{"start":{"line":24,"column":76},"end":{"line":66,"column":1}},"line":24},"1":{"name":"(anonymous_1)","decl":{"start":{"line":29,"column":12},"end":{"line":29,"column":13}},"loc":{"start":{"line":29,"column":18},"end":{"line":36,"column":3}},"line":29},"2":{"name":"(anonymous_2)","decl":{"start":{"line":38,"column":41},"end":{"line":38,"column":42}},"loc":{"start":{"line":38,"column":48},"end":{"line":41,"column":3}},"line":38},"3":{"name":"(anonymous_3)","decl":{"start":{"line":68,"column":66},"end":{"line":68,"column":67}},"loc":{"start":{"line":71,"column":6},"end":{"line":105,"column":1}},"line":71},"4":{"name":"(anonymous_4)","decl":{"start":{"line":74,"column":12},"end":{"line":74,"column":13}},"loc":{"start":{"line":74,"column":18},"end":{"line":78,"column":3}},"line":74}},"branchMap":{"0":{"loc":{"start":{"line":30,"column":4},"end":{"line":35,"column":5}},"type":"if","locations":[{"start":{"line":30,"column":4},"end":{"line":35,"column":5}},{"start":{"line":33,"column":11},"end":{"line":35,"column":5}}],"line":30},"1":{"loc":{"start":{"line":43,"column":20},"end":{"line":43,"column":73}},"type":"cond-expr","locations":[{"start":{"line":43,"column":30},"end":{"line":43,"column":53}},{"start":{"line":43,"column":56},"end":{"line":43,"column":73}}],"line":43},"2":{"loc":{"start":{"line":44,"column":20},"end":{"line":44,"column":73}},"type":"cond-expr","locations":[{"start":{"line":44,"column":30},"end":{"line":44,"column":53}},{"start":{"line":44,"column":56},"end":{"line":44,"column":73}}],"line":44},"3":{"loc":{"start":{"line":48,"column":7},"end":{"line":60,"column":7}},"type":"cond-expr","locations":[{"start":{"line":49,"column":8},"end":{"line":53,"column":10}},{"start":{"line":55,"column":8},"end":{"line":59,"column":10}}],"line":48},"4":{"loc":{"start":{"line":75,"column":4},"end":{"line":77,"column":5}},"type":"if","locations":[{"start":{"line":75,"column":4},"end":{"line":77,"column":5}},{"start":{},"end":{}}],"line":75},"5":{"loc":{"start":{"line":80,"column":2},"end":{"line":82,"column":3}},"type":"if","locations":[{"start":{"line":80,"column":2},"end":{"line":82,"column":3}},{"start":{},"end":{}}],"line":80}},"s":{"0":0,"1":0,"2":0,"3":0,"4":0,"5":0,"6":0,"7":0,"8":0,"9":0,"10":0,"11":0,"12":0,"13":0,"14":0,"15":0,"16":0,"17":0,"18":0,"19":0,"20":0,"21":0,"22":0},"f":{"0":0,"1":0,"2":0,"3":0,"4":0},"b":{"0":[0,0],"1":[0,0],"2":[0,0],"3":[0,0],"4":[0,0],"5":[0,0]}}
,"C:\\Users\\Maxime\\OneDrive\\Bureau\\Dev\\Projets\\SoSkate\\SoSkate-Mobile\\src\\features\\auth\\components\\SocialAuthButtons.tsx": {"path":"C:\\Users\\Maxime\\OneDrive\\Bureau\\Dev\\Projets\\SoSkate\\SoSkate-Mobile\\src\\features\\auth\\components\\SocialAuthButtons.tsx","statementMap":{"0":{"start":{"line":13,"column":26},"end":{"line":66,"column":1}},"1":{"start":{"line":17,"column":21},"end":{"line":17,"column":31}},"2":{"start":{"line":19,"column":2},"end":{"line":65,"column":4}},"3":{"start":{"line":70,"column":15},"end":{"line":85,"column":2}}},"fnMap":{"0":{"name":"(anonymous_0)","decl":{"start":{"line":13,"column":26},"end":{"line":13,"column":27}},"loc":{"start":{"line":16,"column":30},"end":{"line":66,"column":1}},"line":16}},"branchMap":{"0":{"loc":{"start":{"line":21,"column":7},"end":{"line":41,"column":7}},"type":"binary-expr","locations":[{"start":{"line":21,"column":7},"end":{"line":21,"column":20}},{"start":{"line":22,"column":8},"end":{"line":40,"column":27}}],"line":21},"1":{"loc":{"start":{"line":43,"column":7},"end":{"line":63,"column":7}},"type":"binary-expr","locations":[{"start":{"line":43,"column":7},"end":{"line":43,"column":19}},{"start":{"line":44,"column":8},"end":{"line":62,"column":27}}],"line":43}},"s":{"0":0,"1":0,"2":0,"3":0},"f":{"0":0},"b":{"0":[0,0],"1":[0,0]}}
,"C:\\Users\\Maxime\\OneDrive\\Bureau\\Dev\\Projets\\SoSkate\\SoSkate-Mobile\\src\\features\\auth\\hooks\\usePasswordValidation.ts": {"path":"C:\\Users\\Maxime\\OneDrive\\Bureau\\Dev\\Projets\\SoSkate\\SoSkate-Mobile\\src\\features\\auth\\hooks\\usePasswordValidation.ts","statementMap":{"0":{"start":{"line":15,"column":37},"end":{"line":43,"column":1}},"1":{"start":{"line":16,"column":19},"end":{"line":35,"column":16}},"2":{"start":{"line":18,"column":4},"end":{"line":26,"column":5}},"3":{"start":{"line":19,"column":6},"end":{"line":25,"column":8}},"4":{"start":{"line":28,"column":4},"end":{"line":34,"column":6}},"5":{"start":{"line":38,"column":18},"end":{"line":40,"column":16}},"6":{"start":{"line":39,"column":4},"end":{"line":39,"column":76}},"7":{"start":{"line":39,"column":56},"end":{"line":39,"column":74}},"8":{"start":{"line":42,"column":2},"end":{"line":42,"column":31}}},"fnMap":{"0":{"name":"(anonymous_0)","decl":{"start":{"line":15,"column":37},"end":{"line":15,"column":38}},"loc":{"start":{"line":15,"column":59},"end":{"line":43,"column":1}},"line":15},"1":{"name":"(anonymous_1)","decl":{"start":{"line":16,"column":45},"end":{"line":16,"column":46}},"loc":{"start":{"line":16,"column":51},"end":{"line":35,"column":3}},"line":16},"2":{"name":"(anonymous_2)","decl":{"start":{"line":38,"column":26},"end":{"line":38,"column":27}},"loc":{"start":{"line":38,"column":32},"end":{"line":40,"column":3}},"line":38},"3":{"name":"(anonymous_3)","decl":{"start":{"line":39,"column":41},"end":{"line":39,"column":42}},"loc":{"start":{"line":39,"column":56},"end":{"line":39,"column":74}},"line":39}},"branchMap":{"0":{"loc":{"start":{"line":18,"column":4},"end":{"line":26,"column":5}},"type":"if","locations":[{"start":{"line":18,"column":4},"end":{"line":26,"column":5}},{"start":{},"end":{}}],"line":18}},"s":{"0":0,"1":0,"2":0,"3":0,"4":0,"5":0,"6":0,"7":0,"8":0},"f":{"0":0,"1":0,"2":0,"3":0},"b":{"0":[0,0]}}
,"C:\\Users\\Maxime\\OneDrive\\Bureau\\Dev\\Projets\\SoSkate\\SoSkate-Mobile\\src\\features\\booking\\components\\BookingStepper.tsx": {"path":"C:\\Users\\Maxime\\OneDrive\\Bureau\\Dev\\Projets\\SoSkate\\SoSkate-Mobile\\src\\features\\booking\\components\\BookingStepper.tsx","statementMap":{"0":{"start":{"line":24,"column":54},"end":{"line":143,"column":1}},"1":{"start":{"line":29,"column":21},"end":{"line":29,"column":31}},"2":{"start":{"line":31,"column":23},"end":{"line":31,"column":76}},"3":{"start":{"line":31,"column":54},"end":{"line":31,"column":75}},"4":{"start":{"line":33,"column":24},"end":{"line":38,"column":3}},"5":{"start":{"line":34,"column":4},"end":{"line":34,"column":61}},"6":{"start":{"line":34,"column":42},"end":{"line":34,"column":61}},"7":{"start":{"line":35,"column":4},"end":{"line":35,"column":49}},"8":{"start":{"line":35,"column":32},"end":{"line":35,"column":49}},"9":{"start":{"line":36,"column":4},"end":{"line":36,"column":49}},"10":{"start":{"line":36,"column":30},"end":{"line":36,"column":49}},"11":{"start":{"line":37,"column":4},"end":{"line":37,"column":22}},"12":{"start":{"line":40,"column":27},"end":{"line":51,"column":3}},"13":{"start":{"line":41,"column":4},"end":{"line":50,"column":5}},"14":{"start":{"line":43,"column":8},"end":{"line":43,"column":34}},"15":{"start":{"line":45,"column":8},"end":{"line":45,"column":31}},"16":{"start":{"line":47,"column":8},"end":{"line":47,"column":37}},"17":{"start":{"line":49,"column":8},"end":{"line":49,"column":32}},"18":{"start":{"line":53,"column":2},"end":{"line":142,"column":4}},"19":{"start":{"line":56,"column":23},"end":{"line":56,"column":53}},"20":{"start":{"line":57,"column":30},"end":{"line":57,"column":57}},"21":{"start":{"line":58,"column":23},"end":{"line":58,"column":57}},"22":{"start":{"line":61,"column":10},"end":{"line":61,"column":79}},"23":{"start":{"line":64,"column":10},"end":{"line":68,"column":33}},"24":{"start":{"line":71,"column":10},"end":{"line":71,"column":75}},"25":{"start":{"line":73,"column":8},"end":{"line":139,"column":10}},"26":{"start":{"line":78,"column":16},"end":{"line":80,"column":17}},"27":{"start":{"line":79,"column":18},"end":{"line":79,"column":40}},"28":{"start":{"line":147,"column":15},"end":{"line":176,"column":2}}},"fnMap":{"0":{"name":"(anonymous_0)","decl":{"start":{"line":24,"column":54},"end":{"line":24,"column":55}},"loc":{"start":{"line":28,"column":6},"end":{"line":143,"column":1}},"line":28},"1":{"name":"(anonymous_1)","decl":{"start":{"line":31,"column":47},"end":{"line":31,"column":48}},"loc":{"start":{"line":31,"column":54},"end":{"line":31,"column":75}},"line":31},"2":{"name":"(anonymous_2)","decl":{"start":{"line":33,"column":24},"end":{"line":33,"column":25}},"loc":{"start":{"line":33,"column":65},"end":{"line":38,"column":3}},"line":33},"3":{"name":"(anonymous_3)","decl":{"start":{"line":40,"column":27},"end":{"line":40,"column":28}},"loc":{"start":{"line":40,"column":49},"end":{"line":51,"column":3}},"line":40},"4":{"name":"(anonymous_4)","decl":{"start":{"line":55,"column":25},"end":{"line":55,"column":26}},"loc":{"start":{"line":55,"column":42},"end":{"line":140,"column":7}},"line":55},"5":{"name":"(anonymous_5)","decl":{"start":{"line":77,"column":23},"end":{"line":77,"column":24}},"loc":{"start":{"line":77,"column":29},"end":{"line":81,"column":15}},"line":77}},"branchMap":{"0":{"loc":{"start":{"line":27,"column":2},"end":{"line":27,"column":21}},"type":"default-arg","locations":[{"start":{"line":27,"column":19},"end":{"line":27,"column":21}}],"line":27},"1":{"loc":{"start":{"line":34,"column":4},"end":{"line":34,"column":61}},"type":"if","locations":[{"start":{"line":34,"column":4},"end":{"line":34,"column":61}},{"start":{},"end":{}}],"line":34},"2":{"loc":{"start":{"line":35,"column":4},"end":{"line":35,"column":49}},"type":"if","locations":[{"start":{"line":35,"column":4},"end":{"line":35,"column":49}},{"start":{},"end":{}}],"line":35},"3":{"loc":{"start":{"line":36,"column":4},"end":{"line":36,"column":49}},"type":"if","locations":[{"start":{"line":36,"column":4},"end":{"line":36,"column":49}},{"start":{},"end":{}}],"line":36},"4":{"loc":{"start":{"line":41,"column":4},"end":{"line":50,"column":5}},"type":"switch","locations":[{"start":{"line":42,"column":6},"end":{"line":43,"column":34}},{"start":{"line":44,"column":6},"end":{"line":45,"column":31}},{"start":{"line":46,"column":6},"end":{"line":47,"column":37}},{"start":{"line":48,"column":6},"end":{"line":49,"column":32}}],"line":41},"5":{"loc":{"start":{"line":61,"column":10},"end":{"line":61,"column":79}},"type":"cond-expr","locations":[{"start":{"line":61,"column":34},"end":{"line":61,"column":55}},{"start":{"line":61,"column":58},"end":{"line":61,"column":79}}],"line":61},"6":{"loc":{"start":{"line":64,"column":10},"end":{"line":68,"column":33}},"type":"cond-expr","locations":[{"start":{"line":65,"column":14},"end":{"line":65,"column":33}},{"start":{"line":66,"column":14},"end":{"line":68,"column":33}}],"line":64},"7":{"loc":{"start":{"line":66,"column":14},"end":{"line":68,"column":33}},"type":"cond-expr","locations":[{"start":{"line":67,"column":16},"end":{"line":67,"column":37}},{"start":{"line":68,"column":16},"end":{"line":68,"column":33}}],"line":66},"8":{"loc":{"start":{"line":71,"column":10},"end":{"line":71,"column":75}},"type":"cond-expr","locations":[{"start":{"line":71,"column":34},"end":{"line":71,"column":51}},{"start":{"line":71,"column":54},"end":{"line":71,"column":75}}],"line":71},"9":{"loc":{"start":{"line":78,"column":16},"end":{"line":80,"column":17}},"type":"if","locations":[{"start":{"line":78,"column":16},"end":{"line":80,"column":17}},{"start":{},"end":{}}],"line":78},"10":{"loc":{"start":{"line":78,"column":20},"end":{"line":78,"column":57}},"type":"binary-expr","locations":[{"start":{"line":78,"column":20},"end":{"line":78,"column":31}},{"start":{"line":78,"column":35},"end":{"line":78,"column":57}}],"line":78},"11":{"loc":{"start":{"line":91,"column":22},"end":{"line":93,"column":39}},"type":"cond-expr","locations":[{"start":{"line":92,"column":26},"end":{"line":92,"column":52}},{"start":{"line":93,"column":26},"end":{"line":93,"column":39}}],"line":91},"12":{"loc":{"start":{"line":94,"column":33},"end":{"line":94,"column":61}},"type":"cond-expr","locations":[{"start":{"line":94,"column":56},"end":{"line":94,"column":57}},{"start":{"line":94,"column":60},"end":{"line":94,"column":61}}],"line":94},"13":{"loc":{"start":{"line":98,"column":17},"end":{"line":110,"column":17}},"type":"cond-expr","locations":[{"start":{"line":99,"column":18},"end":{"line":103,"column":20}},{"start":{"line":105,"column":18},"end":{"line":109,"column":20}}],"line":98},"14":{"loc":{"start":{"line":108,"column":28},"end":{"line":108,"column":69}},"type":"cond-expr","locations":[{"start":{"line":108,"column":51},"end":{"line":108,"column":57}},{"start":{"line":108,"column":60},"end":{"line":108,"column":69}}],"line":108},"15":{"loc":{"start":{"line":116,"column":28},"end":{"line":116,"column":64}},"type":"cond-expr","locations":[{"start":{"line":116,"column":51},"end":{"line":116,"column":56}},{"start":{"line":116,"column":59},"end":{"line":116,"column":64}}],"line":116},"16":{"loc":{"start":{"line":125,"column":13},"end":{"line":137,"column":13}},"type":"binary-expr","locations":[{"start":{"line":125,"column":13},"end":{"line":125,"column":20}},{"start":{"line":126,"column":14},"end":{"line":136,"column":16}}],"line":125},"17":{"loc":{"start":{"line":131,"column":22},"end":{"line":133,"column":47}},"type":"cond-expr","locations":[{"start":{"line":132,"column":26},"end":{"line":132,"column":47}},{"start":{"line":133,"column":26},"end":{"line":133,"column":47}}],"line":131}},"s":{"0":1,"1":6,"2":6,"3":10,"4":6,"5":18,"6":1,"7":17,"8":6,"9":11,"10":3,"11":8,"12":6,"13":18,"14":6,"15":6,"16":6,"17":0,"18":6,"19":18,"20":18,"21":18,"22":18,"23":18,"24":18,"25":18,"26":2,"27":2,"28":1},"f":{"0":6,"1":10,"2":18,"3":18,"4":18,"5":2},"b":{"0":[5],"1":[1,17],"2":[6,11],"3":[3,8],"4":[6,6,6,0],"5":[8,10],"6":[6,12],"7":[4,8],"8":[8,10],"9":[2,0],"10":[2,2],"11":[6,12],"12":[6,12],"13":[4,14],"14":[6,8],"15":[6,12],"16":[18,12],"17":[4,8]},"_coverageSchema":"1a1c01bbd47fc00a2c39e90264f33305004495a9","hash":"7f3f185f4ae8e39661a52d5f55bbf0319eb5b49d"}
,"C:\\Users\\Maxime\\OneDrive\\Bureau\\Dev\\Projets\\SoSkate\\SoSkate-Mobile\\src\\features\\booking\\components\\BookingSummary.tsx": {"path":"C:\\Users\\Maxime\\OneDrive\\Bureau\\Dev\\Projets\\SoSkate\\SoSkate-Mobile\\src\\features\\booking\\components\\BookingSummary.tsx","statementMap":{"0":{"start":{"line":41,"column":46},"end":{"line":78,"column":1}},"1":{"start":{"line":47,"column":21},"end":{"line":47,"column":31}},"2":{"start":{"line":49,"column":2},"end":{"line":77,"column":4}},"3":{"start":{"line":80,"column":54},"end":{"line":320,"column":1}},"4":{"start":{"line":88,"column":21},"end":{"line":88,"column":31}},"5":{"start":{"line":91,"column":29},"end":{"line":100,"column":3}},"6":{"start":{"line":92,"column":17},"end":{"line":92,"column":37}},"7":{"start":{"line":93,"column":48},"end":{"line":98,"column":5}},"8":{"start":{"line":99,"column":4},"end":{"line":99,"column":53}},"9":{"start":{"line":103,"column":26},"end":{"line":106,"column":3}},"10":{"start":{"line":108,"column":2},"end":{"line":319,"column":4}},"11":{"start":{"line":324,"column":15},"end":{"line":382,"column":2}}},"fnMap":{"0":{"name":"(anonymous_0)","decl":{"start":{"line":41,"column":46},"end":{"line":41,"column":47}},"loc":{"start":{"line":46,"column":6},"end":{"line":78,"column":1}},"line":46},"1":{"name":"(anonymous_1)","decl":{"start":{"line":80,"column":54},"end":{"line":80,"column":55}},"loc":{"start":{"line":87,"column":6},"end":{"line":320,"column":1}},"line":87},"2":{"name":"(anonymous_2)","decl":{"start":{"line":91,"column":29},"end":{"line":91,"column":30}},"loc":{"start":{"line":91,"column":61},"end":{"line":100,"column":3}},"line":91}},"branchMap":{"0":{"loc":{"start":{"line":45,"column":2},"end":{"line":45,"column":19}},"type":"default-arg","locations":[{"start":{"line":45,"column":14},"end":{"line":45,"column":19}}],"line":45},"1":{"loc":{"start":{"line":54,"column":27},"end":{"line":56,"column":27}},"type":"cond-expr","locations":[{"start":{"line":55,"column":14},"end":{"line":55,"column":32}},{"start":{"line":56,"column":14},"end":{"line":56,"column":27}}],"line":54},"2":{"loc":{"start":{"line":57,"column":24},"end":{"line":57,"column":42}},"type":"cond-expr","locations":[{"start":{"line":57,"column":36},"end":{"line":57,"column":38}},{"start":{"line":57,"column":41},"end":{"line":57,"column":42}}],"line":57},"3":{"loc":{"start":{"line":58,"column":29},"end":{"line":58,"column":47}},"type":"cond-expr","locations":[{"start":{"line":58,"column":41},"end":{"line":58,"column":43}},{"start":{"line":58,"column":46},"end":{"line":58,"column":47}}],"line":58},"4":{"loc":{"start":{"line":59,"column":27},"end":{"line":59,"column":45}},"type":"cond-expr","locations":[{"start":{"line":59,"column":39},"end":{"line":59,"column":41}},{"start":{"line":59,"column":44},"end":{"line":59,"column":45}}],"line":59},"5":{"loc":{"start":{"line":71,"column":20},"end":{"line":71,"column":45}},"type":"cond-expr","locations":[{"start":{"line":71,"column":32},"end":{"line":71,"column":37}},{"start":{"line":71,"column":40},"end":{"line":71,"column":45}}],"line":71},"6":{"loc":{"start":{"line":72,"column":15},"end":{"line":72,"column":70}},"type":"cond-expr","locations":[{"start":{"line":72,"column":27},"end":{"line":72,"column":48}},{"start":{"line":72,"column":51},"end":{"line":72,"column":70}}],"line":72},"7":{"loc":{"start":{"line":110,"column":16},"end":{"line":110,"column":60}},"type":"cond-expr","locations":[{"start":{"line":110,"column":40},"end":{"line":110,"column":49}},{"start":{"line":110,"column":52},"end":{"line":110,"column":60}}],"line":110}},"s":{"0":0,"1":0,"2":0,"3":0,"4":0,"5":0,"6":0,"7":0,"8":0,"9":0,"10":0,"11":0},"f":{"0":0,"1":0,"2":0},"b":{"0":[0],"1":[0,0],"2":[0,0],"3":[0,0],"4":[0,0],"5":[0,0],"6":[0,0],"7":[0,0]}}
,"C:\\Users\\Maxime\\OneDrive\\Bureau\\Dev\\Projets\\SoSkate\\SoSkate-Mobile\\src\\features\\booking\\components\\DurationPicker.tsx": {"path":"C:\\Users\\Maxime\\OneDrive\\Bureau\\Dev\\Projets\\SoSkate\\SoSkate-Mobile\\src\\features\\booking\\components\\DurationPicker.tsx","statementMap":{"0":{"start":{"line":28,"column":26},"end":{"line":28,"column":69}},"1":{"start":{"line":38,"column":50},"end":{"line":118,"column":1}},"2":{"start":{"line":45,"column":21},"end":{"line":45,"column":31}},"3":{"start":{"line":46,"column":16},"end":{"line":46,"column":33}},"4":{"start":{"line":48,"column":24},"end":{"line":52,"column":3}},"5":{"start":{"line":49,"column":4},"end":{"line":51,"column":5}},"6":{"start":{"line":50,"column":6},"end":{"line":50,"column":37}},"7":{"start":{"line":54,"column":25},"end":{"line":56,"column":3}},"8":{"start":{"line":55,"column":4},"end":{"line":55,"column":32}},"9":{"start":{"line":58,"column":22},"end":{"line":63,"column":3}},"10":{"start":{"line":59,"column":4},"end":{"line":62,"column":5}},"11":{"start":{"line":60,"column":6},"end":{"line":60,"column":61}},"12":{"start":{"line":61,"column":6},"end":{"line":61,"column":16}},"13":{"start":{"line":65,"column":24},"end":{"line":67,"column":5}},"14":{"start":{"line":65,"column":48},"end":{"line":67,"column":3}},"15":{"start":{"line":69,"column":26},"end":{"line":73,"column":34}},"16":{"start":{"line":75,"column":22},"end":{"line":79,"column":29}},"17":{"start":{"line":81,"column":20},"end":{"line":85,"column":27}},"18":{"start":{"line":87,"column":2},"end":{"line":117,"column":4}},"19":{"start":{"line":120,"column":54},"end":{"line":181,"column":1}},"20":{"start":{"line":127,"column":21},"end":{"line":127,"column":31}},"21":{"start":{"line":129,"column":25},"end":{"line":133,"column":3}},"22":{"start":{"line":130,"column":4},"end":{"line":130,"column":35}},"23":{"start":{"line":130,"column":25},"end":{"line":130,"column":35}},"24":{"start":{"line":131,"column":23},"end":{"line":131,"column":74}},"25":{"start":{"line":132,"column":4},"end":{"line":132,"column":47}},"26":{"start":{"line":135,"column":22},"end":{"line":138,"column":3}},"27":{"start":{"line":136,"column":4},"end":{"line":136,"column":41}},"28":{"start":{"line":136,"column":29},"end":{"line":136,"column":41}},"29":{"start":{"line":137,"column":4},"end":{"line":137,"column":49}},"30":{"start":{"line":140,"column":2},"end":{"line":180,"column":4}},"31":{"start":{"line":148,"column":42},"end":{"line":148,"column":70}},"32":{"start":{"line":159,"column":10},"end":{"line":168,"column":12}},"33":{"start":{"line":164,"column":27},"end":{"line":164,"column":57}},"34":{"start":{"line":185,"column":15},"end":{"line":215,"column":2}}},"fnMap":{"0":{"name":"(anonymous_0)","decl":{"start":{"line":38,"column":50},"end":{"line":38,"column":51}},"loc":{"start":{"line":44,"column":6},"end":{"line":118,"column":1}},"line":44},"1":{"name":"(anonymous_1)","decl":{"start":{"line":48,"column":24},"end":{"line":48,"column":25}},"loc":{"start":{"line":48,"column":30},"end":{"line":52,"column":3}},"line":48},"2":{"name":"(anonymous_2)","decl":{"start":{"line":54,"column":25},"end":{"line":54,"column":26}},"loc":{"start":{"line":54,"column":31},"end":{"line":56,"column":3}},"line":54},"3":{"name":"(anonymous_3)","decl":{"start":{"line":58,"column":22},"end":{"line":58,"column":23}},"loc":{"start":{"line":58,"column":28},"end":{"line":63,"column":3}},"line":58},"4":{"name":"(anonymous_4)","decl":{"start":{"line":65,"column":41},"end":{"line":65,"column":42}},"loc":{"start":{"line":65,"column":48},"end":{"line":67,"column":3}},"line":65},"5":{"name":"(anonymous_5)","decl":{"start":{"line":120,"column":54},"end":{"line":120,"column":55}},"loc":{"start":{"line":126,"column":6},"end":{"line":181,"column":1}},"line":126},"6":{"name":"(anonymous_6)","decl":{"start":{"line":129,"column":25},"end":{"line":129,"column":26}},"loc":{"start":{"line":129,"column":62},"end":{"line":133,"column":3}},"line":129},"7":{"name":"(anonymous_7)","decl":{"start":{"line":135,"column":22},"end":{"line":135,"column":23}},"loc":{"start":{"line":135,"column":53},"end":{"line":138,"column":3}},"line":135},"8":{"name":"(anonymous_8)","decl":{"start":{"line":148,"column":35},"end":{"line":148,"column":36}},"loc":{"start":{"line":148,"column":42},"end":{"line":148,"column":70}},"line":148},"9":{"name":"(anonymous_9)","decl":{"start":{"line":158,"column":30},"end":{"line":158,"column":31}},"loc":{"start":{"line":159,"column":10},"end":{"line":168,"column":12}},"line":159},"10":{"name":"(anonymous_10)","decl":{"start":{"line":164,"column":21},"end":{"line":164,"column":22}},"loc":{"start":{"line":164,"column":27},"end":{"line":164,"column":57}},"line":164}},"branchMap":{"0":{"loc":{"start":{"line":49,"column":4},"end":{"line":51,"column":5}},"type":"if","locations":[{"start":{"line":49,"column":4},"end":{"line":51,"column":5}},{"start":{},"end":{}}],"line":49},"1":{"loc":{"start":{"line":59,"column":4},"end":{"line":62,"column":5}},"type":"if","locations":[{"start":{"line":59,"column":4},"end":{"line":62,"column":5}},{"start":{},"end":{}}],"line":59},"2":{"loc":{"start":{"line":69,"column":26},"end":{"line":73,"column":34}},"type":"cond-expr","locations":[{"start":{"line":70,"column":6},"end":{"line":70,"column":27}},{"start":{"line":71,"column":6},"end":{"line":73,"column":34}}],"line":69},"3":{"loc":{"start":{"line":71,"column":6},"end":{"line":73,"column":34}},"type":"cond-expr","locations":[{"start":{"line":72,"column":8},"end":{"line":72,"column":32}},{"start":{"line":73,"column":8},"end":{"line":73,"column":34}}],"line":71},"4":{"loc":{"start":{"line":75,"column":22},"end":{"line":79,"column":29}},"type":"cond-expr","locations":[{"start":{"line":76,"column":6},"end":{"line":76,"column":27}},{"start":{"line":77,"column":6},"end":{"line":79,"column":29}}],"line":75},"5":{"loc":{"start":{"line":77,"column":6},"end":{"line":79,"column":29}},"type":"cond-expr","locations":[{"start":{"line":78,"column":8},"end":{"line":78,"column":28}},{"start":{"line":79,"column":8},"end":{"line":79,"column":29}}],"line":77},"6":{"loc":{"start":{"line":81,"column":20},"end":{"line":85,"column":27}},"type":"cond-expr","locations":[{"start":{"line":82,"column":6},"end":{"line":82,"column":27}},{"start":{"line":83,"column":6},"end":{"line":85,"column":27}}],"line":81},"7":{"loc":{"start":{"line":83,"column":6},"end":{"line":85,"column":27}},"type":"cond-expr","locations":[{"start":{"line":84,"column":8},"end":{"line":84,"column":25}},{"start":{"line":85,"column":8},"end":{"line":85,"column":27}}],"line":83},"8":{"loc":{"start":{"line":98,"column":19},"end":{"line":98,"column":39}},"type":"cond-expr","locations":[{"start":{"line":98,"column":32},"end":{"line":98,"column":35}},{"start":{"line":98,"column":38},"end":{"line":98,"column":39}}],"line":98},"9":{"loc":{"start":{"line":103,"column":34},"end":{"line":103,"column":60}},"type":"cond-expr","locations":[{"start":{"line":103,"column":47},"end":{"line":103,"column":52}},{"start":{"line":103,"column":55},"end":{"line":103,"column":60}}],"line":103},"10":{"loc":{"start":{"line":107,"column":7},"end":{"line":115,"column":7}},"type":"binary-expr","locations":[{"start":{"line":107,"column":7},"end":{"line":107,"column":19}},{"start":{"line":108,"column":8},"end":{"line":114,"column":15}}],"line":107},"11":{"loc":{"start":{"line":111,"column":17},"end":{"line":111,"column":77}},"type":"cond-expr","locations":[{"start":{"line":111,"column":30},"end":{"line":111,"column":53}},{"start":{"line":111,"column":56},"end":{"line":111,"column":77}}],"line":111},"12":{"loc":{"start":{"line":124,"column":2},"end":{"line":124,"column":26}},"type":"default-arg","locations":[{"start":{"line":124,"column":21},"end":{"line":124,"column":26}}],"line":124},"13":{"loc":{"start":{"line":125,"column":2},"end":{"line":125,"column":20}},"type":"default-arg","locations":[{"start":{"line":125,"column":19},"end":{"line":125,"column":20}}],"line":125},"14":{"loc":{"start":{"line":130,"column":4},"end":{"line":130,"column":35}},"type":"if","locations":[{"start":{"line":130,"column":4},"end":{"line":130,"column":35}},{"start":{},"end":{}}],"line":130},"15":{"loc":{"start":{"line":136,"column":4},"end":{"line":136,"column":41}},"type":"if","locations":[{"start":{"line":136,"column":4},"end":{"line":136,"column":41}},{"start":{},"end":{}}],"line":136},"16":{"loc":{"start":{"line":146,"column":9},"end":{"line":150,"column":9}},"type":"binary-expr","locations":[{"start":{"line":146,"column":9},"end":{"line":146,"column":25}},{"start":{"line":147,"column":10},"end":{"line":149,"column":17}}],"line":146},"17":{"loc":{"start":{"line":166,"column":14},"end":{"line":166,"column":73}},"type":"cond-expr","locations":[{"start":{"line":166,"column":33},"end":{"line":166,"column":61}},{"start":{"line":166,"column":64},"end":{"line":166,"column":73}}],"line":166},"18":{"loc":{"start":{"line":173,"column":7},"end":{"line":178,"column":9}},"type":"binary-expr","locations":[{"start":{"line":173,"column":7},"end":{"line":173,"column":25}},{"start":{"line":174,"column":8},"end":{"line":174,"column":59}},{"start":{"line":175,"column":10},"end":{"line":177,"column":17}}],"line":173}},"s":{"0":0,"1":0,"2":0,"3":0,"4":0,"5":0,"6":0,"7":0,"8":0,"9":0,"10":0,"11":0,"12":0,"13":0,"14":0,"15":0,"16":0,"17":0,"18":0,"19":0,"20":0,"21":0,"22":0,"23":0,"24":0,"25":0,"26":0,"27":0,"28":0,"29":0,"30":0,"31":0,"32":0,"33":0,"34":0},"f":{"0":0,"1":0,"2":0,"3":0,"4":0,"5":0,"6":0,"7":0,"8":0,"9":0,"10":0},"b":{"0":[0,0],"1":[0,0],"2":[0,0],"3":[0,0],"4":[0,0],"5":[0,0],"6":[0,0],"7":[0,0],"8":[0,0],"9":[0,0],"10":[0,0],"11":[0,0],"12":[0],"13":[0],"14":[0,0],"15":[0,0],"16":[0,0],"17":[0,0],"18":[0,0,0]}}
,"C:\\Users\\Maxime\\OneDrive\\Bureau\\Dev\\Projets\\SoSkate\\SoSkate-Mobile\\src\\features\\booking\\components\\TimeSlotList.tsx": {"path":"C:\\Users\\Maxime\\OneDrive\\Bureau\\Dev\\Projets\\SoSkate\\SoSkate-Mobile\\src\\features\\booking\\components\\TimeSlotList.tsx","statementMap":{"0":{"start":{"line":27,"column":26},"end":{"line":27,"column":69}},"1":{"start":{"line":36,"column":42},"end":{"line":118,"column":1}},"2":{"start":{"line":42,"column":21},"end":{"line":42,"column":31}},"3":{"start":{"line":43,"column":16},"end":{"line":43,"column":33}},"4":{"start":{"line":45,"column":24},"end":{"line":47,"column":3}},"5":{"start":{"line":46,"column":4},"end":{"line":46,"column":35}},"6":{"start":{"line":49,"column":25},"end":{"line":51,"column":3}},"7":{"start":{"line":50,"column":4},"end":{"line":50,"column":32}},"8":{"start":{"line":53,"column":22},"end":{"line":56,"column":3}},"9":{"start":{"line":54,"column":4},"end":{"line":54,"column":60}},"10":{"start":{"line":55,"column":4},"end":{"line":55,"column":14}},"11":{"start":{"line":58,"column":24},"end":{"line":60,"column":5}},"12":{"start":{"line":58,"column":48},"end":{"line":60,"column":3}},"13":{"start":{"line":62,"column":2},"end":{"line":117,"column":4}},"14":{"start":{"line":120,"column":50},"end":{"line":221,"column":1}},"15":{"start":{"line":126,"column":21},"end":{"line":126,"column":31}},"16":{"start":{"line":129,"column":2},"end":{"line":150,"column":3}},"17":{"start":{"line":130,"column":4},"end":{"line":149,"column":6}},"18":{"start":{"line":139,"column":12},"end":{"line":145,"column":14}},"19":{"start":{"line":153,"column":2},"end":{"line":186,"column":3}},"20":{"start":{"line":154,"column":4},"end":{"line":185,"column":6}},"21":{"start":{"line":188,"column":2},"end":{"line":220,"column":4}},"22":{"start":{"line":206,"column":10},"end":{"line":216,"column":26}},"23":{"start":{"line":213,"column":29},"end":{"line":213,"column":47}},"24":{"start":{"line":225,"column":15},"end":{"line":279,"column":2}}},"fnMap":{"0":{"name":"(anonymous_0)","decl":{"start":{"line":36,"column":42},"end":{"line":36,"column":43}},"loc":{"start":{"line":41,"column":6},"end":{"line":118,"column":1}},"line":41},"1":{"name":"(anonymous_1)","decl":{"start":{"line":45,"column":24},"end":{"line":45,"column":25}},"loc":{"start":{"line":45,"column":30},"end":{"line":47,"column":3}},"line":45},"2":{"name":"(anonymous_2)","decl":{"start":{"line":49,"column":25},"end":{"line":49,"column":26}},"loc":{"start":{"line":49,"column":31},"end":{"line":51,"column":3}},"line":49},"3":{"name":"(anonymous_3)","decl":{"start":{"line":53,"column":22},"end":{"line":53,"column":23}},"loc":{"start":{"line":53,"column":28},"end":{"line":56,"column":3}},"line":53},"4":{"name":"(anonymous_4)","decl":{"start":{"line":58,"column":41},"end":{"line":58,"column":42}},"loc":{"start":{"line":58,"column":48},"end":{"line":60,"column":3}},"line":58},"5":{"name":"(anonymous_5)","decl":{"start":{"line":120,"column":50},"end":{"line":120,"column":51}},"loc":{"start":{"line":125,"column":6},"end":{"line":221,"column":1}},"line":125},"6":{"name":"(anonymous_6)","decl":{"start":{"line":138,"column":25},"end":{"line":138,"column":26}},"loc":{"start":{"line":139,"column":12},"end":{"line":145,"column":14}},"line":139},"7":{"name":"(anonymous_7)","decl":{"start":{"line":205,"column":19},"end":{"line":205,"column":20}},"loc":{"start":{"line":206,"column":10},"end":{"line":216,"column":26}},"line":206},"8":{"name":"(anonymous_8)","decl":{"start":{"line":213,"column":23},"end":{"line":213,"column":24}},"loc":{"start":{"line":213,"column":29},"end":{"line":213,"column":47}},"line":213}},"branchMap":{"0":{"loc":{"start":{"line":70,"column":27},"end":{"line":72,"column":38}},"type":"cond-expr","locations":[{"start":{"line":71,"column":14},"end":{"line":71,"column":35}},{"start":{"line":72,"column":14},"end":{"line":72,"column":38}}],"line":70},"1":{"loc":{"start":{"line":73,"column":23},"end":{"line":75,"column":35}},"type":"cond-expr","locations":[{"start":{"line":74,"column":14},"end":{"line":74,"column":35}},{"start":{"line":75,"column":14},"end":{"line":75,"column":35}}],"line":73},"2":{"loc":{"start":{"line":83,"column":17},"end":{"line":83,"column":75}},"type":"cond-expr","locations":[{"start":{"line":83,"column":30},"end":{"line":83,"column":51}},{"start":{"line":83,"column":54},"end":{"line":83,"column":75}}],"line":83},"3":{"loc":{"start":{"line":84,"column":18},"end":{"line":84,"column":49}},"type":"cond-expr","locations":[{"start":{"line":84,"column":31},"end":{"line":84,"column":37}},{"start":{"line":84,"column":40},"end":{"line":84,"column":49}}],"line":84},"4":{"loc":{"start":{"line":89,"column":22},"end":{"line":89,"column":48}},"type":"cond-expr","locations":[{"start":{"line":89,"column":35},"end":{"line":89,"column":40}},{"start":{"line":89,"column":43},"end":{"line":89,"column":48}}],"line":89},"5":{"loc":{"start":{"line":90,"column":17},"end":{"line":90,"column":73}},"type":"cond-expr","locations":[{"start":{"line":90,"column":30},"end":{"line":90,"column":51}},{"start":{"line":90,"column":54},"end":{"line":90,"column":73}}],"line":90},"6":{"loc":{"start":{"line":97,"column":17},"end":{"line":97,"column":71}},"type":"cond-expr","locations":[{"start":{"line":97,"column":30},"end":{"line":97,"column":51}},{"start":{"line":97,"column":54},"end":{"line":97,"column":71}}],"line":97},"7":{"loc":{"start":{"line":102,"column":22},"end":{"line":102,"column":48}},"type":"cond-expr","locations":[{"start":{"line":102,"column":35},"end":{"line":102,"column":40}},{"start":{"line":102,"column":43},"end":{"line":102,"column":48}}],"line":102},"8":{"loc":{"start":{"line":103,"column":17},"end":{"line":103,"column":73}},"type":"cond-expr","locations":[{"start":{"line":103,"column":30},"end":{"line":103,"column":51}},{"start":{"line":103,"column":54},"end":{"line":103,"column":73}}],"line":103},"9":{"loc":{"start":{"line":109,"column":7},"end":{"line":115,"column":7}},"type":"binary-expr","locations":[{"start":{"line":109,"column":7},"end":{"line":109,"column":17}},{"start":{"line":110,"column":8},"end":{"line":114,"column":10}}],"line":109},"10":{"loc":{"start":{"line":124,"column":2},"end":{"line":124,"column":19}},"type":"default-arg","locations":[{"start":{"line":124,"column":14},"end":{"line":124,"column":19}}],"line":124},"11":{"loc":{"start":{"line":129,"column":2},"end":{"line":150,"column":3}},"type":"if","locations":[{"start":{"line":129,"column":2},"end":{"line":150,"column":3}},{"start":{},"end":{}}],"line":129},"12":{"loc":{"start":{"line":153,"column":2},"end":{"line":186,"column":3}},"type":"if","locations":[{"start":{"line":153,"column":2},"end":{"line":186,"column":3}},{"start":{},"end":{}}],"line":153},"13":{"loc":{"start":{"line":195,"column":33},"end":{"line":195,"column":60}},"type":"cond-expr","locations":[{"start":{"line":195,"column":52},"end":{"line":195,"column":55}},{"start":{"line":195,"column":58},"end":{"line":195,"column":60}}],"line":195}},"s":{"0":0,"1":0,"2":0,"3":0,"4":0,"5":0,"6":0,"7":0,"8":0,"9":0,"10":0,"11":0,"12":0,"13":0,"14":0,"15":0,"16":0,"17":0,"18":0,"19":0,"20":0,"21":0,"22":0,"23":0,"24":0},"f":{"0":0,"1":0,"2":0,"3":0,"4":0,"5":0,"6":0,"7":0,"8":0},"b":{"0":[0,0],"1":[0,0],"2":[0,0],"3":[0,0],"4":[0,0],"5":[0,0],"6":[0,0],"7":[0,0],"8":[0,0],"9":[0,0],"10":[0],"11":[0,0],"12":[0,0],"13":[0,0]}}
,"C:\\Users\\Maxime\\OneDrive\\Bureau\\Dev\\Projets\\SoSkate\\SoSkate-Mobile\\src\\features\\booking\\components\\WeekCalendar.tsx": {"path":"C:\\Users\\Maxime\\OneDrive\\Bureau\\Dev\\Projets\\SoSkate\\SoSkate-Mobile\\src\\features\\booking\\components\\WeekCalendar.tsx","statementMap":{"0":{"start":{"line":22,"column":19},"end":{"line":22,"column":68}},"1":{"start":{"line":23,"column":15},"end":{"line":36,"column":1}},"2":{"start":{"line":47,"column":24},"end":{"line":50,"column":1}},"3":{"start":{"line":48,"column":15},"end":{"line":48,"column":53}},"4":{"start":{"line":49,"column":2},"end":{"line":49,"column":14}},"5":{"start":{"line":55,"column":22},"end":{"line":58,"column":1}},"6":{"start":{"line":56,"column":14},"end":{"line":56,"column":24}},"7":{"start":{"line":57,"column":2},"end":{"line":57,"column":75}},"8":{"start":{"line":64,"column":25},"end":{"line":69,"column":1}},"9":{"start":{"line":65,"column":15},"end":{"line":65,"column":33}},"10":{"start":{"line":66,"column":16},"end":{"line":66,"column":60}},"11":{"start":{"line":67,"column":14},"end":{"line":67,"column":53}},"12":{"start":{"line":68,"column":2},"end":{"line":68,"column":35}},"13":{"start":{"line":74,"column":24},"end":{"line":77,"column":1}},"14":{"start":{"line":75,"column":29},"end":{"line":75,"column":59}},"15":{"start":{"line":76,"column":2},"end":{"line":76,"column":47}},"16":{"start":{"line":82,"column":21},"end":{"line":90,"column":1}},"17":{"start":{"line":83,"column":12},"end":{"line":83,"column":36}},"18":{"start":{"line":84,"column":14},"end":{"line":84,"column":24}},"19":{"start":{"line":87,"column":15},"end":{"line":87,"column":39}},"20":{"start":{"line":88,"column":2},"end":{"line":88,"column":32}},"21":{"start":{"line":89,"column":2},"end":{"line":89,"column":69}},"22":{"start":{"line":95,"column":20},"end":{"line":103,"column":1}},"23":{"start":{"line":96,"column":23},"end":{"line":96,"column":25}},"24":{"start":{"line":97,"column":2},"end":{"line":101,"column":3}},"25":{"start":{"line":97,"column":15},"end":{"line":97,"column":16}},"26":{"start":{"line":98,"column":16},"end":{"line":98,"column":45}},"27":{"start":{"line":99,"column":4},"end":{"line":99,"column":41}},"28":{"start":{"line":100,"column":4},"end":{"line":100,"column":19}},"29":{"start":{"line":102,"column":2},"end":{"line":102,"column":14}},"30":{"start":{"line":108,"column":18},"end":{"line":114,"column":1}},"31":{"start":{"line":109,"column":2},"end":{"line":113,"column":4}},"32":{"start":{"line":119,"column":17},"end":{"line":131,"column":1}},"33":{"start":{"line":120,"column":13},"end":{"line":124,"column":3}},"34":{"start":{"line":125,"column":13},"end":{"line":129,"column":3}},"35":{"start":{"line":130,"column":2},"end":{"line":130,"column":37}},"36":{"start":{"line":137,"column":50},"end":{"line":367,"column":1}},"37":{"start":{"line":140,"column":26},"end":{"line":140,"column":30}},"38":{"start":{"line":143,"column":21},"end":{"line":143,"column":31}},"39":{"start":{"line":146,"column":16},"end":{"line":146,"column":50}},"40":{"start":{"line":146,"column":30},"end":{"line":146,"column":45}},"41":{"start":{"line":149,"column":28},"end":{"line":151,"column":22}},"42":{"start":{"line":150,"column":4},"end":{"line":150,"column":54}},"43":{"start":{"line":154,"column":50},"end":{"line":156,"column":3}},"44":{"start":{"line":155,"column":4},"end":{"line":155,"column":23}},"45":{"start":{"line":159,"column":19},"end":{"line":162,"column":3}},"46":{"start":{"line":160,"column":10},"end":{"line":160,"column":39}},"47":{"start":{"line":165,"column":22},"end":{"line":174,"column":16}},"48":{"start":{"line":166,"column":21},"end":{"line":166,"column":32}},"49":{"start":{"line":167,"column":20},"end":{"line":167,"column":31}},"50":{"start":{"line":169,"column":4},"end":{"line":171,"column":5}},"51":{"start":{"line":170,"column":6},"end":{"line":170,"column":72}},"52":{"start":{"line":173,"column":4},"end":{"line":173,"column":125}},"53":{"start":{"line":177,"column":27},"end":{"line":187,"column":3}},"54":{"start":{"line":178,"column":21},"end":{"line":178,"column":57}},"55":{"start":{"line":179,"column":4},"end":{"line":179,"column":45}},"56":{"start":{"line":182,"column":27},"end":{"line":182,"column":46}},"57":{"start":{"line":183,"column":4},"end":{"line":186,"column":5}},"58":{"start":{"line":184,"column":6},"end":{"line":184,"column":36}},"59":{"start":{"line":185,"column":6},"end":{"line":185,"column":61}},"60":{"start":{"line":189,"column":23},"end":{"line":194,"column":3}},"61":{"start":{"line":190,"column":21},"end":{"line":190,"column":57}},"62":{"start":{"line":191,"column":4},"end":{"line":191,"column":45}},"63":{"start":{"line":192,"column":4},"end":{"line":192,"column":34}},"64":{"start":{"line":193,"column":4},"end":{"line":193,"column":59}},"65":{"start":{"line":196,"column":24},"end":{"line":199,"column":31}},"66":{"start":{"line":197,"column":27},"end":{"line":197,"column":46}},"67":{"start":{"line":198,"column":4},"end":{"line":198,"column":65}},"68":{"start":{"line":202,"column":25},"end":{"line":211,"column":3}},"69":{"start":{"line":203,"column":23},"end":{"line":203,"column":45}},"70":{"start":{"line":204,"column":21},"end":{"line":204,"column":48}},"71":{"start":{"line":205,"column":19},"end":{"line":205,"column":52}},"72":{"start":{"line":207,"column":4},"end":{"line":210,"column":5}},"73":{"start":{"line":208,"column":6},"end":{"line":208,"column":31}},"74":{"start":{"line":209,"column":6},"end":{"line":209,"column":62}},"75":{"start":{"line":213,"column":2},"end":{"line":366,"column":4}},"76":{"start":{"line":259,"column":29},"end":{"line":259,"column":50}},"77":{"start":{"line":260,"column":29},"end":{"line":260,"column":56}},"78":{"start":{"line":261,"column":26},"end":{"line":261,"column":47}},"79":{"start":{"line":262,"column":25},"end":{"line":262,"column":57}},"80":{"start":{"line":263,"column":27},"end":{"line":263,"column":54}},"81":{"start":{"line":264,"column":29},"end":{"line":264,"column":48}},"82":{"start":{"line":266,"column":10},"end":{"line":342,"column":12}},"83":{"start":{"line":269,"column":29},"end":{"line":269,"column":48}},"84":{"start":{"line":371,"column":15},"end":{"line":430,"column":2}}},"fnMap":{"0":{"name":"(anonymous_0)","decl":{"start":{"line":47,"column":24},"end":{"line":47,"column":25}},"loc":{"start":{"line":47,"column":76},"end":{"line":50,"column":1}},"line":47},"1":{"name":"(anonymous_1)","decl":{"start":{"line":55,"column":22},"end":{"line":55,"column":23}},"loc":{"start":{"line":55,"column":34},"end":{"line":58,"column":1}},"line":55},"2":{"name":"(anonymous_2)","decl":{"start":{"line":64,"column":25},"end":{"line":64,"column":26}},"loc":{"start":{"line":64,"column":49},"end":{"line":69,"column":1}},"line":64},"3":{"name":"(anonymous_3)","decl":{"start":{"line":74,"column":24},"end":{"line":74,"column":25}},"loc":{"start":{"line":74,"column":51},"end":{"line":77,"column":1}},"line":74},"4":{"name":"(anonymous_4)","decl":{"start":{"line":82,"column":21},"end":{"line":82,"column":22}},"loc":{"start":{"line":82,"column":43},"end":{"line":90,"column":1}},"line":82},"5":{"name":"(anonymous_5)","decl":{"start":{"line":95,"column":20},"end":{"line":95,"column":21}},"loc":{"start":{"line":95,"column":49},"end":{"line":103,"column":1}},"line":95},"6":{"name":"(anonymous_6)","decl":{"start":{"line":108,"column":18},"end":{"line":108,"column":19}},"loc":{"start":{"line":108,"column":57},"end":{"line":114,"column":1}},"line":108},"7":{"name":"(anonymous_7)","decl":{"start":{"line":119,"column":17},"end":{"line":119,"column":18}},"loc":{"start":{"line":119,"column":56},"end":{"line":131,"column":1}},"line":119},"8":{"name":"(anonymous_8)","decl":{"start":{"line":137,"column":50},"end":{"line":137,"column":51}},"loc":{"start":{"line":142,"column":6},"end":{"line":367,"column":1}},"line":142},"9":{"name":"(anonymous_9)","decl":{"start":{"line":140,"column":20},"end":{"line":140,"column":21}},"loc":{"start":{"line":140,"column":26},"end":{"line":140,"column":30}},"line":140},"10":{"name":"(anonymous_10)","decl":{"start":{"line":146,"column":24},"end":{"line":146,"column":25}},"loc":{"start":{"line":146,"column":30},"end":{"line":146,"column":45}},"line":146},"11":{"name":"(anonymous_11)","decl":{"start":{"line":149,"column":36},"end":{"line":149,"column":37}},"loc":{"start":{"line":149,"column":42},"end":{"line":151,"column":3}},"line":149},"12":{"name":"(anonymous_12)","decl":{"start":{"line":154,"column":59},"end":{"line":154,"column":60}},"loc":{"start":{"line":155,"column":4},"end":{"line":155,"column":23}},"line":155},"13":{"name":"(anonymous_13)","decl":{"start":{"line":160,"column":4},"end":{"line":160,"column":5}},"loc":{"start":{"line":160,"column":10},"end":{"line":160,"column":39}},"line":160},"14":{"name":"(anonymous_14)","decl":{"start":{"line":165,"column":30},"end":{"line":165,"column":31}},"loc":{"start":{"line":165,"column":36},"end":{"line":174,"column":3}},"line":165},"15":{"name":"(anonymous_15)","decl":{"start":{"line":177,"column":27},"end":{"line":177,"column":28}},"loc":{"start":{"line":177,"column":33},"end":{"line":187,"column":3}},"line":177},"16":{"name":"(anonymous_16)","decl":{"start":{"line":189,"column":23},"end":{"line":189,"column":24}},"loc":{"start":{"line":189,"column":29},"end":{"line":194,"column":3}},"line":189},"17":{"name":"(anonymous_17)","decl":{"start":{"line":196,"column":32},"end":{"line":196,"column":33}},"loc":{"start":{"line":196,"column":38},"end":{"line":199,"column":3}},"line":196},"18":{"name":"(anonymous_18)","decl":{"start":{"line":202,"column":25},"end":{"line":202,"column":26}},"loc":{"start":{"line":202,"column":41},"end":{"line":211,"column":3}},"line":202},"19":{"name":"(anonymous_19)","decl":{"start":{"line":258,"column":22},"end":{"line":258,"column":23}},"loc":{"start":{"line":258,"column":38},"end":{"line":343,"column":9}},"line":258},"20":{"name":"(anonymous_20)","decl":{"start":{"line":269,"column":23},"end":{"line":269,"column":24}},"loc":{"start":{"line":269,"column":29},"end":{"line":269,"column":48}},"line":269}},"branchMap":{"0":{"loc":{"start":{"line":87,"column":15},"end":{"line":87,"column":39}},"type":"cond-expr","locations":[{"start":{"line":87,"column":27},"end":{"line":87,"column":29}},{"start":{"line":87,"column":32},"end":{"line":87,"column":39}}],"line":87},"1":{"loc":{"start":{"line":110,"column":4},"end":{"line":112,"column":39}},"type":"binary-expr","locations":[{"start":{"line":110,"column":4},"end":{"line":110,"column":47}},{"start":{"line":111,"column":4},"end":{"line":111,"column":41}},{"start":{"line":112,"column":4},"end":{"line":112,"column":39}}],"line":110},"2":{"loc":{"start":{"line":140,"column":2},"end":{"line":140,"column":30}},"type":"default-arg","locations":[{"start":{"line":140,"column":20},"end":{"line":140,"column":30}}],"line":140},"3":{"loc":{"start":{"line":150,"column":11},"end":{"line":150,"column":53}},"type":"cond-expr","locations":[{"start":{"line":150,"column":21},"end":{"line":150,"column":45}},{"start":{"line":150,"column":48},"end":{"line":150,"column":53}}],"line":150},"4":{"loc":{"start":{"line":169,"column":4},"end":{"line":171,"column":5}},"type":"if","locations":[{"start":{"line":169,"column":4},"end":{"line":171,"column":5}},{"start":{},"end":{}}],"line":169},"5":{"loc":{"start":{"line":183,"column":4},"end":{"line":186,"column":5}},"type":"if","locations":[{"start":{"line":183,"column":4},"end":{"line":186,"column":5}},{"start":{},"end":{}}],"line":183},"6":{"loc":{"start":{"line":207,"column":4},"end":{"line":210,"column":5}},"type":"if","locations":[{"start":{"line":207,"column":4},"end":{"line":210,"column":5}},{"start":{},"end":{}}],"line":207},"7":{"loc":{"start":{"line":207,"column":8},"end":{"line":207,"column":27}},"type":"binary-expr","locations":[{"start":{"line":207,"column":8},"end":{"line":207,"column":15}},{"start":{"line":207,"column":19},"end":{"line":207,"column":27}}],"line":207},"8":{"loc":{"start":{"line":224,"column":23},"end":{"line":224,"column":46}},"type":"cond-expr","locations":[{"start":{"line":224,"column":39},"end":{"line":224,"column":40}},{"start":{"line":224,"column":43},"end":{"line":224,"column":46}}],"line":224},"9":{"loc":{"start":{"line":264,"column":29},"end":{"line":264,"column":48}},"type":"binary-expr","locations":[{"start":{"line":264,"column":29},"end":{"line":264,"column":35}},{"start":{"line":264,"column":39},"end":{"line":264,"column":48}}],"line":264},"10":{"loc":{"start":{"line":273,"column":16},"end":{"line":275,"column":17}},"type":"binary-expr","locations":[{"start":{"line":273,"column":16},"end":{"line":273,"column":26}},{"start":{"line":273,"column":30},"end":{"line":275,"column":17}}],"line":273},"11":{"loc":{"start":{"line":276,"column":16},"end":{"line":279,"column":19}},"type":"binary-expr","locations":[{"start":{"line":276,"column":16},"end":{"line":276,"column":27}},{"start":{"line":277,"column":18},"end":{"line":277,"column":29}},{"start":{"line":277,"column":33},"end":{"line":279,"column":19}}],"line":276},"12":{"loc":{"start":{"line":280,"column":16},"end":{"line":282,"column":17}},"type":"binary-expr","locations":[{"start":{"line":280,"column":16},"end":{"line":280,"column":26}},{"start":{"line":280,"column":30},"end":{"line":282,"column":17}}],"line":280},"13":{"loc":{"start":{"line":290,"column":18},"end":{"line":294,"column":45}},"type":"cond-expr","locations":[{"start":{"line":291,"column":22},"end":{"line":291,"column":43}},{"start":{"line":292,"column":22},"end":{"line":294,"column":45}}],"line":290},"14":{"loc":{"start":{"line":292,"column":22},"end":{"line":294,"column":45}},"type":"cond-expr","locations":[{"start":{"line":293,"column":24},"end":{"line":293,"column":41}},{"start":{"line":294,"column":24},"end":{"line":294,"column":45}}],"line":292},"15":{"loc":{"start":{"line":303,"column":28},"end":{"line":303,"column":65}},"type":"cond-expr","locations":[{"start":{"line":303,"column":52},"end":{"line":303,"column":57}},{"start":{"line":303,"column":60},"end":{"line":303,"column":65}}],"line":303},"16":{"loc":{"start":{"line":303,"column":28},"end":{"line":303,"column":49}},"type":"binary-expr","locations":[{"start":{"line":303,"column":28},"end":{"line":303,"column":38}},{"start":{"line":303,"column":42},"end":{"line":303,"column":49}}],"line":303},"17":{"loc":{"start":{"line":305,"column":18},"end":{"line":309,"column":43}},"type":"cond-expr","locations":[{"start":{"line":306,"column":22},"end":{"line":306,"column":43}},{"start":{"line":307,"column":22},"end":{"line":309,"column":43}}],"line":305},"18":{"loc":{"start":{"line":307,"column":22},"end":{"line":309,"column":43}},"type":"cond-expr","locations":[{"start":{"line":308,"column":24},"end":{"line":308,"column":41}},{"start":{"line":309,"column":24},"end":{"line":309,"column":43}}],"line":307},"19":{"loc":{"start":{"line":316,"column":15},"end":{"line":323,"column":15}},"type":"binary-expr","locations":[{"start":{"line":316,"column":15},"end":{"line":316,"column":22}},{"start":{"line":316,"column":26},"end":{"line":316,"column":37}},{"start":{"line":317,"column":16},"end":{"line":322,"column":18}}],"line":316},"20":{"loc":{"start":{"line":326,"column":15},"end":{"line":333,"column":15}},"type":"binary-expr","locations":[{"start":{"line":326,"column":15},"end":{"line":326,"column":22}},{"start":{"line":326,"column":26},"end":{"line":326,"column":34}},{"start":{"line":326,"column":38},"end":{"line":326,"column":49}},{"start":{"line":327,"column":16},"end":{"line":332,"column":18}}],"line":326},"21":{"loc":{"start":{"line":336,"column":15},"end":{"line":340,"column":15}},"type":"binary-expr","locations":[{"start":{"line":336,"column":15},"end":{"line":336,"column":22}},{"start":{"line":336,"column":26},"end":{"line":336,"column":35}},{"start":{"line":337,"column":16},"end":{"line":339,"column":23}}],"line":336}},"s":{"0":0,"1":0,"2":0,"3":0,"4":0,"5":0,"6":0,"7":0,"8":0,"9":0,"10":0,"11":0,"12":0,"13":0,"14":0,"15":0,"16":0,"17":0,"18":0,"19":0,"20":0,"21":0,"22":0,"23":0,"24":0,"25":0,"26":0,"27":0,"28":0,"29":0,"30":0,"31":0,"32":0,"33":0,"34":0,"35":0,"36":0,"37":0,"38":0,"39":0,"40":0,"41":0,"42":0,"43":0,"44":0,"45":0,"46":0,"47":0,"48":0,"49":0,"50":0,"51":0,"52":0,"53":0,"54":0,"55":0,"56":0,"57":0,"58":0,"59":0,"60":0,"61":0,"62":0,"63":0,"64":0,"65":0,"66":0,"67":0,"68":0,"69":0,"70":0,"71":0,"72":0,"73":0,"74":0,"75":0,"76":0,"77":0,"78":0,"79":0,"80":0,"81":0,"82":0,"83":0,"84":0},"f":{"0":0,"1":0,"2":0,"3":0,"4":0,"5":0,"6":0,"7":0,"8":0,"9":0,"10":0,"11":0,"12":0,"13":0,"14":0,"15":0,"16":0,"17":0,"18":0,"19":0,"20":0},"b":{"0":[0,0],"1":[0,0,0],"2":[0],"3":[0,0],"4":[0,0],"5":[0,0],"6":[0,0],"7":[0,0],"8":[0,0],"9":[0,0],"10":[0,0],"11":[0,0,0],"12":[0,0],"13":[0,0],"14":[0,0],"15":[0,0],"16":[0,0],"17":[0,0],"18":[0,0],"19":[0,0,0],"20":[0,0,0,0],"21":[0,0,0]}}
,"C:\\Users\\Maxime\\OneDrive\\Bureau\\Dev\\Projets\\SoSkate\\SoSkate-Mobile\\src\\features\\booking\\hooks\\useAvailability.ts": {"path":"C:\\Users\\Maxime\\OneDrive\\Bureau\\Dev\\Projets\\SoSkate\\SoSkate-Mobile\\src\\features\\booking\\hooks\\useAvailability.ts","statementMap":{"0":{"start":{"line":46,"column":31},"end":{"line":174,"column":1}},"1":{"start":{"line":50,"column":46},"end":{"line":52,"column":3}},"2":{"start":{"line":53,"column":58},"end":{"line":55,"column":14}},"3":{"start":{"line":56,"column":36},"end":{"line":56,"column":51}},"4":{"start":{"line":57,"column":46},"end":{"line":57,"column":61}},"5":{"start":{"line":58,"column":28},"end":{"line":58,"column":57}},"6":{"start":{"line":64,"column":30},"end":{"line":96,"column":20}},"7":{"start":{"line":65,"column":4},"end":{"line":65,"column":30}},"8":{"start":{"line":65,"column":23},"end":{"line":65,"column":30}},"9":{"start":{"line":67,"column":4},"end":{"line":67,"column":23}},"10":{"start":{"line":68,"column":4},"end":{"line":68,"column":19}},"11":{"start":{"line":70,"column":4},"end":{"line":95,"column":5}},"12":{"start":{"line":71,"column":19},"end":{"line":71,"column":66}},"13":{"start":{"line":74,"column":20},"end":{"line":74,"column":30}},"14":{"start":{"line":75,"column":23},"end":{"line":75,"column":140}},"15":{"start":{"line":77,"column":34},"end":{"line":79,"column":7}},"16":{"start":{"line":78,"column":15},"end":{"line":78,"column":61}},"17":{"start":{"line":81,"column":6},"end":{"line":81,"column":45}},"18":{"start":{"line":84,"column":21},"end":{"line":84,"column":62}},"19":{"start":{"line":85,"column":6},"end":{"line":88,"column":9}},"20":{"start":{"line":86,"column":25},"end":{"line":86,"column":60}},"21":{"start":{"line":87,"column":8},"end":{"line":87,"column":67}},"22":{"start":{"line":89,"column":6},"end":{"line":89,"column":38}},"23":{"start":{"line":91,"column":6},"end":{"line":91,"column":61}},"24":{"start":{"line":92,"column":6},"end":{"line":92,"column":59}},"25":{"start":{"line":94,"column":6},"end":{"line":94,"column":26}},"26":{"start":{"line":101,"column":2},"end":{"line":103,"column":28}},"27":{"start":{"line":102,"column":4},"end":{"line":102,"column":26}},"28":{"start":{"line":108,"column":33},"end":{"line":114,"column":3}},"29":{"start":{"line":110,"column":33},"end":{"line":110,"column":63}},"30":{"start":{"line":111,"column":6},"end":{"line":111,"column":79}},"31":{"start":{"line":120,"column":28},"end":{"line":145,"column":3}},"32":{"start":{"line":122,"column":6},"end":{"line":124,"column":7}},"33":{"start":{"line":123,"column":8},"end":{"line":123,"column":18}},"34":{"start":{"line":126,"column":6},"end":{"line":126,"column":30}},"35":{"start":{"line":128,"column":6},"end":{"line":142,"column":7}},"36":{"start":{"line":129,"column":22},"end":{"line":134,"column":9}},"37":{"start":{"line":135,"column":8},"end":{"line":135,"column":21}},"38":{"start":{"line":137,"column":8},"end":{"line":137,"column":57}},"39":{"start":{"line":138,"column":8},"end":{"line":138,"column":55}},"40":{"start":{"line":139,"column":8},"end":{"line":139,"column":18}},"41":{"start":{"line":141,"column":8},"end":{"line":141,"column":33}},"42":{"start":{"line":152,"column":39},"end":{"line":161,"column":3}},"43":{"start":{"line":154,"column":24},"end":{"line":154,"column":52}},"44":{"start":{"line":155,"column":6},"end":{"line":155,"column":32}},"45":{"start":{"line":155,"column":22},"end":{"line":155,"column":32}},"46":{"start":{"line":158,"column":6},"end":{"line":158,"column":50}},"47":{"start":{"line":158,"column":41},"end":{"line":158,"column":48}},"48":{"start":{"line":163,"column":2},"end":{"line":173,"column":4}}},"fnMap":{"0":{"name":"(anonymous_0)","decl":{"start":{"line":46,"column":31},"end":{"line":46,"column":32}},"loc":{"start":{"line":49,"column":52},"end":{"line":174,"column":1}},"line":49},"1":{"name":"(anonymous_1)","decl":{"start":{"line":64,"column":42},"end":{"line":64,"column":43}},"loc":{"start":{"line":64,"column":54},"end":{"line":96,"column":3}},"line":64},"2":{"name":"(anonymous_2)","decl":{"start":{"line":78,"column":8},"end":{"line":78,"column":9}},"loc":{"start":{"line":78,"column":15},"end":{"line":78,"column":61}},"line":78},"3":{"name":"(anonymous_3)","decl":{"start":{"line":85,"column":34},"end":{"line":85,"column":35}},"loc":{"start":{"line":85,"column":52},"end":{"line":88,"column":7}},"line":85},"4":{"name":"(anonymous_4)","decl":{"start":{"line":101,"column":12},"end":{"line":101,"column":13}},"loc":{"start":{"line":101,"column":18},"end":{"line":103,"column":3}},"line":101},"5":{"name":"(anonymous_5)","decl":{"start":{"line":109,"column":4},"end":{"line":109,"column":5}},"loc":{"start":{"line":109,"column":31},"end":{"line":112,"column":5}},"line":109},"6":{"name":"(anonymous_6)","decl":{"start":{"line":121,"column":4},"end":{"line":121,"column":5}},"loc":{"start":{"line":121,"column":74},"end":{"line":143,"column":5}},"line":121},"7":{"name":"(anonymous_7)","decl":{"start":{"line":153,"column":4},"end":{"line":153,"column":5}},"loc":{"start":{"line":153,"column":32},"end":{"line":159,"column":5}},"line":153},"8":{"name":"(anonymous_8)","decl":{"start":{"line":158,"column":34},"end":{"line":158,"column":35}},"loc":{"start":{"line":158,"column":41},"end":{"line":158,"column":48}},"line":158}},"branchMap":{"0":{"loc":{"start":{"line":65,"column":4},"end":{"line":65,"column":30}},"type":"if","locations":[{"start":{"line":65,"column":4},"end":{"line":65,"column":30}},{"start":{},"end":{}}],"line":65},"1":{"loc":{"start":{"line":78,"column":15},"end":{"line":78,"column":61}},"type":"binary-expr","locations":[{"start":{"line":78,"column":15},"end":{"line":78,"column":39}},{"start":{"line":78,"column":43},"end":{"line":78,"column":61}}],"line":78},"2":{"loc":{"start":{"line":86,"column":25},"end":{"line":86,"column":60}},"type":"binary-expr","locations":[{"start":{"line":86,"column":25},"end":{"line":86,"column":54}},{"start":{"line":86,"column":58},"end":{"line":86,"column":60}}],"line":86},"3":{"loc":{"start":{"line":111,"column":13},"end":{"line":111,"column":78}},"type":"binary-expr","locations":[{"start":{"line":111,"column":13},"end":{"line":111,"column":45}},{"start":{"line":111,"column":49},"end":{"line":111,"column":78}}],"line":111},"4":{"loc":{"start":{"line":122,"column":6},"end":{"line":124,"column":7}},"type":"if","locations":[{"start":{"line":122,"column":6},"end":{"line":124,"column":7}},{"start":{},"end":{}}],"line":122},"5":{"loc":{"start":{"line":122,"column":10},"end":{"line":122,"column":34}},"type":"binary-expr","locations":[{"start":{"line":122,"column":10},"end":{"line":122,"column":23}},{"start":{"line":122,"column":27},"end":{"line":122,"column":34}}],"line":122},"6":{"loc":{"start":{"line":155,"column":6},"end":{"line":155,"column":32}},"type":"if","locations":[{"start":{"line":155,"column":6},"end":{"line":155,"column":32}},{"start":{},"end":{}}],"line":155}},"s":{"0":0,"1":0,"2":0,"3":0,"4":0,"5":0,"6":0,"7":0,"8":0,"9":0,"10":0,"11":0,"12":0,"13":0,"14":0,"15":0,"16":0,"17":0,"18":0,"19":0,"20":0,"21":0,"22":0,"23":0,"24":0,"25":0,"26":0,"27":0,"28":0,"29":0,"30":0,"31":0,"32":0,"33":0,"34":0,"35":0,"36":0,"37":0,"38":0,"39":0,"40":0,"41":0,"42":0,"43":0,"44":0,"45":0,"46":0,"47":0,"48":0},"f":{"0":0,"1":0,"2":0,"3":0,"4":0,"5":0,"6":0,"7":0,"8":0},"b":{"0":[0,0],"1":[0,0],"2":[0,0],"3":[0,0],"4":[0,0],"5":[0,0],"6":[0,0]}}
[...]
,"C:\\Users\\Maxime\\OneDrive\\Bureau\\Dev\\Projets\\SoSkate\\SoSkate-Mobile\\src\\shared\\ui\\media\\Avatar.tsx": {"path":"C:\\Users\\Maxime\\OneDrive\\Bureau\\Dev\\Projets\\SoSkate\\SoSkate-Mobile\\src\\shared\\ui\\media\\Avatar.tsx","statementMap":{"0":{"start":{"line":51,"column":42},"end":{"line":57,"column":1}},"1":{"start":{"line":59,"column":54},"end":{"line":65,"column":1}},"2":{"start":{"line":67,"column":57},"end":{"line":73,"column":1}},"3":{"start":{"line":78,"column":45},"end":{"line":204,"column":1}},"4":{"start":{"line":89,"column":21},"end":{"line":89,"column":31}},"5":{"start":{"line":92,"column":21},"end":{"line":92,"column":46}},"6":{"start":{"line":93,"column":25},"end":{"line":95,"column":29}},"7":{"start":{"line":96,"column":28},"end":{"line":98,"column":32}},"8":{"start":{"line":99,"column":22},"end":{"line":99,"column":45}},"9":{"start":{"line":102,"column":25},"end":{"line":104,"column":66}},"10":{"start":{"line":107,"column":21},"end":{"line":107,"column":47}},"11":{"start":{"line":109,"column":2},"end":{"line":203,"column":4}},"12":{"start":{"line":209,"column":15},"end":{"line":246,"column":2}}},"fnMap":{"0":{"name":"(anonymous_0)","decl":{"start":{"line":78,"column":45},"end":{"line":78,"column":46}},"loc":{"start":{"line":88,"column":6},"end":{"line":204,"column":1}},"line":88}},"branchMap":{"0":{"loc":{"start":{"line":80,"column":2},"end":{"line":80,"column":15}},"type":"default-arg","locations":[{"start":{"line":80,"column":9},"end":{"line":80,"column":15}}],"line":80},"1":{"loc":{"start":{"line":81,"column":2},"end":{"line":81,"column":13}},"type":"default-arg","locations":[{"start":{"line":81,"column":9},"end":{"line":81,"column":13}}],"line":81},"2":{"loc":{"start":{"line":83,"column":2},"end":{"line":83,"column":18}},"type":"default-arg","locations":[{"start":{"line":83,"column":13},"end":{"line":83,"column":18}}],"line":83},"3":{"loc":{"start":{"line":85,"column":2},"end":{"line":85,"column":17}},"type":"default-arg","locations":[{"start":{"line":85,"column":12},"end":{"line":85,"column":17}}],"line":85},"4":{"loc":{"start":{"line":86,"column":2},"end":{"line":86,"column":18}},"type":"default-arg","locations":[{"start":{"line":86,"column":13},"end":{"line":86,"column":18}}],"line":86},"5":{"loc":{"start":{"line":92,"column":21},"end":{"line":92,"column":46}},"type":"binary-expr","locations":[{"start":{"line":92,"column":21},"end":{"line":92,"column":31}},{"start":{"line":92,"column":35},"end":{"line":92,"column":46}}],"line":92},"6":{"loc":{"start":{"line":93,"column":25},"end":{"line":95,"column":29}},"type":"cond-expr","locations":[{"start":{"line":94,"column":6},"end":{"line":94,"column":34}},{"start":{"line":95,"column":6},"end":{"line":95,"column":29}}],"line":93},"7":{"loc":{"start":{"line":96,"column":28},"end":{"line":98,"column":32}},"type":"cond-expr","locations":[{"start":{"line":97,"column":6},"end":{"line":97,"column":35}},{"start":{"line":98,"column":6},"end":{"line":98,"column":32}}],"line":96},"8":{"loc":{"start":{"line":99,"column":22},"end":{"line":99,"column":45}},"type":"cond-expr","locations":[{"start":{"line":99,"column":40},"end":{"line":99,"column":41}},{"start":{"line":99,"column":44},"end":{"line":99,"column":45}}],"line":99},"9":{"loc":{"start":{"line":107,"column":21},"end":{"line":107,"column":47}},"type":"binary-expr","locations":[{"start":{"line":107,"column":21},"end":{"line":107,"column":29}},{"start":{"line":107,"column":33},"end":{"line":107,"column":47}}],"line":107},"10":{"loc":{"start":{"line":136,"column":11},"end":{"line":154,"column":11}},"type":"cond-expr","locations":[{"start":{"line":137,"column":12},"end":{"line":139,"column":19}},{"start":{"line":141,"column":12},"end":{"line":153,"column":14}}],"line":136},"11":{"loc":{"start":{"line":159,"column":7},"end":{"line":180,"column":7}},"type":"binary-expr","locations":[{"start":{"line":159,"column":7},"end":{"line":159,"column":15}},{"start":{"line":159,"column":19},"end":{"line":159,"column":27}},{"start":{"line":160,"column":8},"end":{"line":179,"column":27}}],"line":159},"12":{"loc":{"start":{"line":183,"column":7},"end":{"line":201,"column":7}},"type":"binary-expr","locations":[{"start":{"line":183,"column":7},"end":{"line":183,"column":15}},{"start":{"line":183,"column":19},"end":{"line":183,"column":27}},{"start":{"line":184,"column":8},"end":{"line":200,"column":15}}],"line":183}},"s":{"0":0,"1":0,"2":0,"3":0,"4":0,"5":0,"6":0,"7":0,"8":0,"9":0,"10":0,"11":0,"12":0},"f":{"0":0},"b":{"0":[0],"1":[0],"2":[0],"3":[0],"4":[0],"5":[0,0],"6":[0,0],"7":[0,0],"8":[0,0],"9":[0,0],"10":[0,0],"11":[0,0,0],"12":[0,0,0]}}
,"C:\\Users\\Maxime\\OneDrive\\Bureau\\Dev\\Projets\\SoSkate\\SoSkate-Mobile\\src\\shared\\ui\\media\\PhotoGallery.tsx": {"path":"C:\\Users\\Maxime\\OneDrive\\Bureau\\Dev\\Projets\\SoSkate\\SoSkate-Mobile\\src\\shared\\ui\\media\\PhotoGallery.tsx","statementMap":{"0":{"start":{"line":24,"column":32},"end":{"line":24,"column":56}},"1":{"start":{"line":26,"column":21},"end":{"line":139,"column":1}},"2":{"start":{"line":33,"column":21},"end":{"line":33,"column":31}},"3":{"start":{"line":34,"column":22},"end":{"line":34,"column":44}},"4":{"start":{"line":35,"column":42},"end":{"line":35,"column":53}},"5":{"start":{"line":39,"column":2},"end":{"line":54,"column":3}},"6":{"start":{"line":40,"column":4},"end":{"line":53,"column":6}},"7":{"start":{"line":57,"column":2},"end":{"line":75,"column":3}},"8":{"start":{"line":58,"column":4},"end":{"line":74,"column":6}},"9":{"start":{"line":61,"column":23},"end":{"line":61,"column":51}},"10":{"start":{"line":78,"column":23},"end":{"line":82,"column":3}},"11":{"start":{"line":79,"column":20},"end":{"line":79,"column":53}},"12":{"start":{"line":80,"column":18},"end":{"line":80,"column":52}},"13":{"start":{"line":81,"column":4},"end":{"line":81,"column":27}},"14":{"start":{"line":84,"column":22},"end":{"line":101,"column":3}},"15":{"start":{"line":85,"column":4},"end":{"line":100,"column":23}},"16":{"start":{"line":87,"column":21},"end":{"line":87,"column":48}},"17":{"start":{"line":103,"column":2},"end":{"line":138,"column":4}},"18":{"start":{"line":109,"column":32},"end":{"line":109,"column":50}},"19":{"start":{"line":124,"column":12},"end":{"line":133,"column":14}},"20":{"start":{"line":143,"column":15},"end":{"line":170,"column":2}}},"fnMap":{"0":{"name":"(anonymous_0)","decl":{"start":{"line":26,"column":21},"end":{"line":26,"column":22}},"loc":{"start":{"line":32,"column":25},"end":{"line":139,"column":1}},"line":32},"1":{"name":"(anonymous_1)","decl":{"start":{"line":61,"column":17},"end":{"line":61,"column":18}},"loc":{"start":{"line":61,"column":23},"end":{"line":61,"column":51}},"line":61},"2":{"name":"(anonymous_2)","decl":{"start":{"line":78,"column":23},"end":{"line":78,"column":24}},"loc":{"start":{"line":78,"column":75},"end":{"line":82,"column":3}},"line":78},"3":{"name":"(anonymous_3)","decl":{"start":{"line":84,"column":22},"end":{"line":84,"column":23}},"loc":{"start":{"line":85,"column":4},"end":{"line":100,"column":23}},"line":85},"4":{"name":"(anonymous_4)","decl":{"start":{"line":87,"column":15},"end":{"line":87,"column":16}},"loc":{"start":{"line":87,"column":21},"end":{"line":87,"column":48}},"line":87},"5":{"name":"(anonymous_5)","decl":{"start":{"line":109,"column":22},"end":{"line":109,"column":23}},"loc":{"start":{"line":109,"column":32},"end":{"line":109,"column":50}},"line":109},"6":{"name":"(anonymous_6)","decl":{"start":{"line":123,"column":22},"end":{"line":123,"column":23}},"loc":{"start":{"line":124,"column":12},"end":{"line":133,"column":14}},"line":124}},"branchMap":{"0":{"loc":{"start":{"line":28,"column":2},"end":{"line":28,"column":14}},"type":"default-arg","locations":[{"start":{"line":28,"column":11},"end":{"line":28,"column":14}}],"line":28},"1":{"loc":{"start":{"line":29,"column":2},"end":{"line":29,"column":18}},"type":"default-arg","locations":[{"start":{"line":29,"column":17},"end":{"line":29,"column":18}}],"line":29},"2":{"loc":{"start":{"line":30,"column":2},"end":{"line":30,"column":23}},"type":"default-arg","locations":[{"start":{"line":30,"column":19},"end":{"line":30,"column":23}}],"line":30},"3":{"loc":{"start":{"line":39,"column":2},"end":{"line":54,"column":3}},"type":"if","locations":[{"start":{"line":39,"column":2},"end":{"line":54,"column":3}},{"start":{},"end":{}}],"line":39},"4":{"loc":{"start":{"line":39,"column":6},"end":{"line":39,"column":36}},"type":"binary-expr","locations":[{"start":{"line":39,"column":6},"end":{"line":39,"column":13}},{"start":{"line":39,"column":17},"end":{"line":39,"column":36}}],"line":39},"5":{"loc":{"start":{"line":57,"column":2},"end":{"line":75,"column":3}},"type":"if","locations":[{"start":{"line":57,"column":2},"end":{"line":75,"column":3}},{"start":{},"end":{}}],"line":57},"6":{"loc":{"start":{"line":60,"column":23},"end":{"line":60,"column":45}},"type":"cond-expr","locations":[{"start":{"line":60,"column":38},"end":{"line":60,"column":41}},{"start":{"line":60,"column":44},"end":{"line":60,"column":45}}],"line":60},"7":{"loc":{"start":{"line":65,"column":25},"end":{"line":65,"column":64}},"type":"binary-expr","locations":[{"start":{"line":65,"column":25},"end":{"line":65,"column":47}},{"start":{"line":65,"column":51},"end":{"line":65,"column":64}}],"line":65},"8":{"loc":{"start":{"line":86,"column":21},"end":{"line":86,"column":43}},"type":"cond-expr","locations":[{"start":{"line":86,"column":36},"end":{"line":86,"column":39}},{"start":{"line":86,"column":42},"end":{"line":86,"column":43}}],"line":86},"9":{"loc":{"start":{"line":92,"column":23},"end":{"line":92,"column":52}},"type":"binary-expr","locations":[{"start":{"line":92,"column":23},"end":{"line":92,"column":40}},{"start":{"line":92,"column":44},"end":{"line":92,"column":52}}],"line":92},"10":{"loc":{"start":{"line":121,"column":7},"end":{"line":136,"column":7}},"type":"binary-expr","locations":[{"start":{"line":121,"column":7},"end":{"line":121,"column":21}},{"start":{"line":121,"column":25},"end":{"line":121,"column":42}},{"start":{"line":122,"column":8},"end":{"line":135,"column":15}}],"line":121},"11":{"loc":{"start":{"line":128,"column":16},"end":{"line":131,"column":17}},"type":"binary-expr","locations":[{"start":{"line":128,"column":16},"end":{"line":128,"column":38}},{"start":{"line":128,"column":42},"end":{"line":131,"column":17}}],"line":128}},"s":{"0":0,"1":0,"2":0,"3":0,"4":0,"5":0,"6":0,"7":0,"8":0,"9":0,"10":0,"11":0,"12":0,"13":0,"14":0,"15":0,"16":0,"17":0,"18":0,"19":0,"20":0},"f":{"0":0,"1":0,"2":0,"3":0,"4":0,"5":0,"6":0},"b":{"0":[0],"1":[0],"2":[0],"3":[0,0],"4":[0,0],"5":[0,0],"6":[0,0],"7":[0,0],"8":[0,0],"9":[0,0],"10":[0,0,0],"11":[0,0]}}
,"C:\\Users\\Maxime\\OneDrive\\Bureau\\Dev\\Projets\\SoSkate\\SoSkate-Mobile\\src\\shared\\ui\\typography\\Header.tsx": {"path":"C:\\Users\\Maxime\\OneDrive\\Bureau\\Dev\\Projets\\SoSkate\\SoSkate-Mobile\\src\\shared\\ui\\typography\\Header.tsx","statementMap":{"0":{"start":{"line":7,"column":15},"end":{"line":25,"column":1}},"1":{"start":{"line":8,"column":21},"end":{"line":8,"column":31}},"2":{"start":{"line":10,"column":2},"end":{"line":24,"column":4}},"3":{"start":{"line":29,"column":15},"end":{"line":38,"column":2}}},"fnMap":{"0":{"name":"(anonymous_0)","decl":{"start":{"line":7,"column":15},"end":{"line":7,"column":16}},"loc":{"start":{"line":7,"column":65},"end":{"line":25,"column":1}},"line":7}},"branchMap":{"0":{"loc":{"start":{"line":7,"column":18},"end":{"line":7,"column":28}},"type":"default-arg","locations":[{"start":{"line":7,"column":26},"end":{"line":7,"column":28}}],"line":7},"1":{"loc":{"start":{"line":12,"column":7},"end":{"line":12,"column":66}},"type":"binary-expr","locations":[{"start":{"line":12,"column":7},"end":{"line":12,"column":15}},{"start":{"line":12,"column":19},"end":{"line":12,"column":66}}],"line":12},"2":{"loc":{"start":{"line":13,"column":7},"end":{"line":22,"column":7}},"type":"binary-expr","locations":[{"start":{"line":13,"column":7},"end":{"line":13,"column":13}},{"start":{"line":14,"column":8},"end":{"line":21,"column":15}}],"line":13},"3":{"loc":{"start":{"line":18,"column":47},"end":{"line":18,"column":72}},"type":"cond-expr","locations":[{"start":{"line":18,"column":58},"end":{"line":18,"column":63}},{"start":{"line":18,"column":66},"end":{"line":18,"column":72}}],"line":18}},"s":{"0":0,"1":0,"2":0,"3":0},"f":{"0":0},"b":{"0":[0],"1":[0,0],"2":[0,0],"3":[0,0]}}
,"C:\\Users\\Maxime\\OneDrive\\Bureau\\Dev\\Projets\\SoSkate\\SoSkate-Mobile\\src\\shared\\ui\\typography\\Input.tsx": {"path":"C:\\Users\\Maxime\\OneDrive\\Bureau\\Dev\\Projets\\SoSkate\\SoSkate-Mobile\\src\\shared\\ui\\typography\\Input.tsx","statementMap":{"0":{"start":{"line":21,"column":14},"end":{"line":51,"column":1}},"1":{"start":{"line":22,"column":29},"end":{"line":22,"column":39}},"2":{"start":{"line":23,"column":36},"end":{"line":23,"column":51}},"3":{"start":{"line":25,"column":2},"end":{"line":50,"column":4}},"4":{"start":{"line":45,"column":23},"end":{"line":45,"column":41}},"5":{"start":{"line":46,"column":22},"end":{"line":46,"column":41}},"6":{"start":{"line":55,"column":15},"end":{"line":71,"column":2}}},"fnMap":{"0":{"name":"(anonymous_0)","decl":{"start":{"line":21,"column":14},"end":{"line":21,"column":15}},"loc":{"start":{"line":21,"column":37},"end":{"line":51,"column":1}},"line":21},"1":{"name":"(anonymous_1)","decl":{"start":{"line":45,"column":17},"end":{"line":45,"column":18}},"loc":{"start":{"line":45,"column":23},"end":{"line":45,"column":41}},"line":45},"2":{"name":"(anonymous_2)","decl":{"start":{"line":46,"column":16},"end":{"line":46,"column":17}},"loc":{"start":{"line":46,"column":22},"end":{"line":46,"column":41}},"line":46}},"branchMap":{"0":{"loc":{"start":{"line":30,"column":23},"end":{"line":32,"column":35}},"type":"cond-expr","locations":[{"start":{"line":31,"column":14},"end":{"line":31,"column":35}},{"start":{"line":32,"column":14},"end":{"line":32,"column":35}}],"line":30},"1":{"loc":{"start":{"line":33,"column":27},"end":{"line":35,"column":37}},"type":"cond-expr","locations":[{"start":{"line":34,"column":14},"end":{"line":34,"column":33}},{"start":{"line":35,"column":14},"end":{"line":35,"column":37}}],"line":33}},"s":{"0":0,"1":0,"2":0,"3":0,"4":0,"5":0,"6":0},"f":{"0":0,"1":0,"2":0},"b":{"0":[0,0],"1":[0,0]}}
,"C:\\Users\\Maxime\\OneDrive\\Bureau\\Dev\\Projets\\SoSkate\\SoSkate-Mobile\\src\\shared\\ui\\typography\\Typo.tsx": {"path":"C:\\Users\\Maxime\\OneDrive\\Bureau\\Dev\\Projets\\SoSkate\\SoSkate-Mobile\\src\\shared\\ui\\typography\\Typo.tsx","statementMap":{"0":{"start":{"line":16,"column":13},"end":{"line":53,"column":1}},"1":{"start":{"line":26,"column":21},"end":{"line":26,"column":31}},"2":{"start":{"line":28,"column":31},"end":{"line":32,"column":3}},"3":{"start":{"line":35,"column":4},"end":{"line":41,"column":11}},"4":{"start":{"line":44,"column":2},"end":{"line":50,"column":3}},"5":{"start":{"line":45,"column":4},"end":{"line":49,"column":6}},"6":{"start":{"line":52,"column":2},"end":{"line":52,"column":21}}},"fnMap":{"0":{"name":"(anonymous_0)","decl":{"start":{"line":16,"column":13},"end":{"line":16,"column":14}},"loc":{"start":{"line":25,"column":17},"end":{"line":53,"column":1}},"line":25}},"branchMap":{"0":{"loc":{"start":{"line":17,"column":2},"end":{"line":17,"column":11}},"type":"default-arg","locations":[{"start":{"line":17,"column":9},"end":{"line":17,"column":11}}],"line":17},"1":{"loc":{"start":{"line":19,"column":2},"end":{"line":19,"column":20}},"type":"default-arg","locations":[{"start":{"line":19,"column":15},"end":{"line":19,"column":20}}],"line":19},"2":{"loc":{"start":{"line":22,"column":2},"end":{"line":22,"column":16}},"type":"default-arg","locations":[{"start":{"line":22,"column":14},"end":{"line":22,"column":16}}],"line":22},"3":{"loc":{"start":{"line":30,"column":11},"end":{"line":30,"column":39}},"type":"binary-expr","locations":[{"start":{"line":30,"column":11},"end":{"line":30,"column":16}},{"start":{"line":30,"column":20},"end":{"line":30,"column":39}}],"line":30},"4":{"loc":{"start":{"line":44,"column":2},"end":{"line":50,"column":3}},"type":"if","locations":[{"start":{"line":44,"column":2},"end":{"line":50,"column":3}},{"start":{},"end":{}}],"line":44}},"s":{"0":0,"1":0,"2":0,"3":0,"4":0,"5":0,"6":0},"f":{"0":0},"b":{"0":[0],"1":[0],"2":[0],"3":[0,0],"4":[0,0]}}
,"C:\\Users\\Maxime\\OneDrive\\Bureau\\Dev\\Projets\\SoSkate\\SoSkate-Mobile\\src\\shared\\utils\\logger.ts": {"path":"C:\\Users\\Maxime\\OneDrive\\Bureau\\Dev\\Projets\\SoSkate\\SoSkate-Mobile\\src\\shared\\utils\\logger.ts","statementMap":{"0":{"start":{"line":1,"column":13},"end":{"line":1,"column":21}},"1":{"start":{"line":3,"column":22},"end":{"line":12,"column":1}}},"fnMap":{"0":{"name":"(anonymous_0)","decl":{"start":{"line":1,"column":13},"end":{"line":1,"column":14}},"loc":{"start":{"line":1,"column":19},"end":{"line":1,"column":21}},"line":1}},"branchMap":{"0":{"loc":{"start":{"line":5,"column":7},"end":{"line":5,"column":49}},"type":"cond-expr","locations":[{"start":{"line":5,"column":17},"end":{"line":5,"column":42}},{"start":{"line":5,"column":45},"end":{"line":5,"column":49}}],"line":5}},"s":{"0":4,"1":4},"f":{"0":1},"b":{"0":[3,1]},"_coverageSchema":"1a1c01bbd47fc00a2c39e90264f33305004495a9","hash":"07b196c7fc67104e724ad975805c578152cf50f3"}
,"C:\\Users\\Maxime\\OneDrive\\Bureau\\Dev\\Projets\\SoSkate\\SoSkate-Mobile\\src\\shared\\utils\\styling.ts": {"path":"C:\\Users\\Maxime\\OneDrive\\Bureau\\Dev\\Projets\\SoSkate\\SoSkate-Mobile\\src\\shared\\utils\\styling.ts","statementMap":{"0":{"start":{"line":3,"column":55},"end":{"line":3,"column":79}},"1":{"start":{"line":6,"column":2},"end":{"line":8,"column":35}},"2":{"start":{"line":10,"column":27},"end":{"line":10,"column":30}},"3":{"start":{"line":11,"column":28},"end":{"line":11,"column":31}},"4":{"start":{"line":13,"column":21},"end":{"line":18,"column":3}},"5":{"start":{"line":14,"column":2},"end":{"line":18,"column":3}},"6":{"start":{"line":20,"column":29},"end":{"line":25,"column":3}},"7":{"start":{"line":21,"column":2},"end":{"line":25,"column":3}}},"fnMap":{"0":{"name":"(anonymous_0)","decl":{"start":{"line":13,"column":21},"end":{"line":13,"column":22}},"loc":{"start":{"line":14,"column":2},"end":{"line":18,"column":3}},"line":14},"1":{"name":"(anonymous_1)","decl":{"start":{"line":20,"column":29},"end":{"line":20,"column":30}},"loc":{"start":{"line":21,"column":2},"end":{"line":25,"column":3}},"line":21}},"branchMap":{"0":{"loc":{"start":{"line":6,"column":2},"end":{"line":8,"column":35}},"type":"cond-expr","locations":[{"start":{"line":7,"column":6},"end":{"line":7,"column":35}},{"start":{"line":8,"column":6},"end":{"line":8,"column":35}}],"line":6}},"s":{"0":0,"1":0,"2":0,"3":0,"4":0,"5":0,"6":0,"7":0},"f":{"0":0,"1":0},"b":{"0":[0,0]}}
,"C:\\Users\\Maxime\\OneDrive\\Bureau\\Dev\\Projets\\SoSkate\\SoSkate-Mobile\\src\\shared\\utils\\types.ts": {"path":"C:\\Users\\Maxime\\OneDrive\\Bureau\\Dev\\Projets\\SoSkate\\SoSkate-Mobile\\src\\shared\\utils\\types.ts","statementMap":{},"fnMap":{},"branchMap":{},"s":{},"f":{},"b":{}}
}
