TN:
SF:src\api\axios\apiError.ts
FN:8,(anonymous_0)
FNF:1
FNH:1
FNDA:31,(anonymous_0)
DA:9,31
DA:10,31
DA:11,31
DA:12,31
LF:4
LH:4
BRF:0
BRH:0
end_of_record
TN:
SF:src\api\axios\axiosConfig.ts
FN:11,(anonymous_0)
FN:27,(anonymous_1)
FN:38,(anonymous_2)
FN:43,(anonymous_3)
FN:49,(anonymous_4)
FN:52,(anonymous_5)
FN:76,(anonymous_6)
FN:105,(anonymous_7)
FN:111,(anonymous_8)
FNF:9
FNH:0
FNDA:0,(anonymous_0)
FNDA:0,(anonymous_1)
FNDA:0,(anonymous_2)
FNDA:0,(anonymous_3)
FNDA:0,(anonymous_4)
FNDA:0,(anonymous_5)
FNDA:0,(anonymous_6)
FNDA:0,(anonymous_7)
FNDA:0,(anonymous_8)
DA:7,6
DA:9,6
DA:11,6
DA:12,0
DA:13,0
DA:17,6
DA:26,6
DA:28,0
DA:29,0
DA:30,0
DA:31,0
DA:34,0
DA:36,0
DA:39,0
DA:43,6
DA:44,0
DA:48,6
DA:50,0
DA:53,0
DA:55,0
DA:57,0
DA:60,0
DA:61,0
DA:62,0
DA:63,0
DA:66,0
DA:67,0
DA:70,0
DA:71,0
DA:75,0
DA:76,0
DA:77,0
DA:79,0
DA:80,0
DA:82,0
DA:85,0
DA:86,0
DA:89,0
DA:91,0
DA:93,0
DA:96,0
DA:99,0
DA:104,6
DA:105,6
DA:106,0
DA:108,0
DA:109,0
DA:111,0
DA:112,0
DA:115,0
DA:116,0
LF:51
LH:9
BRDA:12,0,0,0
BRDA:12,0,1,0
BRDA:30,1,0,0
BRDA:30,1,1,0
BRDA:53,2,0,0
BRDA:53,2,1,0
BRDA:57,3,0,0
BRDA:57,3,1,0
BRDA:57,3,2,0
BRDA:57,3,3,0
BRDA:57,3,4,0
BRDA:62,4,0,0
BRDA:62,4,1,0
BRDA:79,5,0,0
BRDA:79,5,1,0
BRDA:91,6,0,0
BRDA:91,6,1,0
BRDA:109,7,0,0
BRDA:109,7,1,0
BRF:19
BRH:0
end_of_record
TN:
SF:src\api\axios\getErrorMessage.ts
FN:4,(anonymous_0)
FNF:1
FNH:1
FNDA:12,(anonymous_0)
DA:4,1
DA:8,12
DA:9,1
DA:12,11
DA:13,5
DA:15,5
DA:24,5
DA:27,6
DA:28,1
DA:31,5
LF:10
LH:10
BRDA:6,0,0,11
BRDA:8,1,0,1
BRDA:8,1,1,11
BRDA:12,2,0,5
BRDA:12,2,1,6
BRDA:15,3,0,5
BRDA:15,3,1,3
BRDA:16,4,0,1
BRDA:16,4,1,2
BRDA:18,5,0,1
BRDA:18,5,1,1
BRDA:20,6,0,1
BRDA:20,6,1,0
BRDA:24,7,0,5
BRDA:24,7,1,2
BRDA:24,7,2,0
BRDA:27,8,0,1
BRDA:27,8,1,5
BRF:18
BRH:16
end_of_record
TN:
SF:src\api\axios\handleApiError.ts
FN:11,(anonymous_0)
FNF:1
FNH:1
FNDA:22,(anonymous_0)
DA:11,11
DA:15,22
DA:17,22
DA:18,22
DA:21,22
DA:24,22
DA:26,22
LF:7
LH:7
BRDA:21,0,0,22
BRDA:21,0,1,5
BRDA:21,0,2,2
BRDA:21,0,3,1
BRDA:21,0,4,17
BRDA:24,1,0,22
BRDA:24,1,1,21
BRDA:26,2,0,22
BRDA:26,2,1,1
BRF:9
BRH:9
end_of_record
TN:
SF:src\features\auth\components\AuthFooterLink.tsx
FN:12,(anonymous_0)
FNF:1
FNH:0
FNDA:0,(anonymous_0)
DA:12,0
DA:13,0
DA:15,0
DA:31,0
LF:4
LH:0
BRF:0
BRH:0
end_of_record
TN:
SF:src\features\auth\components\AuthFormCard.tsx
FN:13,(anonymous_0)
FNF:1
FNH:0
FNDA:0,(anonymous_0)
DA:13,0
DA:14,0
DA:16,0
DA:34,0
LF:4
LH:0
BRF:0
BRH:0
end_of_record
TN:
SF:src\features\auth\components\AuthLayout.tsx
FN:21,(anonymous_0)
FNF:1
FNH:0
FNDA:0,(anonymous_0)
DA:21,0
DA:29,0
DA:30,0
DA:33,0
DA:85,0
DA:116,0
LF:6
LH:0
BRDA:26,0,0,0
BRDA:27,1,0,0
BRDA:37,2,0,0
BRDA:37,2,1,0
BRDA:58,3,0,0
BRDA:58,3,1,0
BRDA:63,4,0,0
BRDA:63,4,1,0
BRDA:74,5,0,0
BRDA:74,5,1,0
BRDA:76,6,0,0
BRDA:76,6,1,0
BRDA:87,7,0,0
BRDA:87,7,1,0
BRF:14
BRH:0
end_of_record
TN:
SF:src\features\auth\components\PasswordRequirements.tsx
FN:24,(anonymous_0)
FN:29,(anonymous_1)
FN:38,(anonymous_2)
FN:68,(anonymous_3)
FN:74,(anonymous_4)
FNF:5
FNH:0
FNDA:0,(anonymous_0)
FNDA:0,(anonymous_1)
FNDA:0,(anonymous_2)
FNDA:0,(anonymous_3)
FNDA:0,(anonymous_4)
DA:24,0
DA:25,0
DA:26,0
DA:27,0
DA:29,0
DA:30,0
DA:31,0
DA:32,0
DA:34,0
DA:38,0
DA:43,0
DA:44,0
DA:46,0
DA:68,0
DA:72,0
DA:74,0
DA:75,0
DA:76,0
DA:80,0
DA:81,0
DA:84,0
DA:107,0
LF:22
LH:0
BRDA:30,0,0,0
BRDA:30,0,1,0
BRDA:43,1,0,0
BRDA:43,1,1,0
BRDA:44,2,0,0
BRDA:44,2,1,0
BRDA:48,3,0,0
BRDA:48,3,1,0
BRDA:75,4,0,0
BRDA:75,4,1,0
BRDA:80,5,0,0
BRDA:80,5,1,0
BRF:12
BRH:0
end_of_record
TN:
SF:src\features\auth\components\SocialAuthButtons.tsx
FN:13,(anonymous_0)
FNF:1
FNH:0
FNDA:0,(anonymous_0)
DA:13,0
DA:17,0
DA:19,0
DA:70,0
LF:4
LH:0
BRDA:21,0,0,0
BRDA:21,0,1,0
BRDA:43,1,0,0
BRDA:43,1,1,0
BRF:4
BRH:0
end_of_record
TN:
SF:src\features\auth\hooks\usePasswordValidation.ts
FN:15,(anonymous_0)
FN:16,(anonymous_1)
FN:38,(anonymous_2)
FN:39,(anonymous_3)
FNF:4
FNH:0
FNDA:0,(anonymous_0)
FNDA:0,(anonymous_1)
FNDA:0,(anonymous_2)
FNDA:0,(anonymous_3)
DA:15,0
DA:16,0
DA:18,0
DA:19,0
DA:28,0
DA:38,0
DA:39,0
DA:42,0
LF:8
LH:0
BRDA:18,0,0,0
BRDA:18,0,1,0
BRF:2
BRH:0
end_of_record
TN:
SF:src\features\booking\components\BookingStepper.tsx
FN:24,(anonymous_0)
FN:31,(anonymous_1)
FN:33,(anonymous_2)
FN:40,(anonymous_3)
FN:55,(anonymous_4)
FN:77,(anonymous_5)
FNF:6
FNH:6
FNDA:6,(anonymous_0)
FNDA:10,(anonymous_1)
FNDA:18,(anonymous_2)
FNDA:18,(anonymous_3)
FNDA:18,(anonymous_4)
FNDA:2,(anonymous_5)
DA:24,1
DA:29,6
DA:31,10
DA:33,6
DA:34,18
DA:35,17
DA:36,11
DA:37,8
DA:40,6
DA:41,18
DA:43,6
DA:45,6
DA:47,6
DA:49,0
DA:53,6
DA:56,18
DA:57,18
DA:58,18
DA:61,18
DA:64,18
DA:71,18
DA:73,18
DA:78,2
DA:79,2
DA:147,1
LF:25
LH:24
BRDA:27,0,0,5
BRDA:34,1,0,1
BRDA:34,1,1,17
BRDA:35,2,0,6
BRDA:35,2,1,11
BRDA:36,3,0,3
BRDA:36,3,1,8
BRDA:41,4,0,6
BRDA:41,4,1,6
BRDA:41,4,2,6
BRDA:41,4,3,0
BRDA:61,5,0,8
BRDA:61,5,1,10
BRDA:64,6,0,6
BRDA:64,6,1,12
BRDA:66,7,0,4
BRDA:66,7,1,8
BRDA:71,8,0,8
BRDA:71,8,1,10
BRDA:78,9,0,2
BRDA:78,9,1,0
BRDA:78,10,0,2
BRDA:78,10,1,2
BRDA:91,11,0,6
BRDA:91,11,1,12
BRDA:94,12,0,6
BRDA:94,12,1,12
BRDA:98,13,0,4
BRDA:98,13,1,14
BRDA:108,14,0,6
BRDA:108,14,1,8
BRDA:116,15,0,6
BRDA:116,15,1,12
BRDA:125,16,0,18
BRDA:125,16,1,12
BRDA:131,17,0,4
BRDA:131,17,1,8
BRF:37
BRH:35
end_of_record
TN:
SF:src\features\booking\components\BookingSummary.tsx
FN:41,(anonymous_0)
FN:80,(anonymous_1)
FN:91,(anonymous_2)
FNF:3
FNH:0
FNDA:0,(anonymous_0)
FNDA:0,(anonymous_1)
FNDA:0,(anonymous_2)
DA:41,0
DA:47,0
DA:49,0
DA:80,0
DA:88,0
DA:91,0
DA:92,0
DA:93,0
DA:99,0
DA:103,0
DA:108,0
DA:324,0
LF:12
LH:0
BRDA:45,0,0,0
BRDA:54,1,0,0
BRDA:54,1,1,0
BRDA:57,2,0,0
BRDA:57,2,1,0
BRDA:58,3,0,0
BRDA:58,3,1,0
BRDA:59,4,0,0
BRDA:59,4,1,0
BRDA:71,5,0,0
BRDA:71,5,1,0
BRDA:72,6,0,0
BRDA:72,6,1,0
BRDA:110,7,0,0
BRDA:110,7,1,0
BRF:15
BRH:0
end_of_record
TN:
SF:src\features\booking\components\DurationPicker.tsx
FN:38,(anonymous_0)
FN:48,(anonymous_1)
FN:54,(anonymous_2)
FN:58,(anonymous_3)
FN:65,(anonymous_4)
FN:120,(anonymous_5)
FN:129,(anonymous_6)
FN:135,(anonymous_7)
FN:148,(anonymous_8)
FN:158,(anonymous_9)
FN:164,(anonymous_10)
FNF:11
FNH:0
FNDA:0,(anonymous_0)
FNDA:0,(anonymous_1)
FNDA:0,(anonymous_2)
FNDA:0,(anonymous_3)
FNDA:0,(anonymous_4)
FNDA:0,(anonymous_5)
FNDA:0,(anonymous_6)
FNDA:0,(anonymous_7)
FNDA:0,(anonymous_8)
FNDA:0,(anonymous_9)
FNDA:0,(anonymous_10)
DA:28,0
DA:38,0
DA:45,0
DA:46,0
DA:48,0
DA:49,0
DA:50,0
DA:54,0
DA:55,0
DA:58,0
DA:59,0
DA:60,0
DA:61,0
DA:65,0
DA:69,0
DA:75,0
DA:81,0
DA:87,0
DA:120,0
DA:127,0
DA:129,0
DA:130,0
DA:131,0
DA:132,0
DA:135,0
DA:136,0
DA:137,0
DA:140,0
DA:148,0
DA:159,0
DA:164,0
DA:185,0
LF:32
LH:0
BRDA:49,0,0,0
BRDA:49,0,1,0
BRDA:59,1,0,0
BRDA:59,1,1,0
BRDA:69,2,0,0
BRDA:69,2,1,0
BRDA:71,3,0,0
BRDA:71,3,1,0
BRDA:75,4,0,0
BRDA:75,4,1,0
BRDA:77,5,0,0
BRDA:77,5,1,0
BRDA:81,6,0,0
BRDA:81,6,1,0
BRDA:83,7,0,0
BRDA:83,7,1,0
BRDA:98,8,0,0
BRDA:98,8,1,0
BRDA:103,9,0,0
BRDA:103,9,1,0
BRDA:107,10,0,0
BRDA:107,10,1,0
BRDA:111,11,0,0
BRDA:111,11,1,0
BRDA:124,12,0,0
BRDA:125,13,0,0
BRDA:130,14,0,0
BRDA:130,14,1,0
BRDA:136,15,0,0
BRDA:136,15,1,0
BRDA:146,16,0,0
BRDA:146,16,1,0
BRDA:166,17,0,0
BRDA:166,17,1,0
BRDA:173,18,0,0
BRDA:173,18,1,0
BRDA:173,18,2,0
BRF:37
BRH:0
end_of_record
TN:
SF:src\features\booking\components\TimeSlotList.tsx
FN:36,(anonymous_0)
FN:45,(anonymous_1)
FN:49,(anonymous_2)
FN:53,(anonymous_3)
FN:58,(anonymous_4)
FN:120,(anonymous_5)
FN:138,(anonymous_6)
FN:205,(anonymous_7)
FN:213,(anonymous_8)
FNF:9
FNH:0
FNDA:0,(anonymous_0)
FNDA:0,(anonymous_1)
FNDA:0,(anonymous_2)
FNDA:0,(anonymous_3)
FNDA:0,(anonymous_4)
FNDA:0,(anonymous_5)
FNDA:0,(anonymous_6)
FNDA:0,(anonymous_7)
FNDA:0,(anonymous_8)
DA:27,0
DA:36,0
DA:42,0
DA:43,0
DA:45,0
DA:46,0
DA:49,0
DA:50,0
DA:53,0
DA:54,0
DA:55,0
DA:58,0
DA:62,0
DA:120,0
DA:126,0
DA:129,0
DA:130,0
DA:139,0
DA:153,0
DA:154,0
DA:188,0
DA:206,0
DA:213,0
DA:225,0
LF:24
LH:0
BRDA:70,0,0,0
BRDA:70,0,1,0
BRDA:73,1,0,0
BRDA:73,1,1,0
BRDA:83,2,0,0
BRDA:83,2,1,0
BRDA:84,3,0,0
BRDA:84,3,1,0
BRDA:89,4,0,0
BRDA:89,4,1,0
BRDA:90,5,0,0
BRDA:90,5,1,0
BRDA:97,6,0,0
BRDA:97,6,1,0
BRDA:102,7,0,0
BRDA:102,7,1,0
BRDA:103,8,0,0
BRDA:103,8,1,0
BRDA:109,9,0,0
BRDA:109,9,1,0
BRDA:124,10,0,0
BRDA:129,11,0,0
BRDA:129,11,1,0
BRDA:153,12,0,0
BRDA:153,12,1,0
BRDA:195,13,0,0
BRDA:195,13,1,0
BRF:27
BRH:0
end_of_record
TN:
SF:src\features\booking\components\WeekCalendar.tsx
FN:47,(anonymous_0)
FN:55,(anonymous_1)
FN:64,(anonymous_2)
FN:74,(anonymous_3)
FN:82,(anonymous_4)
FN:95,(anonymous_5)
FN:108,(anonymous_6)
FN:119,(anonymous_7)
FN:137,(anonymous_8)
FN:140,(anonymous_9)
FN:146,(anonymous_10)
FN:149,(anonymous_11)
FN:154,(anonymous_12)
FN:160,(anonymous_13)
FN:165,(anonymous_14)
FN:177,(anonymous_15)
FN:189,(anonymous_16)
FN:196,(anonymous_17)
FN:202,(anonymous_18)
FN:258,(anonymous_19)
FN:269,(anonymous_20)
FNF:21
FNH:0
FNDA:0,(anonymous_0)
FNDA:0,(anonymous_1)
FNDA:0,(anonymous_2)
FNDA:0,(anonymous_3)
FNDA:0,(anonymous_4)
FNDA:0,(anonymous_5)
FNDA:0,(anonymous_6)
FNDA:0,(anonymous_7)
FNDA:0,(anonymous_8)
FNDA:0,(anonymous_9)
FNDA:0,(anonymous_10)
FNDA:0,(anonymous_11)
FNDA:0,(anonymous_12)
FNDA:0,(anonymous_13)
FNDA:0,(anonymous_14)
FNDA:0,(anonymous_15)
FNDA:0,(anonymous_16)
FNDA:0,(anonymous_17)
FNDA:0,(anonymous_18)
FNDA:0,(anonymous_19)
FNDA:0,(anonymous_20)
DA:22,0
DA:23,0
DA:47,0
DA:48,0
DA:49,0
DA:55,0
DA:56,0
DA:57,0
DA:64,0
DA:65,0
DA:66,0
DA:67,0
DA:68,0
DA:74,0
DA:75,0
DA:76,0
DA:82,0
DA:83,0
DA:84,0
DA:87,0
DA:88,0
DA:89,0
DA:95,0
DA:96,0
DA:97,0
DA:98,0
DA:99,0
DA:100,0
DA:102,0
DA:108,0
DA:109,0
DA:119,0
DA:120,0
DA:125,0
DA:130,0
DA:137,0
DA:140,0
DA:143,0
DA:146,0
DA:149,0
DA:150,0
DA:154,0
DA:155,0
DA:159,0
DA:160,0
DA:165,0
DA:166,0
DA:167,0
DA:169,0
DA:170,0
DA:173,0
DA:177,0
DA:178,0
DA:179,0
DA:182,0
DA:183,0
DA:184,0
DA:185,0
DA:189,0
DA:190,0
DA:191,0
DA:192,0
DA:193,0
DA:196,0
DA:197,0
DA:198,0
DA:202,0
DA:203,0
DA:204,0
DA:205,0
DA:207,0
DA:208,0
DA:209,0
DA:213,0
DA:259,0
DA:260,0
DA:261,0
DA:262,0
DA:263,0
DA:264,0
DA:266,0
DA:269,0
DA:371,0
LF:83
LH:0
BRDA:87,0,0,0
BRDA:87,0,1,0
BRDA:110,1,0,0
BRDA:110,1,1,0
BRDA:110,1,2,0
BRDA:140,2,0,0
BRDA:150,3,0,0
BRDA:150,3,1,0
BRDA:169,4,0,0
BRDA:169,4,1,0
BRDA:183,5,0,0
BRDA:183,5,1,0
BRDA:207,6,0,0
BRDA:207,6,1,0
BRDA:207,7,0,0
BRDA:207,7,1,0
BRDA:224,8,0,0
BRDA:224,8,1,0
BRDA:264,9,0,0
BRDA:264,9,1,0
BRDA:273,10,0,0
BRDA:273,10,1,0
BRDA:276,11,0,0
BRDA:276,11,1,0
BRDA:276,11,2,0
BRDA:280,12,0,0
BRDA:280,12,1,0
BRDA:290,13,0,0
BRDA:290,13,1,0
BRDA:292,14,0,0
BRDA:292,14,1,0
BRDA:303,15,0,0
BRDA:303,15,1,0
BRDA:303,16,0,0
BRDA:303,16,1,0
BRDA:305,17,0,0
BRDA:305,17,1,0
BRDA:307,18,0,0
BRDA:307,18,1,0
BRDA:316,19,0,0
BRDA:316,19,1,0
BRDA:316,19,2,0
BRDA:326,20,0,0
BRDA:326,20,1,0
BRDA:326,20,2,0
BRDA:326,20,3,0
BRDA:336,21,0,0
BRDA:336,21,1,0
BRDA:336,21,2,0
BRF:49
BRH:0
end_of_record
TN:
SF:src\features\booking\hooks\useAvailability.ts
FN:46,(anonymous_0)
FN:64,(anonymous_1)
FN:78,(anonymous_2)
FN:85,(anonymous_3)
FN:101,(anonymous_4)
FN:109,(anonymous_5)
FN:121,(anonymous_6)
FN:153,(anonymous_7)
FN:158,(anonymous_8)
FNF:9
FNH:0
FNDA:0,(anonymous_0)
FNDA:0,(anonymous_1)
FNDA:0,(anonymous_2)
FNDA:0,(anonymous_3)
FNDA:0,(anonymous_4)
FNDA:0,(anonymous_5)
FNDA:0,(anonymous_6)
FNDA:0,(anonymous_7)
FNDA:0,(anonymous_8)
DA:46,0
DA:50,0
DA:53,0
DA:56,0
DA:57,0
DA:58,0
DA:64,0
DA:65,0
DA:67,0
DA:68,0
DA:70,0
DA:71,0
DA:74,0
DA:75,0
DA:77,0
DA:78,0
DA:81,0
DA:84,0
DA:85,0
DA:86,0
DA:87,0
DA:89,0
DA:91,0
DA:92,0
DA:94,0
DA:101,0
DA:102,0
DA:108,0
DA:110,0
DA:111,0
DA:120,0
DA:122,0
DA:123,0
DA:126,0
DA:128,0
DA:129,0
DA:135,0
DA:137,0
DA:138,0
DA:139,0
DA:141,0
DA:152,0
DA:154,0
DA:155,0
DA:158,0
DA:163,0
LF:46
LH:0
BRDA:65,0,0,0
BRDA:65,0,1,0
BRDA:78,1,0,0
BRDA:78,1,1,0
BRDA:86,2,0,0
BRDA:86,2,1,0
BRDA:111,3,0,0
BRDA:111,3,1,0
BRDA:122,4,0,0
BRDA:122,4,1,0
BRDA:122,5,0,0
BRDA:122,5,1,0
BRDA:155,6,0,0
BRDA:155,6,1,0
BRF:14
BRH:0
end_of_record
TN:
SF:src\features\booking\hooks\useBookingFlow.ts
FN:33,(anonymous_0)
FN:77,(anonymous_1)
FN:89,(anonymous_2)
FN:130,(anonymous_3)
FN:134,(anonymous_4)
FN:138,(anonymous_5)
FN:142,(anonymous_6)
FN:146,(anonymous_7)
FN:150,(anonymous_8)
FN:154,(anonymous_9)
FN:158,(anonymous_10)
FN:162,(anonymous_11)
FN:166,(anonymous_12)
FN:170,(anonymous_13)
FN:174,(anonymous_14)
FN:180,(anonymous_15)
FN:183,(anonymous_16)
FN:196,(anonymous_17)
FN:200,(anonymous_18)
FN:204,(anonymous_19)
FNF:20
FNH:20
FNDA:47,(anonymous_0)
FNDA:19,(anonymous_1)
FNDA:4,(anonymous_2)
FNDA:74,(anonymous_3)
FNDA:2,(anonymous_4)
FNDA:5,(anonymous_5)
FNDA:5,(anonymous_6)
FNDA:5,(anonymous_7)
FNDA:2,(anonymous_8)
FNDA:14,(anonymous_9)
FNDA:2,(anonymous_10)
FNDA:3,(anonymous_11)
FNDA:3,(anonymous_12)
FNDA:5,(anonymous_13)
FNDA:1,(anonymous_14)
FNDA:102,(anonymous_15)
FNDA:6,(anonymous_16)
FNDA:2,(anonymous_17)
FNDA:2,(anonymous_18)
FNDA:2,(anonymous_19)
DA:19,1
DA:33,1
DA:37,47
DA:39,2
DA:45,5
DA:54,5
DA:63,5
DA:70,2
DA:76,14
DA:77,19
DA:79,14
DA:80,14
DA:88,2
DA:89,4
DA:91,2
DA:92,2
DA:100,3
DA:107,3
DA:113,5
DA:120,1
DA:123,0
DA:130,1
DA:131,74
DA:134,74
DA:135,2
DA:138,74
DA:139,5
DA:142,74
DA:143,5
DA:146,74
DA:147,5
DA:150,74
DA:151,2
DA:154,74
DA:155,14
DA:158,74
DA:159,2
DA:162,74
DA:163,3
DA:166,74
DA:167,3
DA:170,74
DA:171,5
DA:174,74
DA:175,1
DA:179,74
DA:180,102
DA:183,74
DA:184,6
DA:186,2
DA:188,3
DA:190,1
DA:192,0
DA:196,74
DA:197,2
DA:200,74
DA:201,2
DA:204,74
DA:205,2
DA:208,74
LF:60
LH:58
BRDA:37,0,0,2
BRDA:37,0,1,5
BRDA:37,0,2,5
BRDA:37,0,3,5
BRDA:37,0,4,2
BRDA:37,0,5,14
BRDA:37,0,6,2
BRDA:37,0,7,3
BRDA:37,0,8,3
BRDA:37,0,9,5
BRDA:37,0,10,1
BRDA:37,0,11,0
BRDA:184,1,0,2
BRDA:184,1,1,3
BRDA:184,1,2,1
BRDA:184,1,3,0
BRDA:188,2,0,3
BRDA:188,2,1,2
BRF:18
BRH:16
end_of_record
TN:
SF:src\features\courses\index.ts
FNF:0
FNH:0
LF:0
LH:0
BRF:0
BRH:0
end_of_record
TN:
SF:src\features\courses\components\CourseCard.tsx
FN:18,(anonymous_0)
FN:27,(anonymous_1)
FN:35,(anonymous_2)
FN:42,(anonymous_3)
FN:57,(anonymous_4)
FNF:5
FNH:0
FNDA:0,(anonymous_0)
FNDA:0,(anonymous_1)
FNDA:0,(anonymous_2)
FNDA:0,(anonymous_3)
FNDA:0,(anonymous_4)
DA:18,0
DA:19,0
DA:20,0
DA:27,0
DA:28,0
DA:29,0
DA:35,0
DA:36,0
DA:42,0
DA:47,0
DA:49,0
DA:50,0
DA:51,0
DA:53,0
DA:57,0
DA:155,0
LF:16
LH:0
BRDA:45,0,0,0
BRDA:51,1,0,0
BRDA:51,1,1,0
BRDA:58,2,0,0
BRDA:58,2,1,0
BRDA:88,3,0,0
BRDA:88,3,1,0
BRDA:91,4,0,0
BRDA:91,4,1,0
BRDA:123,5,0,0
BRDA:123,5,1,0
BRF:11
BRH:0
end_of_record
TN:
SF:src\features\courses\components\CourseTabs.tsx
FN:30,(anonymous_0)
FN:37,(anonymous_1)
FN:54,(anonymous_2)
FN:63,(anonymous_3)
FN:83,(anonymous_4)
FN:90,(anonymous_5)
FN:97,(anonymous_6)
FNF:7
FNH:0
FNDA:0,(anonymous_0)
FNDA:0,(anonymous_1)
FNDA:0,(anonymous_2)
FNDA:0,(anonymous_3)
FNDA:0,(anonymous_4)
FNDA:0,(anonymous_5)
FNDA:0,(anonymous_6)
DA:22,0
DA:30,0
DA:35,0
DA:37,0
DA:38,0
DA:39,0
DA:40,0
DA:44,0
DA:55,0
DA:57,0
DA:63,0
DA:83,0
DA:90,0
DA:97,0
DA:104,0
DA:141,0
LF:16
LH:0
BRDA:38,0,0,0
BRDA:38,0,1,0
BRDA:62,1,0,0
BRDA:62,1,1,0
BRDA:92,2,0,0
BRDA:92,2,1,0
BRDA:99,3,0,0
BRDA:99,3,1,0
BRDA:111,4,0,0
BRDA:111,4,1,0
BRDA:111,4,2,0
BRDA:116,5,0,0
BRDA:116,5,1,0
BRDA:125,6,0,0
BRDA:125,6,1,0
BRDA:127,7,0,0
BRDA:127,7,1,0
BRF:17
BRH:0
end_of_record
TN:
SF:src\features\courses\components\CoursesList.tsx
FN:40,(anonymous_0)
FN:56,(anonymous_1)
FN:66,(anonymous_2)
FN:74,(anonymous_3)
FN:85,(anonymous_4)
FN:105,(anonymous_5)
FN:118,(anonymous_6)
FNF:7
FNH:0
FNDA:0,(anonymous_0)
FNDA:0,(anonymous_1)
FNDA:0,(anonymous_2)
FNDA:0,(anonymous_3)
FNDA:0,(anonymous_4)
FNDA:0,(anonymous_5)
FNDA:0,(anonymous_6)
DA:25,0
DA:26,0
DA:40,0
DA:50,0
DA:55,0
DA:57,0
DA:65,0
DA:66,0
DA:73,0
DA:74,0
DA:85,0
DA:86,0
DA:87,0
DA:105,0
DA:106,0
DA:107,0
DA:117,0
DA:118,0
DA:125,0
DA:126,0
DA:132,0
DA:169,0
LF:22
LH:0
BRDA:96,0,0,0
BRDA:96,0,1,0
BRDA:106,1,0,0
BRDA:106,1,1,0
BRDA:125,2,0,0
BRDA:125,2,1,0
BRDA:125,3,0,0
BRDA:125,3,1,0
BRDA:139,4,0,0
BRDA:139,4,1,0
BRDA:143,5,0,0
BRDA:143,5,1,0
BRF:12
BRH:0
end_of_record
TN:
SF:src\features\courses\components\CoursesStatusBadge.tsx
FN:61,(anonymous_0)
FNF:1
FNH:0
FNDA:0,(anonymous_0)
DA:19,0
DA:53,0
DA:61,0
DA:65,0
DA:68,0
DA:69,0
DA:72,0
LF:7
LH:0
BRDA:63,0,0,0
BRDA:65,1,0,0
BRDA:65,1,1,0
BRDA:68,2,0,0
BRDA:68,2,1,0
BRDA:68,3,0,0
BRDA:68,3,1,0
BRDA:77,4,0,0
BRDA:77,4,1,0
BRF:9
BRH:0
end_of_record
TN:
SF:src\features\courses\components\EmptyState.tsx
FN:34,(anonymous_0)
FNF:1
FNH:0
FNDA:0,(anonymous_0)
DA:15,0
DA:34,0
DA:38,0
DA:39,0
DA:40,0
DA:42,0
LF:6
LH:0
BRF:0
BRH:0
end_of_record
TN:
SF:src\features\courses\components\ParticipantCard.tsx
FN:20,(anonymous_0)
FN:32,(anonymous_1)
FN:39,(anonymous_2)
FN:49,(anonymous_3)
FNF:4
FNH:0
FNDA:0,(anonymous_0)
FNDA:0,(anonymous_1)
FNDA:0,(anonymous_2)
FNDA:0,(anonymous_3)
DA:20,0
DA:21,0
DA:22,0
DA:23,0
DA:26,0
DA:32,0
DA:37,0
DA:39,0
DA:40,0
DA:41,0
DA:42,0
DA:43,0
DA:45,0
DA:49,0
DA:50,0
DA:51,0
DA:52,0
DA:54,0
DA:58,0
DA:60,0
DA:136,0
LF:21
LH:0
BRDA:21,0,0,0
BRDA:21,0,1,0
BRDA:40,1,0,0
BRDA:40,1,1,0
BRDA:42,2,0,0
BRDA:42,2,1,0
BRDA:51,3,0,0
BRDA:51,3,1,0
BRDA:77,4,0,0
BRDA:77,4,1,0
BRDA:96,5,0,0
BRDA:96,5,1,0
BRF:12
BRH:0
end_of_record
TN:
SF:src\features\courses\hooks\useCourseFilters.ts
FN:17,(anonymous_0)
FN:28,(anonymous_1)
FN:33,(anonymous_2)
FN:39,(anonymous_3)
FN:41,(anonymous_4)
FN:51,(anonymous_5)
FN:63,(anonymous_6)
FNF:7
FNH:0
FNDA:0,(anonymous_0)
FNDA:0,(anonymous_1)
FNDA:0,(anonymous_2)
FNDA:0,(anonymous_3)
FNDA:0,(anonymous_4)
FNDA:0,(anonymous_5)
FNDA:0,(anonymous_6)
DA:17,0
DA:20,0
DA:23,0
DA:28,0
DA:29,0
DA:32,0
DA:33,0
DA:37,0
DA:38,0
DA:39,0
DA:41,0
DA:43,0
DA:51,0
DA:52,0
DA:57,0
DA:63,0
DA:64,0
DA:65,0
DA:71,0
LF:19
LH:0
BRDA:32,0,0,0
BRDA:32,0,1,0
BRDA:37,1,0,0
BRDA:37,1,1,0
BRF:4
BRH:0
end_of_record
TN:
SF:src\features\courses\hooks\useInstructorCourse.ts
FN:51,(anonymous_0)
FN:67,(anonymous_1)
FN:74,(anonymous_2)
FN:83,(anonymous_3)
FN:94,(anonymous_4)
FN:109,(anonymous_5)
FN:129,(anonymous_6)
FN:134,(anonymous_7)
FN:141,(anonymous_8)
FN:145,(anonymous_9)
FN:149,(anonymous_10)
FN:156,(anonymous_11)
FN:196,extractErrorMessage
FNF:13
FNH:0
FNDA:0,(anonymous_0)
FNDA:0,(anonymous_1)
FNDA:0,(anonymous_2)
FNDA:0,(anonymous_3)
FNDA:0,(anonymous_4)
FNDA:0,(anonymous_5)
FNDA:0,(anonymous_6)
FNDA:0,(anonymous_7)
FNDA:0,(anonymous_8)
FNDA:0,(anonymous_9)
FNDA:0,(anonymous_10)
FNDA:0,(anonymous_11)
FNDA:0,extractErrorMessage
DA:24,0
DA:41,0
DA:51,0
DA:52,0
DA:53,0
DA:56,0
DA:57,0
DA:60,0
DA:61,0
DA:66,0
DA:72,0
DA:74,0
DA:81,0
DA:82,0
DA:83,0
DA:90,0
DA:94,0
DA:100,0
DA:109,0
DA:110,0
DA:112,0
DA:114,0
DA:115,0
DA:116,0
DA:118,0
DA:119,0
DA:121,0
DA:128,0
DA:129,0
DA:133,0
DA:134,0
DA:141,0
DA:142,0
DA:145,0
DA:146,0
DA:149,0
DA:150,0
DA:156,0
DA:157,0
DA:158,0
DA:159,0
DA:160,0
DA:167,0
DA:197,0
DA:198,0
DA:200,0
DA:201,0
DA:204,0
LF:48
LH:0
BRDA:70,0,0,0
BRDA:72,1,0,0
BRDA:72,1,1,0
BRDA:92,2,0,0
BRDA:92,2,1,0
BRDA:110,3,0,0
BRDA:110,3,1,0
BRDA:129,4,0,0
BRDA:134,5,0,0
BRDA:157,6,0,0
BRDA:157,6,1,0
BRDA:197,7,0,0
BRDA:197,7,1,0
BRDA:197,8,0,0
BRDA:197,8,1,0
BRDA:197,8,2,0
BRDA:200,9,0,0
BRDA:200,9,1,0
BRF:18
BRH:0
end_of_record
TN:
SF:src\features\instructor-spots\components\AddSpotModal.tsx
FN:34,(anonymous_0)
FN:50,(anonymous_1)
FN:58,(anonymous_2)
FN:71,(anonymous_3)
FN:73,(anonymous_4)
FN:74,(anonymous_5)
FN:85,(anonymous_6)
FN:90,(anonymous_7)
FN:93,(anonymous_8)
FN:105,(anonymous_9)
FN:110,(anonymous_10)
FN:122,(anonymous_11)
FN:245,(anonymous_12)
FN:287,(anonymous_13)
FN:291,(anonymous_14)
FNF:15
FNH:0
FNDA:0,(anonymous_0)
FNDA:0,(anonymous_1)
FNDA:0,(anonymous_2)
FNDA:0,(anonymous_3)
FNDA:0,(anonymous_4)
FNDA:0,(anonymous_5)
FNDA:0,(anonymous_6)
FNDA:0,(anonymous_7)
FNDA:0,(anonymous_8)
FNDA:0,(anonymous_9)
FNDA:0,(anonymous_10)
FNDA:0,(anonymous_11)
FNDA:0,(anonymous_12)
FNDA:0,(anonymous_13)
FNDA:0,(anonymous_14)
DA:34,0
DA:41,0
DA:42,0
DA:44,0
DA:45,0
DA:46,0
DA:47,0
DA:50,0
DA:51,0
DA:52,0
DA:53,0
DA:54,0
DA:58,0
DA:59,0
DA:60,0
DA:61,0
DA:62,0
DA:64,0
DA:66,0
DA:71,0
DA:72,0
DA:73,0
DA:75,0
DA:76,0
DA:77,0
DA:85,0
DA:86,0
DA:87,0
DA:90,0
DA:91,0
DA:93,0
DA:94,0
DA:96,0
DA:97,0
DA:99,0
DA:100,0
DA:101,0
DA:105,0
DA:106,0
DA:107,0
DA:110,0
DA:117,0
DA:119,0
DA:122,0
DA:185,0
DA:245,0
DA:287,0
DA:291,0
DA:349,0
LF:49
LH:0
BRDA:51,0,0,0
BRDA:51,0,1,0
BRDA:75,1,0,0
BRDA:75,1,1,0
BRDA:78,2,0,0
BRDA:78,2,1,0
BRDA:78,2,2,0
BRDA:87,3,0,0
BRDA:87,3,1,0
BRDA:91,4,0,0
BRDA:91,4,1,0
BRDA:94,5,0,0
BRDA:94,5,1,0
BRDA:99,6,0,0
BRDA:99,6,1,0
BRDA:126,7,0,0
BRDA:126,7,1,0
BRDA:129,8,0,0
BRDA:129,8,1,0
BRDA:139,9,0,0
BRDA:139,9,1,0
BRDA:147,10,0,0
BRDA:147,10,1,0
BRDA:166,11,0,0
BRDA:166,11,1,0
BRDA:227,12,0,0
BRDA:227,12,1,0
BRDA:244,13,0,0
BRDA:244,13,1,0
BRDA:257,14,0,0
BRDA:257,14,1,0
BRDA:264,15,0,0
BRDA:264,15,1,0
BRDA:272,16,0,0
BRDA:272,16,1,0
BRDA:279,17,0,0
BRDA:279,17,1,0
BRDA:310,18,0,0
BRDA:310,18,1,0
BRDA:316,19,0,0
BRDA:316,19,1,0
BRDA:318,20,0,0
BRDA:318,20,1,0
BRDA:325,21,0,0
BRDA:325,21,1,0
BRDA:333,22,0,0
BRDA:333,22,1,0
BRF:47
BRH:0
end_of_record
TN:
SF:src\features\instructor-spots\components\InstructorSpotCard.tsx
FN:29,(anonymous_0)
FN:38,(anonymous_1)
FN:42,(anonymous_2)
FN:46,(anonymous_3)
FN:60,(anonymous_4)
FN:73,(anonymous_5)
FN:78,(anonymous_6)
FNF:7
FNH:0
FNDA:0,(anonymous_0)
FNDA:0,(anonymous_1)
FNDA:0,(anonymous_2)
FNDA:0,(anonymous_3)
FNDA:0,(anonymous_4)
FNDA:0,(anonymous_5)
FNDA:0,(anonymous_6)
DA:27,0
DA:29,0
DA:35,0
DA:36,0
DA:38,0
DA:39,0
DA:42,0
DA:43,0
DA:46,0
DA:47,0
DA:49,0
DA:61,0
DA:62,0
DA:63,0
DA:73,0
DA:78,0
DA:79,0
DA:80,0
DA:87,0
DA:158,0
LF:20
LH:0
BRDA:33,0,0,0
BRDA:62,1,0,0
BRDA:62,1,1,0
BRDA:144,2,0,0
BRDA:144,2,1,0
BRF:5
BRH:0
end_of_record
TN:
SF:src\features\instructor-spots\components\index.tsx
FNF:0
FNH:0
LF:0
LH:0
BRF:0
BRH:0
end_of_record
TN:
SF:src\features\instructor-spots\hooks\useInstructorSpots.ts
FN:38,(anonymous_0)
FN:48,(anonymous_1)
FN:53,(anonymous_2)
FN:79,(anonymous_3)
FN:87,(anonymous_4)
FN:111,(anonymous_5)
FN:118,(anonymous_6)
FN:119,(anonymous_7)
FN:140,(anonymous_8)
FN:149,(anonymous_9)
FN:150,(anonymous_10)
FN:174,(anonymous_11)
FN:181,(anonymous_12)
FNF:13
FNH:0
FNDA:0,(anonymous_0)
FNDA:0,(anonymous_1)
FNDA:0,(anonymous_2)
FNDA:0,(anonymous_3)
FNDA:0,(anonymous_4)
FNDA:0,(anonymous_5)
FNDA:0,(anonymous_6)
FNDA:0,(anonymous_7)
FNDA:0,(anonymous_8)
FNDA:0,(anonymous_9)
FNDA:0,(anonymous_10)
FNDA:0,(anonymous_11)
FNDA:0,(anonymous_12)
DA:38,0
DA:39,0
DA:41,0
DA:42,0
DA:43,0
DA:44,0
DA:45,0
DA:48,0
DA:53,0
DA:54,0
DA:55,0
DA:56,0
DA:57,0
DA:60,0
DA:61,0
DA:63,0
DA:64,0
DA:65,0
DA:67,0
DA:68,0
DA:72,0
DA:79,0
DA:80,0
DA:86,0
DA:88,0
DA:90,0
DA:91,0
DA:94,0
DA:97,0
DA:111,0
DA:113,0
DA:115,0
DA:118,0
DA:119,0
DA:122,0
DA:125,0
DA:126,0
DA:127,0
DA:128,0
DA:130,0
DA:139,0
DA:141,0
DA:143,0
DA:144,0
DA:147,0
DA:149,0
DA:150,0
DA:151,0
DA:153,0
DA:154,0
DA:155,0
DA:157,0
DA:158,0
DA:159,0
DA:162,0
DA:164,0
DA:173,0
DA:175,0
DA:181,0
DA:182,0
DA:185,0
LF:61
LH:0
BRDA:54,0,0,0
BRDA:54,0,1,0
BRDA:54,1,0,0
BRDA:54,1,1,0
BRDA:88,2,0,0
BRDA:88,2,1,0
BRDA:119,3,0,0
BRDA:119,3,1,0
BRDA:141,4,0,0
BRDA:141,4,1,0
BRF:10
BRH:0
end_of_record
TN:
SF:src\features\map\ui\MapLoadingStates\ErrorState.tsx
FN:13,(anonymous_0)
FNF:1
FNH:0
FNDA:0,(anonymous_0)
DA:13,0
DA:14,0
DA:16,0
DA:58,0
LF:4
LH:0
BRF:0
BRH:0
end_of_record
TN:
SF:src\features\map\ui\MapLoadingStates\LoadingState.tsx
FN:7,(anonymous_0)
FNF:1
FNH:0
FNDA:0,(anonymous_0)
DA:7,0
DA:8,0
DA:10,0
DA:32,0
LF:4
LH:0
BRF:0
BRH:0
end_of_record
TN:
SF:src\features\map\ui\MapView\CustomMarker.tsx
FN:10,(anonymous_0)
FNF:1
FNH:0
FNDA:0,(anonymous_0)
DA:10,0
DA:11,0
DA:13,0
DA:37,0
LF:4
LH:0
BRDA:19,0,0,0
BRDA:19,0,1,0
BRDA:27,1,0,0
BRDA:27,1,1,0
BRF:4
BRH:0
end_of_record
TN:
SF:src\features\map\ui\MapView\MapControls.tsx
FN:14,(anonymous_0)
FNF:1
FNH:0
FNDA:0,(anonymous_0)
DA:14,0
DA:15,0
DA:17,0
DA:64,0
LF:4
LH:0
BRDA:22,0,0,0
BRDA:22,0,1,0
BRDA:42,1,0,0
BRDA:42,1,1,0
BRF:4
BRH:0
end_of_record
TN:
SF:src\features\map\ui\MapView\MapHeader.tsx
FN:16,(anonymous_0)
FNF:1
FNH:0
FNDA:0,(anonymous_0)
DA:16,0
DA:17,0
DA:19,0
DA:80,0
LF:4
LH:0
BRDA:26,0,0,0
BRDA:26,0,1,0
BRF:2
BRH:0
end_of_record
TN:
SF:src\features\map\ui\MapView\MapSearchBar.tsx
FN:31,(anonymous_0)
FN:43,(anonymous_1)
FN:44,(anonymous_2)
FN:54,(anonymous_3)
FN:55,(anonymous_4)
FN:57,(anonymous_5)
FN:74,(anonymous_6)
FN:78,(anonymous_7)
FN:88,(anonymous_8)
FN:95,(anonymous_9)
FN:101,(anonymous_10)
FN:106,(anonymous_11)
FN:110,(anonymous_12)
FN:115,(anonymous_13)
FN:118,(anonymous_14)
FN:150,(anonymous_15)
FN:254,(anonymous_16)
FNF:17
FNH:0
FNDA:0,(anonymous_0)
FNDA:0,(anonymous_1)
FNDA:0,(anonymous_2)
FNDA:0,(anonymous_3)
FNDA:0,(anonymous_4)
FNDA:0,(anonymous_5)
FNDA:0,(anonymous_6)
FNDA:0,(anonymous_7)
FNDA:0,(anonymous_8)
FNDA:0,(anonymous_9)
FNDA:0,(anonymous_10)
FNDA:0,(anonymous_11)
FNDA:0,(anonymous_12)
FNDA:0,(anonymous_13)
FNDA:0,(anonymous_14)
FNDA:0,(anonymous_15)
FNDA:0,(anonymous_16)
DA:31,0
DA:32,0
DA:33,0
DA:34,0
DA:36,0
DA:37,0
DA:38,0
DA:40,0
DA:41,0
DA:43,0
DA:44,0
DA:45,0
DA:48,0
DA:54,0
DA:55,0
DA:56,0
DA:57,0
DA:58,0
DA:60,0
DA:61,0
DA:63,0
DA:68,0
DA:69,0
DA:70,0
DA:74,0
DA:77,0
DA:79,0
DA:80,0
DA:81,0
DA:82,0
DA:83,0
DA:88,0
DA:89,0
DA:90,0
DA:91,0
DA:92,0
DA:95,0
DA:96,0
DA:97,0
DA:101,0
DA:102,0
DA:106,0
DA:110,0
DA:115,0
DA:116,0
DA:118,0
DA:150,0
DA:151,0
DA:163,0
DA:254,0
DA:271,0
LF:51
LH:0
BRDA:56,0,0,0
BRDA:56,0,1,0
BRDA:64,1,0,0
BRDA:64,1,1,0
BRDA:112,2,0,0
BRDA:112,2,1,0
BRDA:140,3,0,0
BRDA:140,3,1,0
BRDA:186,4,0,0
BRDA:186,4,1,0
BRDA:210,5,0,0
BRDA:210,5,1,0
BRDA:237,6,0,0
BRDA:237,6,1,0
BRDA:242,7,0,0
BRDA:242,7,1,0
BRDA:250,8,0,0
BRDA:250,8,1,0
BRF:18
BRH:0
end_of_record
TN:
SF:src\features\my-bookings\components\BookingCard.tsx
FN:34,(anonymous_0)
FN:40,(anonymous_1)
FN:44,(anonymous_2)
FN:48,(anonymous_3)
FN:53,(anonymous_4)
FN:58,(anonymous_5)
FNF:6
FNH:0
FNDA:0,(anonymous_0)
FNDA:0,(anonymous_1)
FNDA:0,(anonymous_2)
FNDA:0,(anonymous_3)
FNDA:0,(anonymous_4)
FNDA:0,(anonymous_5)
DA:32,0
DA:34,0
DA:35,0
DA:36,0
DA:37,0
DA:38,0
DA:40,0
DA:41,0
DA:44,0
DA:45,0
DA:48,0
DA:49,0
DA:50,0
DA:53,0
DA:58,0
DA:59,0
DA:60,0
DA:67,0
DA:155,0
LF:19
LH:0
BRDA:77,0,0,0
BRDA:77,0,1,0
BRDA:77,1,0,0
BRDA:77,1,1,0
BRF:4
BRH:0
end_of_record
TN:
SF:src\features\my-bookings\components\BookingDetailsModal.tsx
FN:51,(anonymous_0)
FN:89,(anonymous_1)
FN:109,(anonymous_2)
FN:121,(anonymous_3)
FN:133,(anonymous_4)
FN:148,(anonymous_5)
FN:152,(anonymous_6)
FN:364,(anonymous_7)
FN:500,(anonymous_8)
FNF:9
FNH:0
FNDA:0,(anonymous_0)
FNDA:0,(anonymous_1)
FNDA:0,(anonymous_2)
FNDA:0,(anonymous_3)
FNDA:0,(anonymous_4)
FNDA:0,(anonymous_5)
FNDA:0,(anonymous_6)
FNDA:0,(anonymous_7)
FNDA:0,(anonymous_8)
DA:51,0
DA:57,0
DA:59,0
DA:89,0
DA:98,0
DA:99,0
DA:100,0
DA:102,0
DA:104,0
DA:105,0
DA:106,0
DA:109,0
DA:110,0
DA:111,0
DA:112,0
DA:121,0
DA:122,0
DA:134,0
DA:135,0
DA:136,0
DA:137,0
DA:140,0
DA:148,0
DA:149,0
DA:152,0
DA:153,0
DA:154,0
DA:157,0
DA:364,0
DA:500,0
DA:510,0
LF:31
LH:0
BRDA:55,0,0,0
BRDA:63,1,0,0
BRDA:63,1,1,0
BRDA:79,2,0,0
BRDA:79,2,1,0
BRDA:80,3,0,0
BRDA:80,3,1,0
BRDA:102,4,0,0
BRDA:102,4,1,0
BRDA:136,5,0,0
BRDA:136,5,1,0
BRDA:362,6,0,0
BRDA:362,6,1,0
BRDA:394,7,0,0
BRDA:394,7,1,0
BRDA:399,8,0,0
BRDA:399,8,1,0
BRDA:402,9,0,0
BRDA:402,9,1,0
BRDA:408,10,0,0
BRDA:408,10,1,0
BRDA:408,10,2,0
BRDA:413,11,0,0
BRDA:413,11,1,0
BRDA:416,12,0,0
BRDA:416,12,1,0
BRDA:425,13,0,0
BRDA:425,13,1,0
BRDA:432,14,0,0
BRDA:432,14,1,0
BRDA:436,15,0,0
BRDA:436,15,1,0
BRDA:445,16,0,0
BRDA:445,16,1,0
BRDA:445,16,2,0
BRDA:456,17,0,0
BRDA:456,17,1,0
BRDA:468,18,0,0
BRDA:468,18,1,0
BRF:39
BRH:0
end_of_record
TN:
SF:src\features\my-bookings\components\BookingStatusBadge.tsx
FN:24,(anonymous_0)
FN:31,(anonymous_1)
FNF:2
FNH:2
FNDA:9,(anonymous_0)
FNDA:9,(anonymous_1)
DA:24,1
DA:29,9
DA:31,9
DA:33,9
DA:34,2
DA:42,7
DA:43,2
DA:51,5
DA:52,2
DA:60,3
DA:61,2
DA:69,1
DA:76,9
DA:78,9
DA:89,1
LF:15
LH:15
BRDA:33,0,0,2
BRDA:33,0,1,7
BRDA:42,1,0,2
BRDA:42,1,1,5
BRDA:51,2,0,2
BRDA:51,2,1,3
BRDA:51,3,0,5
BRDA:51,3,1,4
BRDA:60,4,0,2
BRDA:60,4,1,1
BRDA:60,5,0,3
BRDA:60,5,1,2
BRF:12
BRH:12
end_of_record
TN:
SF:src\features\my-bookings\components\EditNotesModal.tsx
FN:33,(anonymous_0)
FN:45,(anonymous_1)
FN:51,(anonymous_2)
FN:60,(anonymous_3)
FNF:4
FNH:0
FNDA:0,(anonymous_0)
FNDA:0,(anonymous_1)
FNDA:0,(anonymous_2)
FNDA:0,(anonymous_3)
DA:31,0
DA:33,0
DA:40,0
DA:41,0
DA:42,0
DA:45,0
DA:46,0
DA:47,0
DA:51,0
DA:52,0
DA:53,0
DA:54,0
DA:55,0
DA:56,0
DA:60,0
DA:61,0
DA:62,0
DA:65,0
DA:66,0
DA:68,0
DA:191,0
LF:21
LH:0
BRDA:42,0,0,0
BRDA:42,0,1,0
BRDA:46,1,0,0
BRDA:46,1,1,0
BRDA:47,2,0,0
BRDA:47,2,1,0
BRDA:54,3,0,0
BRDA:54,3,1,0
BRDA:65,4,0,0
BRDA:65,4,1,0
BRDA:76,5,0,0
BRDA:76,5,1,0
BRDA:104,6,0,0
BRDA:104,6,1,0
BRDA:107,7,0,0
BRDA:107,7,1,0
BRDA:113,8,0,0
BRDA:113,8,1,0
BRDA:154,9,0,0
BRDA:154,9,1,0
BRF:20
BRH:0
end_of_record
TN:
SF:src\features\my-bookings\hooks\useMyBookings.ts
FN:42,(anonymous_0)
FN:56,(anonymous_1)
FN:85,(anonymous_2)
FN:90,(anonymous_3)
FN:97,(anonymous_4)
FN:98,(anonymous_5)
FN:126,(anonymous_6)
FN:134,(anonymous_7)
FN:135,(anonymous_8)
FN:163,(anonymous_9)
FNF:10
FNH:10
FNDA:24,(anonymous_0)
FNDA:12,(anonymous_1)
FNDA:1,(anonymous_2)
FNDA:3,(anonymous_3)
FNDA:2,(anonymous_4)
FNDA:4,(anonymous_5)
FNDA:3,(anonymous_6)
FNDA:2,(anonymous_7)
FNDA:4,(anonymous_8)
FNDA:11,(anonymous_9)
DA:42,1
DA:43,24
DA:45,24
DA:46,24
DA:47,24
DA:48,24
DA:49,24
DA:50,24
DA:55,24
DA:57,12
DA:59,9
DA:60,1
DA:62,8
DA:64,9
DA:66,9
DA:67,9
DA:68,8
DA:70,1
DA:71,1
DA:75,9
DA:76,9
DA:85,24
DA:86,1
DA:89,24
DA:91,3
DA:94,2
DA:97,2
DA:98,2
DA:99,4
DA:105,2
DA:107,2
DA:108,1
DA:111,1
DA:112,1
DA:113,1
DA:116,1
DA:125,24
DA:127,3
DA:129,2
DA:131,2
DA:134,2
DA:135,2
DA:136,4
DA:145,2
DA:146,2
DA:147,1
DA:149,1
DA:150,1
DA:151,1
DA:154,1
DA:156,2
DA:163,24
DA:164,11
DA:168,24
DA:170,24
LF:55
LH:55
BRDA:56,0,0,11
BRDA:57,1,0,3
BRDA:57,1,1,9
BRDA:59,2,0,1
BRDA:59,2,1,8
BRDA:91,3,0,1
BRDA:91,3,1,2
BRDA:99,4,0,2
BRDA:99,4,1,2
BRDA:127,5,0,1
BRDA:127,5,1,2
BRDA:136,6,0,2
BRDA:136,6,1,2
BRF:13
BRH:13
end_of_record
TN:
SF:src\features\navigation\components\AnimatedTab.tsx
FN:29,(anonymous_0)
FN:38,(anonymous_1)
FNF:2
FNH:0
FNDA:0,(anonymous_0)
FNDA:0,(anonymous_1)
DA:22,0
DA:29,0
DA:36,0
DA:38,0
DA:43,0
DA:45,0
DA:97,0
LF:7
LH:0
BRDA:39,0,0,0
BRDA:39,0,1,0
BRDA:40,1,0,0
BRDA:40,1,1,0
BRDA:43,2,0,0
BRDA:43,2,1,0
BRDA:48,3,0,0
BRDA:48,3,1,0
BRDA:73,4,0,0
BRDA:73,4,1,0
BRF:10
BRH:0
end_of_record
TN:
SF:src\features\navigation\components\CustomTabs.tsx
FN:6,(anonymous_0)
FN:15,(anonymous_1)
FN:26,(anonymous_2)
FN:38,(anonymous_3)
FNF:4
FNH:0
FNDA:0,(anonymous_0)
FNDA:0,(anonymous_1)
FNDA:0,(anonymous_2)
FNDA:0,(anonymous_3)
DA:6,0
DA:7,0
DA:9,0
DA:10,0
DA:13,0
DA:16,0
DA:17,0
DA:20,0
DA:26,0
DA:27,0
DA:33,0
DA:34,0
DA:38,0
DA:39,0
DA:45,0
LF:15
LH:0
BRDA:9,0,0,0
BRDA:9,0,1,0
BRDA:20,1,0,0
BRDA:20,1,1,0
BRDA:22,2,0,0
BRDA:22,2,1,0
BRDA:33,3,0,0
BRDA:33,3,1,0
BRDA:33,4,0,0
BRDA:33,4,1,0
BRF:10
BRH:0
end_of_record
TN:
SF:src\features\navigation\components\TabBarContainer.tsx
FN:11,(anonymous_0)
FNF:1
FNH:0
FNDA:0,(anonymous_0)
DA:11,0
DA:12,0
DA:13,0
DA:15,0
DA:35,0
LF:5
LH:0
BRF:0
BRH:0
end_of_record
TN:
SF:src\features\navigation\components\TabIcon.tsx
FN:11,(anonymous_0)
FNF:1
FNH:0
FNDA:0,(anonymous_0)
DA:11,0
DA:12,0
DA:14,0
DA:15,0
DA:16,0
DA:18,0
DA:38,0
LF:7
LH:0
BRDA:15,0,0,0
BRDA:15,0,1,0
BRDA:16,1,0,0
BRDA:16,1,1,0
BRDA:38,2,0,0
BRDA:38,2,1,0
BRF:6
BRH:0
end_of_record
TN:
SF:src\features\planning\components\AddAvailabilityModal.tsx
FN:47,(anonymous_0)
FN:61,(anonymous_1)
FN:82,(anonymous_2)
FN:101,(anonymous_3)
FN:104,(anonymous_4)
FN:136,(anonymous_5)
FN:147,(anonymous_6)
FN:159,(anonymous_7)
FN:174,(anonymous_8)
FN:208,(anonymous_9)
FN:219,(anonymous_10)
FN:234,(anonymous_11)
FN:240,(anonymous_12)
FN:244,(anonymous_13)
FN:251,(anonymous_14)
FN:336,(anonymous_15)
FN:339,(anonymous_16)
FN:389,(anonymous_17)
FN:392,(anonymous_18)
FN:450,(anonymous_19)
FN:453,(anonymous_20)
FNF:21
FNH:0
FNDA:0,(anonymous_0)
FNDA:0,(anonymous_1)
FNDA:0,(anonymous_2)
FNDA:0,(anonymous_3)
FNDA:0,(anonymous_4)
FNDA:0,(anonymous_5)
FNDA:0,(anonymous_6)
FNDA:0,(anonymous_7)
FNDA:0,(anonymous_8)
FNDA:0,(anonymous_9)
FNDA:0,(anonymous_10)
FNDA:0,(anonymous_11)
FNDA:0,(anonymous_12)
FNDA:0,(anonymous_13)
FNDA:0,(anonymous_14)
FNDA:0,(anonymous_15)
FNDA:0,(anonymous_16)
FNDA:0,(anonymous_17)
FNDA:0,(anonymous_18)
FNDA:0,(anonymous_19)
FNDA:0,(anonymous_20)
DA:47,0
DA:48,0
DA:49,0
DA:50,0
DA:51,0
DA:52,0
DA:55,0
DA:58,0
DA:61,0
DA:62,0
DA:63,0
DA:65,0
DA:66,0
DA:67,0
DA:69,0
DA:70,0
DA:76,0
DA:79,0
DA:82,0
DA:93,0
DA:94,0
DA:96,0
DA:97,0
DA:98,0
DA:100,0
DA:101,0
DA:104,0
DA:105,0
DA:106,0
DA:108,0
DA:109,0
DA:110,0
DA:111,0
DA:113,0
DA:115,0
DA:116,0
DA:117,0
DA:118,0
DA:119,0
DA:120,0
DA:122,0
DA:123,0
DA:127,0
DA:128,0
DA:129,0
DA:130,0
DA:136,0
DA:137,0
DA:138,0
DA:139,0
DA:147,0
DA:148,0
DA:149,0
DA:151,0
DA:152,0
DA:155,0
DA:159,0
DA:160,0
DA:161,0
DA:163,0
DA:164,0
DA:165,0
DA:167,0
DA:168,0
DA:170,0
DA:171,0
DA:174,0
DA:175,0
DA:176,0
DA:180,0
DA:183,0
DA:184,0
DA:185,0
DA:188,0
DA:190,0
DA:192,0
DA:193,0
DA:195,0
DA:202,0
DA:203,0
DA:204,0
DA:208,0
DA:209,0
DA:211,0
DA:220,0
DA:221,0
DA:222,0
DA:223,0
DA:226,0
DA:234,0
DA:235,0
DA:236,0
DA:240,0
DA:241,0
DA:242,0
DA:244,0
DA:245,0
DA:246,0
DA:247,0
DA:251,0
DA:252,0
DA:253,0
DA:256,0
DA:337,0
DA:339,0
DA:390,0
DA:393,0
DA:394,0
DA:396,0
DA:397,0
DA:398,0
DA:399,0
DA:400,0
DA:451,0
DA:454,0
DA:455,0
DA:598,0
LF:117
LH:0
BRDA:51,0,0,0
BRDA:51,0,1,0
BRDA:105,1,0,0
BRDA:105,1,1,0
BRDA:106,2,0,0
BRDA:106,2,1,0
BRDA:111,3,0,0
BRDA:111,3,1,0
BRDA:115,4,0,0
BRDA:115,4,1,0
BRDA:137,5,0,0
BRDA:137,5,1,0
BRDA:170,6,0,0
BRDA:170,6,1,0
BRDA:175,7,0,0
BRDA:175,7,1,0
BRDA:183,8,0,0
BRDA:183,8,1,0
BRDA:192,9,0,0
BRDA:192,9,1,0
BRDA:192,10,0,0
BRDA:192,10,1,0
BRDA:192,10,2,0
BRDA:202,11,0,0
BRDA:202,11,1,0
BRDA:209,12,0,0
BRDA:209,12,1,0
BRDA:209,13,0,0
BRDA:209,13,1,0
BRDA:222,14,0,0
BRDA:222,14,1,0
BRDA:286,15,0,0
BRDA:286,15,1,0
BRDA:310,16,0,0
BRDA:310,16,1,0
BRDA:344,17,0,0
BRDA:344,17,1,0
BRDA:348,18,0,0
BRDA:348,18,1,0
BRDA:356,19,0,0
BRDA:356,19,1,0
BRDA:358,20,0,0
BRDA:358,20,1,0
BRDA:398,21,0,0
BRDA:398,21,1,0
BRDA:407,22,0,0
BRDA:407,22,1,0
BRDA:411,23,0,0
BRDA:411,23,1,0
BRDA:419,24,0,0
BRDA:419,24,1,0
BRDA:421,25,0,0
BRDA:421,25,1,0
BRDA:461,26,0,0
BRDA:461,26,1,0
BRDA:465,27,0,0
BRDA:465,27,1,0
BRDA:473,28,0,0
BRDA:473,28,1,0
BRDA:475,29,0,0
BRDA:475,29,1,0
BRDA:488,30,0,0
BRDA:488,30,1,0
BRDA:530,31,0,0
BRDA:530,31,1,0
BRDA:530,31,2,0
BRDA:555,32,0,0
BRDA:555,32,1,0
BRDA:561,33,0,0
BRDA:561,33,1,0
BRDA:563,34,0,0
BRDA:563,34,1,0
BRDA:570,35,0,0
BRDA:570,35,1,0
BRDA:580,36,0,0
BRDA:580,36,1,0
BRDA:585,37,0,0
BRDA:585,37,1,0
BRF:78
BRH:0
end_of_record
TN:
SF:src\features\planning\components\AvailabilityBlock.tsx
FN:26,(anonymous_0)
FN:41,(anonymous_1)
FN:54,(anonymous_2)
FNF:3
FNH:0
FNDA:0,(anonymous_0)
FNDA:0,(anonymous_1)
FNDA:0,(anonymous_2)
DA:26,0
DA:32,0
DA:34,0
DA:35,0
DA:41,0
DA:42,0
DA:43,0
DA:45,0
DA:46,0
DA:48,0
DA:51,0
DA:52,0
DA:54,0
DA:55,0
DA:56,0
DA:57,0
DA:61,0
DA:101,0
LF:18
LH:0
BRDA:42,0,0,0
BRDA:42,0,1,0
BRDA:45,1,0,0
BRDA:45,1,1,0
BRDA:55,2,0,0
BRDA:55,2,1,0
BRDA:55,3,0,0
BRDA:55,3,1,0
BRDA:64,4,0,0
BRDA:64,4,1,0
BRDA:73,5,0,0
BRDA:73,5,1,0
BRDA:77,6,0,0
BRDA:77,6,1,0
BRDA:88,7,0,0
BRDA:88,7,1,0
BRDA:90,8,0,0
BRDA:90,8,1,0
BRF:18
BRH:0
end_of_record
TN:
SF:src\features\planning\components\BookingBlock.tsx
FNF:0
FNH:0
LF:0
LH:0
BRF:0
BRH:0
end_of_record
TN:
SF:src\features\planning\components\DayColumn.tsx
FN:28,(anonymous_0)
FN:58,(anonymous_1)
FN:122,(anonymous_2)
FN:132,(anonymous_3)
FN:137,(anonymous_4)
FNF:5
FNH:0
FNDA:0,(anonymous_0)
FNDA:0,(anonymous_1)
FNDA:0,(anonymous_2)
FNDA:0,(anonymous_3)
FNDA:0,(anonymous_4)
DA:28,0
DA:35,0
DA:38,0
DA:39,0
DA:42,0
DA:43,0
DA:44,0
DA:58,0
DA:59,0
DA:60,0
DA:61,0
DA:65,0
DA:123,0
DA:132,0
DA:138,0
DA:153,0
LF:16
LH:0
BRDA:59,0,0,0
BRDA:59,0,1,0
BRDA:80,1,0,0
BRDA:80,1,1,0
BRDA:90,2,0,0
BRDA:90,2,1,0
BRDA:99,3,0,0
BRDA:99,3,1,0
BRDA:101,4,0,0
BRDA:101,4,1,0
BRDA:114,5,0,0
BRDA:114,5,1,0
BRDA:121,6,0,0
BRDA:121,6,1,0
BRF:14
BRH:0
end_of_record
TN:
SF:src\features\planning\components\TimeSlotCell.tsx
FNF:0
FNH:0
LF:0
LH:0
BRF:0
BRH:0
end_of_record
TN:
SF:src\features\planning\components\WeekCalendarView.tsx
FN:42,(anonymous_0)
FN:58,(anonymous_1)
FN:59,(anonymous_2)
FN:63,(anonymous_3)
FN:64,(anonymous_4)
FN:71,(anonymous_5)
FN:77,(anonymous_6)
FN:108,(anonymous_7)
FN:167,(anonymous_8)
FN:181,(anonymous_9)
FN:194,(anonymous_10)
FN:210,(anonymous_11)
FN:220,(anonymous_12)
FN:233,(anonymous_13)
FN:246,(anonymous_14)
FN:272,(anonymous_15)
FN:291,(anonymous_16)
FN:331,(anonymous_17)
FN:348,(anonymous_18)
FNF:19
FNH:0
FNDA:0,(anonymous_0)
FNDA:0,(anonymous_1)
FNDA:0,(anonymous_2)
FNDA:0,(anonymous_3)
FNDA:0,(anonymous_4)
FNDA:0,(anonymous_5)
FNDA:0,(anonymous_6)
FNDA:0,(anonymous_7)
FNDA:0,(anonymous_8)
FNDA:0,(anonymous_9)
FNDA:0,(anonymous_10)
FNDA:0,(anonymous_11)
FNDA:0,(anonymous_12)
FNDA:0,(anonymous_13)
FNDA:0,(anonymous_14)
FNDA:0,(anonymous_15)
FNDA:0,(anonymous_16)
FNDA:0,(anonymous_17)
FNDA:0,(anonymous_18)
DA:38,0
DA:39,0
DA:40,0
DA:42,0
DA:50,0
DA:52,0
DA:53,0
DA:55,0
DA:58,0
DA:59,0
DA:63,0
DA:64,0
DA:65,0
DA:66,0
DA:71,0
DA:72,0
DA:73,0
DA:77,0
DA:78,0
DA:79,0
DA:82,0
DA:109,0
DA:168,0
DA:182,0
DA:195,0
DA:211,0
DA:221,0
DA:234,0
DA:247,0
DA:272,0
DA:273,0
DA:274,0
DA:276,0
DA:277,0
DA:279,0
DA:282,0
DA:284,0
DA:288,0
DA:289,0
DA:291,0
DA:292,0
DA:293,0
DA:294,0
DA:298,0
DA:331,0
DA:332,0
DA:333,0
DA:335,0
DA:336,0
DA:338,0
DA:339,0
DA:341,0
DA:345,0
DA:346,0
DA:348,0
DA:349,0
DA:350,0
DA:353,0
DA:381,0
LF:59
LH:0
BRDA:59,0,0,0
BRDA:59,0,1,0
BRDA:64,1,0,0
BRDA:64,1,1,0
BRDA:89,2,0,0
BRDA:89,2,1,0
BRDA:115,3,0,0
BRDA:115,3,1,0
BRDA:125,4,0,0
BRDA:125,4,1,0
BRDA:134,5,0,0
BRDA:134,5,1,0
BRDA:136,6,0,0
BRDA:136,6,1,0
BRDA:189,7,0,0
BRDA:189,7,1,0
BRDA:208,8,0,0
BRDA:208,8,1,0
BRDA:282,9,0,0
BRDA:282,9,1,0
BRDA:284,10,0,0
BRDA:284,10,1,0
BRDA:288,11,0,0
BRDA:288,11,1,0
BRDA:289,12,0,0
BRDA:289,12,1,0
BRDA:292,13,0,0
BRDA:292,13,1,0
BRDA:315,14,0,0
BRDA:315,14,1,0
BRDA:341,15,0,0
BRDA:341,15,1,0
BRDA:345,16,0,0
BRDA:345,16,1,0
BRDA:346,17,0,0
BRDA:346,17,1,0
BRDA:367,18,0,0
BRDA:367,18,1,0
BRF:38
BRH:0
end_of_record
TN:
SF:src\features\planning\hooks\usePlanningData.ts
FN:57,(anonymous_0)
FN:76,(anonymous_1)
FN:97,(anonymous_2)
FN:116,(anonymous_3)
FN:124,(anonymous_4)
FN:141,(anonymous_5)
FN:161,(anonymous_6)
FN:178,(anonymous_7)
FN:179,(anonymous_8)
FN:200,(anonymous_9)
FN:210,(anonymous_10)
FN:211,(anonymous_11)
FN:232,(anonymous_12)
FN:233,(anonymous_13)
FN:242,(anonymous_14)
FN:243,(anonymous_15)
FN:252,(anonymous_16)
FNF:17
FNH:0
FNDA:0,(anonymous_0)
FNDA:0,(anonymous_1)
FNDA:0,(anonymous_2)
FNDA:0,(anonymous_3)
FNDA:0,(anonymous_4)
FNDA:0,(anonymous_5)
FNDA:0,(anonymous_6)
FNDA:0,(anonymous_7)
FNDA:0,(anonymous_8)
FNDA:0,(anonymous_9)
FNDA:0,(anonymous_10)
FNDA:0,(anonymous_11)
FNDA:0,(anonymous_12)
FNDA:0,(anonymous_13)
FNDA:0,(anonymous_14)
FNDA:0,(anonymous_15)
FNDA:0,(anonymous_16)
DA:57,0
DA:61,0
DA:63,0
DA:66,0
DA:67,0
DA:68,0
DA:69,0
DA:70,0
DA:71,0
DA:76,0
DA:77,0
DA:78,0
DA:79,0
DA:80,0
DA:81,0
DA:84,0
DA:85,0
DA:87,0
DA:89,0
DA:94,0
DA:97,0
DA:98,0
DA:99,0
DA:102,0
DA:104,0
DA:105,0
DA:109,0
DA:116,0
DA:117,0
DA:123,0
DA:129,0
DA:131,0
DA:132,0
DA:134,0
DA:135,0
DA:141,0
DA:143,0
DA:145,0
DA:146,0
DA:149,0
DA:151,0
DA:160,0
DA:165,0
DA:167,0
DA:168,0
DA:170,0
DA:171,0
DA:178,0
DA:179,0
DA:182,0
DA:184,0
DA:185,0
DA:188,0
DA:190,0
DA:199,0
DA:201,0
DA:203,0
DA:204,0
DA:206,0
DA:207,0
DA:210,0
DA:211,0
DA:214,0
DA:216,0
DA:217,0
DA:220,0
DA:222,0
DA:231,0
DA:233,0
DA:241,0
DA:243,0
DA:244,0
DA:245,0
DA:252,0
DA:253,0
DA:256,0
LF:76
LH:0
BRDA:77,0,0,0
BRDA:77,0,1,0
BRDA:77,1,0,0
BRDA:77,1,1,0
BRDA:99,2,0,0
BRDA:99,2,1,0
BRDA:129,3,0,0
BRDA:129,3,1,0
BRDA:165,4,0,0
BRDA:165,4,1,0
BRDA:179,5,0,0
BRDA:179,5,1,0
BRDA:201,6,0,0
BRDA:201,6,1,0
BRF:14
BRH:0
end_of_record
TN:
SF:src\features\planning\hooks\useWeekNavigation.ts
FN:28,(anonymous_0)
FN:30,(anonymous_1)
FN:36,(anonymous_2)
FN:41,(anonymous_3)
FN:45,(anonymous_4)
FN:52,(anonymous_5)
FN:73,(anonymous_6)
FN:79,(anonymous_7)
FN:80,(anonymous_8)
FN:87,(anonymous_9)
FN:88,(anonymous_10)
FN:95,(anonymous_11)
FNF:12
FNH:0
FNDA:0,(anonymous_0)
FNDA:0,(anonymous_1)
FNDA:0,(anonymous_2)
FNDA:0,(anonymous_3)
FNDA:0,(anonymous_4)
FNDA:0,(anonymous_5)
FNDA:0,(anonymous_6)
FNDA:0,(anonymous_7)
FNDA:0,(anonymous_8)
FNDA:0,(anonymous_9)
FNDA:0,(anonymous_10)
FNDA:0,(anonymous_11)
DA:28,0
DA:30,0
DA:31,0
DA:35,0
DA:36,0
DA:41,0
DA:42,0
DA:45,0
DA:46,0
DA:47,0
DA:48,0
DA:52,0
DA:53,0
DA:54,0
DA:55,0
DA:57,0
DA:62,0
DA:63,0
DA:69,0
DA:73,0
DA:74,0
DA:75,0
DA:79,0
DA:80,0
DA:81,0
DA:82,0
DA:83,0
DA:87,0
DA:88,0
DA:89,0
DA:90,0
DA:91,0
DA:95,0
DA:96,0
DA:99,0
LF:35
LH:0
BRDA:66,0,0,0
BRDA:66,0,1,0
BRF:2
BRH:0
end_of_record
TN:
SF:src\features\planning\utils\planningHelpers.ts
FNF:0
FNH:0
LF:0
LH:0
BRF:0
BRH:0
end_of_record
TN:
SF:src\features\profile\ui\ProfileAvatar.tsx
FN:19,(anonymous_0)
FNF:1
FNH:0
FNDA:0,(anonymous_0)
DA:19,0
DA:25,0
DA:27,0
DA:78,0
LF:4
LH:0
BRDA:22,0,0,0
BRDA:23,1,0,0
BRF:2
BRH:0
end_of_record
TN:
SF:src\features\profile\ui\ProfileInfoCard.tsx
FN:41,(anonymous_0)
FNF:1
FNH:0
FNDA:0,(anonymous_0)
DA:41,0
DA:51,0
DA:53,0
DA:169,0
LF:4
LH:0
BRDA:45,0,0,0
BRDA:48,1,0,0
BRDA:49,2,0,0
BRF:3
BRH:0
end_of_record
TN:
SF:src\features\profile\ui\SettingsList.tsx
FN:11,(anonymous_0)
FNF:1
FNH:0
FNDA:0,(anonymous_0)
DA:11,0
DA:12,0
DA:14,0
DA:20,0
DA:23,0
DA:24,0
DA:31,0
DA:36,0
LF:8
LH:0
BRDA:11,0,0,0
BRDA:23,1,0,0
BRDA:23,1,1,0
BRF:3
BRH:0
end_of_record
TN:
SF:src\features\profile\ui\SettingsListItem.tsx
FN:19,(anonymous_0)
FNF:1
FNH:0
FNDA:0,(anonymous_0)
DA:19,0
DA:28,0
DA:30,0
DA:32,0
DA:37,0
DA:70,0
DA:71,0
DA:78,0
DA:83,0
LF:9
LH:0
BRDA:24,0,0,0
BRDA:25,1,0,0
BRDA:26,2,0,0
BRDA:32,3,0,0
BRDA:32,3,1,0
BRDA:40,4,0,0
BRDA:40,4,1,0
BRDA:41,5,0,0
BRDA:41,5,1,0
BRDA:56,6,0,0
BRDA:56,6,1,0
BRDA:65,7,0,0
BRDA:65,7,1,0
BRDA:70,8,0,0
BRDA:70,8,1,0
BRF:15
BRH:0
end_of_record
TN:
SF:src\features\settings\index.ts
FNF:0
FNH:0
LF:0
LH:0
BRF:0
BRH:0
end_of_record
TN:
SF:src\features\settings\screen\SettingsScreen.tsx
FN:33,(anonymous_0)
FN:48,(anonymous_1)
FN:94,(anonymous_2)
FN:115,(anonymous_3)
FN:187,(anonymous_4)
FN:234,(anonymous_5)
FN:265,(anonymous_6)
FN:278,(anonymous_7)
FN:296,(anonymous_8)
FN:310,(anonymous_9)
FNF:10
FNH:0
FNDA:0,(anonymous_0)
FNDA:0,(anonymous_1)
FNDA:0,(anonymous_2)
FNDA:0,(anonymous_3)
FNDA:0,(anonymous_4)
FNDA:0,(anonymous_5)
FNDA:0,(anonymous_6)
FNDA:0,(anonymous_7)
FNDA:0,(anonymous_8)
FNDA:0,(anonymous_9)
DA:33,0
DA:42,0
DA:44,0
DA:48,0
DA:94,0
DA:98,0
DA:100,0
DA:115,0
DA:116,0
DA:117,0
DA:118,0
DA:121,0
DA:122,0
DA:124,0
DA:348,0
LF:15
LH:0
BRDA:39,0,0,0
BRDA:40,1,0,0
BRDA:51,2,0,0
BRDA:51,2,1,0
BRDA:69,3,0,0
BRDA:69,3,1,0
BRDA:78,4,0,0
BRDA:78,4,1,0
BRDA:78,4,2,0
BRDA:96,5,0,0
BRDA:169,6,0,0
BRDA:169,6,1,0
BRDA:216,7,0,0
BRDA:216,7,1,0
BRDA:334,8,0,0
BRDA:334,8,1,0
BRF:16
BRH:0
end_of_record
TN:
SF:src\features\settings\ui\ThemeSelector.tsx
FN:34,(anonymous_0)
FN:42,(anonymous_1)
FN:44,(anonymous_2)
FN:71,(anonymous_3)
FN:83,(anonymous_4)
FN:146,(anonymous_5)
FN:204,(anonymous_6)
FN:209,(anonymous_7)
FNF:8
FNH:0
FNDA:0,(anonymous_0)
FNDA:0,(anonymous_1)
FNDA:0,(anonymous_2)
FNDA:0,(anonymous_3)
FNDA:0,(anonymous_4)
FNDA:0,(anonymous_5)
FNDA:0,(anonymous_6)
FNDA:0,(anonymous_7)
DA:24,0
DA:34,0
DA:42,0
DA:44,0
DA:45,0
DA:51,0
DA:57,0
DA:71,0
DA:83,0
DA:84,0
DA:85,0
DA:88,0
DA:146,0
DA:150,0
DA:153,0
DA:186,0
DA:205,0
DA:209,0
DA:239,0
LF:19
LH:0
BRDA:42,0,0,0
BRDA:42,0,1,0
BRDA:62,1,0,0
BRDA:62,1,1,0
BRDA:72,2,0,0
BRDA:72,2,1,0
BRDA:75,3,0,0
BRDA:75,3,1,0
BRDA:99,4,0,0
BRDA:99,4,1,0
BRDA:113,5,0,0
BRDA:113,5,1,0
BRDA:147,6,0,0
BRDA:148,7,0,0
BRDA:181,8,0,0
BRDA:181,8,1,0
BRDA:189,9,0,0
BRDA:189,9,1,0
BRDA:194,10,0,0
BRDA:194,10,1,0
BRDA:227,11,0,0
BRDA:227,11,1,0
BRF:22
BRH:0
end_of_record
TN:
SF:src\features\spots\hooks\useInstructorAssociation.ts
FN:29,useInstructorAssociation
FN:41,(anonymous_1)
FN:50,(anonymous_2)
FN:60,(anonymous_3)
FN:66,(anonymous_4)
FN:78,(anonymous_5)
FN:112,(anonymous_6)
FN:125,(anonymous_7)
FNF:8
FNH:6
FNDA:19,useInstructorAssociation
FNDA:8,(anonymous_1)
FNDA:2,(anonymous_2)
FNDA:9,(anonymous_3)
FNDA:2,(anonymous_4)
FNDA:0,(anonymous_5)
FNDA:2,(anonymous_6)
FNDA:0,(anonymous_7)
DA:37,19
DA:38,19
DA:39,19
DA:41,19
DA:42,8
DA:43,3
DA:44,3
DA:47,5
DA:48,5
DA:49,5
DA:50,4
DA:51,4
DA:53,1
DA:54,1
DA:56,5
DA:60,19
DA:61,9
DA:62,8
DA:66,19
DA:67,2
DA:69,1
DA:71,1
DA:79,0
DA:80,0
DA:81,0
DA:82,0
DA:83,0
DA:86,0
DA:90,0
DA:91,0
DA:94,0
DA:95,0
DA:96,0
DA:104,0
DA:112,19
DA:113,2
DA:115,1
DA:117,1
DA:126,0
DA:127,0
DA:128,0
DA:129,0
DA:130,0
DA:133,0
DA:134,0
DA:137,0
DA:138,0
DA:139,0
DA:147,0
DA:155,19
LF:50
LH:27
BRDA:42,0,0,3
BRDA:42,0,1,5
BRDA:42,1,0,8
BRDA:42,1,1,8
BRDA:61,2,0,8
BRDA:61,2,1,1
BRDA:67,3,0,1
BRDA:67,3,1,1
BRDA:90,4,0,0
BRDA:90,4,1,0
BRDA:113,5,0,1
BRDA:113,5,1,1
BRDA:133,6,0,0
BRDA:133,6,1,0
BRF:14
BRH:10
end_of_record
TN:
SF:src\features\spots\hooks\useSpotCardData.ts
FN:22,useSpotCardData
FN:35,(anonymous_1)
FN:39,(anonymous_2)
FN:53,(anonymous_3)
FN:67,(anonymous_4)
FN:82,(anonymous_5)
FN:87,(anonymous_6)
FNF:7
FNH:7
FNDA:25,useSpotCardData
FNDA:9,(anonymous_1)
FNDA:15,(anonymous_2)
FNDA:4,(anonymous_3)
FNDA:5,(anonymous_4)
FNDA:9,(anonymous_5)
FNDA:10,(anonymous_6)
DA:26,25
DA:27,25
DA:28,25
DA:29,25
DA:30,25
DA:31,25
DA:32,25
DA:33,25
DA:35,25
DA:36,9
DA:37,9
DA:38,9
DA:39,15
DA:44,8
DA:46,1
DA:47,1
DA:49,9
DA:53,25
DA:54,4
DA:55,4
DA:56,4
DA:57,3
DA:58,3
DA:60,1
DA:61,1
DA:63,4
DA:67,25
DA:68,5
DA:69,5
DA:70,5
DA:71,4
DA:72,4
DA:74,1
DA:75,1
DA:77,5
DA:82,25
DA:83,9
DA:87,25
DA:88,10
DA:89,4
DA:90,4
DA:94,25
LF:42
LH:42
BRDA:88,0,0,4
BRDA:88,0,1,6
BRF:2
BRH:2
end_of_record
TN:
SF:src\features\spots\hooks\useSpotCardGesture.ts
FN:26,useSpotCardGesture
FN:34,(anonymous_1)
FN:44,(anonymous_2)
FN:49,(anonymous_3)
FN:58,(anonymous_4)
FNF:5
FNH:0
FNDA:0,useSpotCardGesture
FNDA:0,(anonymous_1)
FNDA:0,(anonymous_2)
FNDA:0,(anonymous_3)
FNDA:0,(anonymous_4)
DA:12,0
DA:30,0
DA:31,0
DA:32,0
DA:34,0
DA:35,0
DA:36,0
DA:37,0
DA:42,0
DA:45,0
DA:46,0
DA:50,0
DA:51,0
DA:52,0
DA:54,0
DA:58,0
DA:63,0
LF:17
LH:0
BRDA:38,0,0,0
BRDA:38,0,1,0
BRDA:45,1,0,0
BRDA:45,1,1,0
BRDA:50,2,0,0
BRDA:50,2,1,0
BRF:6
BRH:0
end_of_record
TN:
SF:src\features\spots\ui\SpotCard\HorizontalCardList.tsx
FN:31,HorizontalCardList
FN:64,(anonymous_1)
FNF:2
FNH:0
FNDA:0,HorizontalCardList
FNDA:0,(anonymous_1)
DA:41,0
DA:42,0
DA:45,0
DA:65,0
DA:74,0
LF:5
LH:0
BRDA:35,0,0,0
BRDA:36,1,0,0
BRDA:39,2,0,0
BRDA:41,3,0,0
BRDA:41,3,1,0
BRDA:49,4,0,0
BRDA:49,4,1,0
BRDA:58,5,0,0
BRDA:58,5,1,0
BRF:9
BRH:0
end_of_record
TN:
SF:src\features\spots\ui\SpotCard\InstructorAssociationButton.tsx
FN:21,(anonymous_0)
FNF:1
FNH:0
FNDA:0,(anonymous_0)
DA:21,0
DA:28,0
DA:30,0
DA:31,0
DA:46,0
DA:47,0
DA:99,0
DA:151,0
LF:8
LH:0
BRDA:30,0,0,0
BRDA:30,0,1,0
BRDA:46,1,0,0
BRDA:46,1,1,0
BRDA:80,2,0,0
BRDA:80,2,1,0
BRDA:130,3,0,0
BRDA:130,3,1,0
BRF:8
BRH:0
end_of_record
TN:
SF:src\features\spots\ui\SpotCard\InstructorCard.tsx
FN:27,(anonymous_0)
FN:40,(anonymous_1)
FN:41,(anonymous_2)
FN:61,(anonymous_3)
FN:65,(anonymous_4)
FN:69,(anonymous_5)
FN:79,(anonymous_6)
FNF:7
FNH:0
FNDA:0,(anonymous_0)
FNDA:0,(anonymous_1)
FNDA:0,(anonymous_2)
FNDA:0,(anonymous_3)
FNDA:0,(anonymous_4)
FNDA:0,(anonymous_5)
FNDA:0,(anonymous_6)
DA:27,0
DA:33,0
DA:36,0
DA:37,0
DA:40,0
DA:41,0
DA:42,0
DA:43,0
DA:44,0
DA:45,0
DA:46,0
DA:49,0
DA:51,0
DA:55,0
DA:59,0
DA:61,0
DA:62,0
DA:65,0
DA:66,0
DA:69,0
DA:70,0
DA:71,0
DA:75,0
DA:79,0
DA:80,0
DA:81,0
DA:85,0
DA:236,0
LF:28
LH:0
BRDA:29,0,0,0
BRDA:45,1,0,0
BRDA:45,1,1,0
BRDA:70,2,0,0
BRDA:70,2,1,0
BRDA:80,3,0,0
BRDA:80,3,1,0
BRDA:90,4,0,0
BRDA:90,4,1,0
BRDA:93,5,0,0
BRDA:93,5,1,0
BRDA:96,6,0,0
BRDA:96,6,1,0
BRDA:103,7,0,0
BRDA:103,7,1,0
BRDA:119,8,0,0
BRDA:119,8,1,0
BRDA:124,9,0,0
BRDA:124,9,1,0
BRDA:179,10,0,0
BRDA:179,10,1,0
BRDA:179,10,2,0
BRDA:194,11,0,0
BRDA:194,11,1,0
BRDA:194,11,2,0
BRDA:196,12,0,0
BRDA:196,12,1,0
BRDA:212,13,0,0
BRDA:212,13,1,0
BRF:29
BRH:0
end_of_record
TN:
SF:src\features\spots\ui\SpotCard\ServiceCard.tsx
FN:23,(anonymous_0)
FN:38,(anonymous_1)
FNF:2
FNH:0
FNDA:0,(anonymous_0)
FNDA:0,(anonymous_1)
DA:23,0
DA:28,0
DA:32,0
DA:36,0
DA:38,0
DA:39,0
DA:42,0
DA:101,0
LF:8
LH:0
BRDA:25,0,0,0
BRDA:32,1,0,0
BRDA:32,1,1,0
BRDA:47,2,0,0
BRDA:47,2,1,0
BRDA:50,3,0,0
BRDA:50,3,1,0
BRDA:53,4,0,0
BRDA:53,4,1,0
BRDA:60,5,0,0
BRDA:60,5,1,0
BRDA:87,6,0,0
BRDA:87,6,1,0
BRF:13
BRH:0
end_of_record
TN:
SF:src\features\spots\ui\SpotCard\ServiceList.tsx
FN:15,(anonymous_0)
FN:49,(anonymous_1)
FN:53,(anonymous_2)
FNF:3
FNH:0
FNDA:0,(anonymous_0)
FNDA:0,(anonymous_1)
FNDA:0,(anonymous_2)
DA:15,0
DA:20,0
DA:22,0
DA:50,0
DA:53,0
DA:65,0
LF:6
LH:0
BRDA:18,0,0,0
BRDA:27,1,0,0
BRDA:27,1,1,0
BRDA:31,2,0,0
BRDA:31,2,1,0
BRDA:41,3,0,0
BRDA:41,3,1,0
BRDA:44,4,0,0
BRDA:44,4,1,0
BRF:9
BRH:0
end_of_record
TN:
SF:src\features\spots\ui\SpotCard\SpotActions.tsx
FN:21,(anonymous_0)
FN:32,(anonymous_1)
FNF:2
FNH:0
FNDA:0,(anonymous_0)
FNDA:0,(anonymous_1)
DA:21,0
DA:30,0
DA:32,0
DA:33,0
DA:34,0
DA:38,0
DA:41,0
DA:42,0
DA:50,0
DA:51,0
DA:55,0
DA:127,0
LF:12
LH:0
BRDA:33,0,0,0
BRDA:33,0,1,0
BRDA:33,1,0,0
BRDA:33,1,1,0
BRDA:61,2,0,0
BRDA:61,2,1,0
BRDA:70,3,0,0
BRDA:70,3,1,0
BRF:8
BRH:0
end_of_record
TN:
SF:src\features\spots\ui\SpotCard\SpotCard.tsx
FN:43,(anonymous_0)
FN:78,(anonymous_1)
FNF:2
FNH:0
FNDA:0,(anonymous_0)
FNDA:0,(anonymous_1)
DA:37,0
DA:38,0
DA:39,0
DA:40,0
DA:41,0
DA:43,0
DA:44,0
DA:45,0
DA:47,0
DA:52,0
DA:67,0
DA:69,0
DA:78,0
DA:79,0
DA:80,0
DA:82,0
DA:86,0
DA:87,0
DA:89,0
DA:246,0
LF:20
LH:0
BRDA:47,0,0,0
BRDA:47,0,1,0
BRDA:79,1,0,0
BRDA:79,1,1,0
BRDA:86,2,0,0
BRDA:86,2,1,0
BRDA:87,3,0,0
BRDA:87,3,1,0
BRDA:99,4,0,0
BRDA:99,4,1,0
BRDA:107,5,0,0
BRDA:107,5,1,0
BRDA:119,6,0,0
BRDA:119,6,1,0
BRDA:165,7,0,0
BRDA:165,7,1,0
BRDA:165,7,2,0
BRDA:176,8,0,0
BRDA:176,8,1,0
BRDA:185,9,0,0
BRDA:185,9,1,0
BRDA:192,10,0,0
BRDA:192,10,1,0
BRDA:194,11,0,0
BRDA:194,11,1,0
BRDA:204,12,0,0
BRDA:204,12,1,0
BRDA:204,12,2,0
BRDA:216,13,0,0
BRDA:216,13,1,0
BRDA:216,13,2,0
BRDA:216,13,3,0
BRDA:228,14,0,0
BRDA:228,14,1,0
BRDA:228,14,2,0
BRF:35
BRH:0
end_of_record
TN:
SF:src\features\spots\ui\SpotCard\SpotCardCustomerView.tsx
FN:33,(anonymous_0)
FN:52,(anonymous_1)
FN:58,(anonymous_2)
FN:63,(anonymous_3)
FN:67,(anonymous_4)
FN:71,(anonymous_5)
FN:74,(anonymous_6)
FN:133,(anonymous_7)
FN:134,(anonymous_8)
FN:193,(anonymous_9)
FN:194,(anonymous_10)
FNF:11
FNH:0
FNDA:0,(anonymous_0)
FNDA:0,(anonymous_1)
FNDA:0,(anonymous_2)
FNDA:0,(anonymous_3)
FNDA:0,(anonymous_4)
FNDA:0,(anonymous_5)
FNDA:0,(anonymous_6)
FNDA:0,(anonymous_7)
FNDA:0,(anonymous_8)
FNDA:0,(anonymous_9)
FNDA:0,(anonymous_10)
DA:33,0
DA:42,0
DA:43,0
DA:45,0
DA:48,0
DA:52,0
DA:53,0
DA:58,0
DA:59,0
DA:60,0
DA:63,0
DA:64,0
DA:67,0
DA:68,0
DA:70,0
DA:71,0
DA:73,0
DA:74,0
DA:77,0
DA:78,0
DA:82,0
DA:85,0
DA:102,0
DA:133,0
DA:135,0
DA:193,0
DA:195,0
DA:248,0
LF:28
LH:0
BRDA:54,0,0,0
BRDA:54,0,1,0
BRDA:60,1,0,0
BRDA:60,1,1,0
BRDA:68,2,0,0
BRDA:68,2,1,0
BRDA:68,3,0,0
BRDA:68,3,1,0
BRDA:77,4,0,0
BRDA:77,4,1,0
BRDA:77,5,0,0
BRDA:77,5,1,0
BRDA:89,6,0,0
BRDA:89,6,1,0
BRDA:90,7,0,0
BRDA:90,7,1,0
BRDA:92,8,0,0
BRDA:92,8,1,0
BRDA:93,9,0,0
BRDA:93,9,1,0
BRDA:95,10,0,0
BRDA:95,10,1,0
BRDA:96,11,0,0
BRDA:96,11,1,0
BRDA:97,12,0,0
BRDA:97,12,1,0
BRDA:105,13,0,0
BRDA:105,13,1,0
BRDA:113,14,0,0
BRDA:113,14,1,0
BRDA:117,15,0,0
BRDA:117,15,1,0
BRDA:147,16,0,0
BRDA:147,16,1,0
BRDA:147,16,2,0
BRDA:147,16,3,0
BRDA:161,17,0,0
BRDA:161,17,1,0
BRDA:164,18,0,0
BRDA:164,18,1,0
BRDA:169,19,0,0
BRDA:169,19,1,0
BRDA:175,20,0,0
BRDA:175,20,1,0
BRDA:175,20,2,0
BRDA:177,21,0,0
BRDA:177,21,1,0
BRDA:206,22,0,0
BRDA:206,22,1,0
BRDA:206,22,2,0
BRDA:206,22,3,0
BRDA:223,23,0,0
BRDA:223,23,1,0
BRDA:223,23,2,0
BRF:54
BRH:0
end_of_record
TN:
SF:src\features\spots\ui\SpotCard\SpotCardInstructorView.tsx
FN:15,(anonymous_0)
FN:22,(anonymous_1)
FN:41,(anonymous_2)
FN:42,(anonymous_3)
FN:46,(anonymous_4)
FNF:5
FNH:0
FNDA:0,(anonymous_0)
FNDA:0,(anonymous_1)
FNDA:0,(anonymous_2)
FNDA:0,(anonymous_3)
FNDA:0,(anonymous_4)
DA:15,0
DA:19,0
DA:20,0
DA:22,0
DA:23,0
DA:26,0
DA:41,0
DA:43,0
DA:68,0
LF:9
LH:0
BRDA:34,0,0,0
BRDA:34,0,1,0
BRDA:38,1,0,0
BRDA:38,1,1,0
BRF:4
BRH:0
end_of_record
TN:
SF:src\features\spots\ui\SpotCard\SpotImage.tsx
FN:10,(anonymous_0)
FNF:1
FNH:0
FNDA:0,(anonymous_0)
DA:10,0
DA:11,0
DA:13,0
DA:14,0
DA:23,0
DA:37,0
LF:6
LH:0
BRDA:13,0,0,0
BRDA:13,0,1,0
BRF:2
BRH:0
end_of_record
TN:
SF:src\features\spots\ui\SpotCard\SpotInfo.tsx
FN:15,(anonymous_0)
FNF:1
FNH:0
FNDA:0,(anonymous_0)
DA:15,0
DA:23,0
DA:25,0
DA:80,0
LF:4
LH:0
BRDA:47,0,0,0
BRDA:47,0,1,0
BRDA:70,1,0,0
BRDA:70,1,1,0
BRF:4
BRH:0
end_of_record
TN:
SF:src\features\spots\ui\SpotDetails\EmptyServiceState.tsx
FN:12,(anonymous_0)
FNF:1
FNH:0
FNDA:0,(anonymous_0)
DA:12,0
DA:13,0
DA:15,0
DA:73,0
LF:4
LH:0
BRF:0
BRH:0
end_of_record
TN:
SF:src\features\spots\ui\SpotDetails\SpotDetailsHeader.tsx
FN:17,(anonymous_0)
FNF:1
FNH:0
FNDA:0,(anonymous_0)
DA:17,0
DA:24,0
DA:26,0
DA:120,0
LF:4
LH:0
BRDA:35,0,0,0
BRDA:35,0,1,0
BRDA:58,1,0,0
BRDA:58,1,1,0
BRDA:77,2,0,0
BRDA:77,2,1,0
BRDA:91,3,0,0
BRDA:91,3,1,0
BRF:8
BRH:0
end_of_record
TN:
SF:src\shared\contexts\AuthContext.tsx
FN:59,(anonymous_0)
FN:66,(anonymous_1)
FN:67,(anonymous_2)
FN:68,(anonymous_3)
FN:71,(anonymous_4)
FN:75,(anonymous_5)
FN:76,(anonymous_6)
FN:82,(anonymous_7)
FN:112,(anonymous_8)
FN:151,(anonymous_9)
FN:171,(anonymous_10)
FN:187,(anonymous_11)
FN:222,(anonymous_12)
FNF:13
FNH:12
FNDA:29,(anonymous_0)
FNDA:18,(anonymous_1)
FNDA:18,(anonymous_2)
FNDA:18,(anonymous_3)
FNDA:12,(anonymous_4)
FNDA:12,(anonymous_5)
FNDA:0,(anonymous_6)
FNDA:12,(anonymous_7)
FNDA:5,(anonymous_8)
FNDA:2,(anonymous_9)
FNDA:1,(anonymous_10)
FNDA:29,(anonymous_11)
FNDA:31,(anonymous_12)
DA:28,2
DA:50,2
DA:59,2
DA:61,29
DA:62,29
DA:63,29
DA:66,29
DA:67,29
DA:68,29
DA:71,29
DA:72,12
DA:75,29
DA:76,12
DA:82,29
DA:83,12
DA:84,12
DA:87,12
DA:92,11
DA:93,1
DA:94,1
DA:95,1
DA:98,11
DA:100,1
DA:102,1
DA:104,12
DA:111,29
DA:113,5
DA:115,5
DA:127,5
DA:136,4
DA:137,4
DA:139,4
DA:141,1
DA:142,1
DA:151,29
DA:152,2
DA:154,2
DA:157,1
DA:159,1
DA:161,1
DA:163,1
DA:164,1
DA:171,29
DA:172,1
DA:173,1
DA:177,1
DA:178,1
DA:179,1
DA:181,0
DA:186,29
DA:187,29
DA:214,29
DA:222,2
DA:223,31
DA:225,31
DA:226,2
DA:229,29
LF:57
LH:56
BRDA:92,0,0,1
BRDA:92,0,1,10
BRDA:225,1,0,2
BRDA:225,1,1,29
BRF:4
BRH:4
end_of_record
TN:
SF:src\shared\contexts\NavigationContext.tsx
FN:14,(anonymous_0)
FN:17,(anonymous_1)
FN:18,(anonymous_2)
FN:29,(anonymous_3)
FNF:4
FNH:0
FNDA:0,(anonymous_0)
FNDA:0,(anonymous_1)
FNDA:0,(anonymous_2)
FNDA:0,(anonymous_3)
DA:10,0
DA:14,0
DA:15,0
DA:17,0
DA:18,0
DA:20,0
DA:29,0
DA:30,0
DA:31,0
DA:32,0
DA:34,0
LF:11
LH:0
BRDA:31,0,0,0
BRDA:31,0,1,0
BRF:2
BRH:0
end_of_record
TN:
SF:src\shared\hooks\useImagePicker.ts
FN:66,useImagePicker
FN:79,(anonymous_1)
FN:90,(anonymous_2)
FN:103,(anonymous_3)
FN:114,(anonymous_4)
FN:127,(anonymous_5)
FN:142,(anonymous_6)
FN:160,(anonymous_7)
FN:186,(anonymous_8)
FN:215,(anonymous_9)
FN:244,(anonymous_10)
FN:251,(anonymous_11)
FN:260,(anonymous_12)
FN:280,(anonymous_13)
FNF:14
FNH:0
FNDA:0,useImagePicker
FNDA:0,(anonymous_1)
FNDA:0,(anonymous_2)
FNDA:0,(anonymous_3)
FNDA:0,(anonymous_4)
FNDA:0,(anonymous_5)
FNDA:0,(anonymous_6)
FNDA:0,(anonymous_7)
FNDA:0,(anonymous_8)
FNDA:0,(anonymous_9)
FNDA:0,(anonymous_10)
FNDA:0,(anonymous_11)
FNDA:0,(anonymous_12)
FNDA:0,(anonymous_13)
DA:55,0
DA:69,0
DA:72,0
DA:74,0
DA:79,0
DA:80,0
DA:82,0
DA:83,0
DA:90,0
DA:94,0
DA:97,0
DA:103,0
DA:104,0
DA:106,0
DA:107,0
DA:114,0
DA:118,0
DA:121,0
DA:127,0
DA:128,0
DA:129,0
DA:132,0
DA:133,0
DA:136,0
DA:142,0
DA:143,0
DA:145,0
DA:147,0
DA:149,0
DA:151,0
DA:153,0
DA:160,0
DA:163,0
DA:164,0
DA:167,0
DA:169,0
DA:178,0
DA:179,0
DA:186,0
DA:187,0
DA:188,0
DA:190,0
DA:191,0
DA:192,0
DA:195,0
DA:202,0
DA:204,0
DA:205,0
DA:206,0
DA:208,0
DA:215,0
DA:216,0
DA:217,0
DA:219,0
DA:220,0
DA:221,0
DA:224,0
DA:230,0
DA:232,0
DA:233,0
DA:234,0
DA:236,0
DA:243,0
DA:245,0
DA:252,0
DA:253,0
DA:254,0
DA:261,0
DA:262,0
DA:263,0
DA:280,0
DA:281,0
DA:284,0
LF:73
LH:0
BRDA:67,0,0,0
BRDA:82,1,0,0
BRDA:82,1,1,0
BRDA:106,2,0,0
BRDA:106,2,1,0
BRDA:132,3,0,0
BRDA:132,3,1,0
BRDA:145,4,0,0
BRDA:145,4,1,0
BRDA:145,4,2,0
BRDA:145,4,3,0
BRDA:163,5,0,0
BRDA:163,5,1,0
BRDA:163,6,0,0
BRDA:163,6,1,0
BRDA:163,6,2,0
BRDA:171,7,0,0
BRDA:171,7,1,0
BRDA:191,8,0,0
BRDA:191,8,1,0
BRDA:220,9,0,0
BRDA:220,9,1,0
BRDA:253,10,0,0
BRDA:253,10,1,0
BRDA:253,11,0,0
BRDA:253,11,1,0
BRDA:262,12,0,0
BRDA:262,12,1,0
BRDA:262,13,0,0
BRDA:262,13,1,0
BRF:30
BRH:0
end_of_record
TN:
SF:src\shared\services\authService.ts
FN:24,(anonymous_0)
FN:49,(anonymous_1)
FN:72,(anonymous_2)
FNF:3
FNH:3
FNDA:5,(anonymous_0)
FNDA:3,(anonymous_1)
FNDA:4,(anonymous_2)
DA:24,1
DA:27,5
DA:28,5
DA:29,5
DA:33,4
DA:34,2
DA:35,2
DA:37,4
DA:39,1
DA:49,1
DA:52,3
DA:53,3
DA:54,3
DA:55,2
DA:57,1
DA:72,1
DA:73,4
DA:74,4
DA:75,4
DA:78,3
DA:80,1
LF:21
LH:21
BRDA:33,0,0,2
BRDA:33,0,1,2
BRF:2
BRH:2
end_of_record
TN:
SF:src\shared\services\availabilityService.ts
FN:13,(anonymous_0)
FN:33,(anonymous_1)
FN:58,(anonymous_2)
FN:84,(anonymous_3)
FN:110,(anonymous_4)
FNF:5
FNH:0
FNDA:0,(anonymous_0)
FNDA:0,(anonymous_1)
FNDA:0,(anonymous_2)
FNDA:0,(anonymous_3)
FNDA:0,(anonymous_4)
DA:13,0
DA:16,0
DA:17,0
DA:20,0
DA:22,0
DA:33,0
DA:38,0
DA:39,0
DA:45,0
DA:47,0
DA:58,0
DA:66,0
DA:67,0
DA:71,0
DA:73,0
DA:84,0
DA:92,0
DA:93,0
DA:97,0
DA:99,0
DA:110,0
DA:114,0
DA:115,0
DA:119,0
LF:24
LH:0
BRF:0
BRH:0
end_of_record
TN:
SF:src\shared\services\availableSlotsService.ts
FN:19,(anonymous_0)
FN:38,(anonymous_1)
FN:39,(anonymous_2)
FN:56,(anonymous_3)
FNF:4
FNH:4
FNDA:8,(anonymous_0)
FNDA:19,(anonymous_1)
FNDA:13,(anonymous_2)
FNDA:26,(anonymous_3)
DA:19,1
DA:25,8
DA:26,8
DA:37,7
DA:38,19
DA:39,13
DA:46,1
DA:56,1
DA:58,26
DA:60,24
LF:10
LH:10
BRDA:58,0,0,2
BRDA:58,0,1,24
BRF:2
BRH:2
end_of_record
TN:
SF:src\shared\services\bookingService.ts
FN:17,(anonymous_0)
FN:36,(anonymous_1)
FNF:2
FNH:2
FNDA:3,(anonymous_0)
FNDA:3,(anonymous_1)
DA:17,1
DA:21,3
DA:22,3
DA:26,2
DA:28,1
DA:36,1
DA:39,3
DA:40,3
DA:43,2
DA:45,1
LF:10
LH:10
BRF:0
BRH:0
end_of_record
TN:
SF:src\shared\services\instructorCoursesService.ts
FN:25,(anonymous_0)
FN:44,(anonymous_1)
FN:64,(anonymous_2)
FN:84,(anonymous_3)
FNF:4
FNH:0
FNDA:0,(anonymous_0)
FNDA:0,(anonymous_1)
FNDA:0,(anonymous_2)
FNDA:0,(anonymous_3)
DA:25,0
DA:29,0
DA:30,0
DA:34,0
DA:36,0
DA:44,0
DA:47,0
DA:48,0
DA:51,0
DA:53,0
DA:64,0
DA:67,0
DA:68,0
DA:71,0
DA:73,0
DA:84,0
DA:88,0
DA:89,0
DA:93,0
LF:19
LH:0
BRF:0
BRH:0
end_of_record
TN:
SF:src\shared\services\instructorService.ts
FN:6,(anonymous_0)
FNF:1
FNH:0
FNDA:0,(anonymous_0)
DA:6,0
DA:9,0
DA:10,0
DA:11,0
DA:12,0
DA:14,0
LF:6
LH:0
BRF:0
BRH:0
end_of_record
TN:
SF:src\shared\services\instructorSpotsService.ts
FN:26,(anonymous_0)
FN:42,(anonymous_1)
FN:61,(anonymous_2)
FN:75,(anonymous_3)
FNF:4
FNH:0
FNDA:0,(anonymous_0)
FNDA:0,(anonymous_1)
FNDA:0,(anonymous_2)
FNDA:0,(anonymous_3)
DA:26,2
DA:29,0
DA:30,0
DA:33,0
DA:35,0
DA:42,2
DA:46,0
DA:47,0
DA:48,0
DA:52,0
DA:54,0
DA:61,2
DA:65,0
DA:66,0
DA:68,0
DA:75,2
DA:78,0
DA:79,0
DA:82,0
DA:83,0
DA:85,0
DA:87,0
LF:22
LH:4
BRDA:82,0,0,0
BRDA:82,0,1,0
BRF:2
BRH:0
end_of_record
TN:
SF:src\shared\services\myBookingService.ts
FN:17,(anonymous_0)
FN:36,(anonymous_1)
FN:58,(anonymous_2)
FNF:3
FNH:3
FNDA:3,(anonymous_0)
FNDA:3,(anonymous_1)
FNDA:3,(anonymous_2)
DA:17,2
DA:20,3
DA:21,3
DA:24,2
DA:26,1
DA:36,2
DA:41,3
DA:42,3
DA:43,3
DA:48,1
DA:58,2
DA:63,3
DA:64,3
DA:65,3
DA:69,2
DA:71,1
LF:16
LH:16
BRDA:42,0,0,1
BRDA:42,0,1,2
BRF:2
BRH:2
end_of_record
TN:
SF:src\shared\services\navigationService.ts
FN:20,(anonymous_0)
FN:31,(anonymous_1)
FN:51,(anonymous_2)
FN:66,(anonymous_3)
FN:78,(anonymous_4)
FN:132,(anonymous_5)
FN:182,(anonymous_6)
FN:184,(anonymous_7)
FN:204,(anonymous_8)
FNF:9
FNH:0
FNDA:0,(anonymous_0)
FNDA:0,(anonymous_1)
FNDA:0,(anonymous_2)
FNDA:0,(anonymous_3)
FNDA:0,(anonymous_4)
FNDA:0,(anonymous_5)
FNDA:0,(anonymous_6)
FNDA:0,(anonymous_7)
FNDA:0,(anonymous_8)
DA:20,0
DA:21,0
DA:22,0
DA:24,0
DA:31,0
DA:35,0
DA:37,0
DA:39,0
DA:40,0
DA:45,0
DA:51,0
DA:55,0
DA:56,0
DA:58,0
DA:66,0
DA:70,0
DA:72,0
DA:78,0
DA:84,0
DA:86,0
DA:88,0
DA:90,0
DA:91,0
DA:93,0
DA:96,0
DA:97,0
DA:99,0
DA:100,0
DA:103,0
DA:104,0
DA:107,0
DA:110,0
DA:111,0
DA:113,0
DA:114,0
DA:115,0
DA:116,0
DA:118,0
DA:119,0
DA:121,0
DA:124,0
DA:125,0
DA:132,0
DA:137,0
DA:140,0
DA:141,0
DA:142,0
DA:150,0
DA:151,0
DA:159,0
DA:160,0
DA:161,0
DA:169,0
DA:170,0
DA:171,0
DA:172,0
DA:176,0
DA:177,0
DA:178,0
DA:182,0
DA:184,0
DA:187,0
DA:204,0
DA:209,0
DA:211,0
DA:213,0
DA:215,0
DA:216,0
LF:68
LH:0
BRDA:37,0,0,0
BRDA:37,0,1,0
BRDA:37,0,2,0
BRDA:39,1,0,0
BRDA:39,1,1,0
BRDA:56,2,0,0
BRDA:56,2,1,0
BRDA:86,3,0,0
BRDA:86,3,1,0
BRDA:86,3,2,0
BRDA:86,3,3,0
BRDA:90,4,0,0
BRDA:90,4,1,0
BRDA:96,5,0,0
BRDA:96,5,1,0
BRDA:113,6,0,0
BRDA:113,6,1,0
BRDA:116,7,0,0
BRDA:116,7,1,0
BRDA:141,8,0,0
BRDA:141,8,1,0
BRDA:150,9,0,0
BRDA:150,9,1,0
BRDA:160,10,0,0
BRDA:160,10,1,0
BRDA:169,11,0,0
BRDA:169,11,1,0
BRDA:176,12,0,0
BRDA:176,12,1,0
BRDA:209,13,0,0
BRDA:209,13,1,0
BRDA:213,14,0,0
BRDA:213,14,1,0
BRF:33
BRH:0
end_of_record
TN:
SF:src\shared\services\photoService.ts
FN:47,(anonymous_0)
FN:82,(anonymous_1)
FN:105,(anonymous_2)
FN:132,(anonymous_3)
FN:153,(anonymous_4)
FNF:5
FNH:0
FNDA:0,(anonymous_0)
FNDA:0,(anonymous_1)
FNDA:0,(anonymous_2)
FNDA:0,(anonymous_3)
FNDA:0,(anonymous_4)
DA:47,1
DA:50,0
DA:51,0
DA:53,0
DA:55,0
DA:61,0
DA:62,0
DA:63,0
DA:64,0
DA:66,0
DA:72,0
DA:74,0
DA:82,1
DA:85,0
DA:86,0
DA:87,0
DA:88,0
DA:90,0
DA:93,0
DA:94,0
DA:97,0
DA:105,1
DA:108,0
DA:109,0
DA:110,0
DA:111,0
DA:113,0
DA:116,0
DA:117,0
DA:120,0
DA:132,1
DA:135,0
DA:136,0
DA:137,0
DA:139,0
DA:140,0
DA:143,0
DA:145,0
DA:153,1
DA:157,0
LF:40
LH:5
BRDA:93,0,0,0
BRDA:93,0,1,0
BRDA:116,1,0,0
BRDA:116,1,1,0
BRDA:139,2,0,0
BRDA:139,2,1,0
BRF:6
BRH:0
end_of_record
TN:
SF:src\shared\services\profileService.ts
FN:19,(anonymous_0)
FN:38,(anonymous_1)
FNF:2
FNH:0
FNDA:0,(anonymous_0)
FNDA:0,(anonymous_1)
DA:19,0
DA:23,0
DA:24,0
DA:25,0
DA:29,0
DA:31,0
DA:38,0
DA:42,0
DA:43,0
DA:44,0
DA:48,0
DA:50,0
LF:12
LH:0
BRF:0
BRH:0
end_of_record
TN:
SF:src\shared\services\serviceService.ts
FN:7,(anonymous_0)
FNF:1
FNH:0
FNDA:0,(anonymous_0)
DA:7,1
DA:8,0
DA:9,0
DA:10,0
DA:11,0
DA:12,0
DA:14,0
DA:16,0
LF:8
LH:1
BRDA:11,0,0,0
BRDA:11,0,1,0
BRF:2
BRH:0
end_of_record
TN:
SF:src\shared\services\spotService.ts
FN:7,(anonymous_0)
FN:20,(anonymous_1)
FNF:2
FNH:2
FNDA:4,(anonymous_0)
FNDA:4,(anonymous_1)
DA:7,1
DA:8,4
DA:9,4
DA:10,4
DA:11,3
DA:12,1
DA:14,2
DA:16,2
DA:20,1
DA:21,4
DA:22,4
DA:23,4
DA:24,3
DA:25,1
DA:27,2
DA:29,2
LF:16
LH:16
BRDA:11,0,0,1
BRDA:11,0,1,2
BRDA:24,1,0,1
BRDA:24,1,1,2
BRF:4
BRH:4
end_of_record
TN:
SF:src\shared\storage\tokenStorage.ts
FN:5,(anonymous_0)
FN:9,(anonymous_1)
FN:13,(anonymous_2)
FNF:3
FNH:0
FNDA:0,(anonymous_0)
FNDA:0,(anonymous_1)
FNDA:0,(anonymous_2)
DA:3,7
DA:5,7
DA:6,0
DA:9,7
DA:10,0
DA:13,7
DA:14,0
LF:7
LH:4
BRF:0
BRH:0
end_of_record
TN:
SF:src\shared\theme\ThemeContext.tsx
FN:66,(anonymous_0)
FN:67,(anonymous_1)
FN:84,(anonymous_2)
FN:100,(anonymous_3)
FN:101,(anonymous_4)
FN:120,(anonymous_5)
FN:133,(anonymous_6)
FN:138,(anonymous_7)
FN:145,(anonymous_8)
FN:158,(anonymous_9)
FN:172,(anonymous_10)
FN:185,(anonymous_11)
FNF:12
FNH:0
FNDA:0,(anonymous_0)
FNDA:0,(anonymous_1)
FNDA:0,(anonymous_2)
FNDA:0,(anonymous_3)
FNDA:0,(anonymous_4)
FNDA:0,(anonymous_5)
FNDA:0,(anonymous_6)
FNDA:0,(anonymous_7)
FNDA:0,(anonymous_8)
FNDA:0,(anonymous_9)
FNDA:0,(anonymous_10)
FNDA:0,(anonymous_11)
DA:28,0
DA:60,0
DA:74,0
DA:84,0
DA:89,0
DA:92,0
DA:95,0
DA:100,0
DA:101,0
DA:102,0
DA:103,0
DA:104,0
DA:105,0
DA:108,0
DA:110,0
DA:114,0
DA:120,0
DA:121,0
DA:122,0
DA:124,0
DA:127,0
DA:132,0
DA:133,0
DA:137,0
DA:138,0
DA:145,0
DA:146,0
DA:147,0
DA:149,0
DA:150,0
DA:158,0
DA:159,0
DA:160,0
DA:161,0
DA:163,0
DA:165,0
DA:172,0
DA:173,0
DA:178,0
DA:184,0
DA:185,0
DA:207,0
LF:42
LH:0
BRDA:93,0,0,0
BRDA:93,0,1,0
BRDA:104,1,0,0
BRDA:104,1,1,0
BRDA:104,2,0,0
BRDA:104,2,1,0
BRDA:121,3,0,0
BRDA:121,3,1,0
BRDA:122,4,0,0
BRDA:122,4,1,0
BRDA:138,5,0,0
BRDA:138,5,1,0
BRDA:146,6,0,0
BRDA:146,6,1,0
BRDA:147,7,0,0
BRDA:147,7,1,0
BRDA:149,8,0,0
BRDA:149,8,1,0
BRF:18
BRH:0
end_of_record
TN:
SF:src\shared\theme\colors.ts
FN:349,(anonymous_0)
FNF:1
FNH:0
FNDA:0,(anonymous_0)
DA:133,0
DA:241,0
DA:349,0
DA:353,0
DA:354,0
DA:356,0
DA:363,0
LF:7
LH:0
BRDA:353,0,0,0
BRDA:353,0,1,0
BRDA:354,1,0,0
BRDA:354,1,1,0
BRDA:356,2,0,0
BRDA:356,2,1,0
BRF:6
BRH:0
end_of_record
TN:
SF:src\shared\theme\index.ts
FNF:0
FNH:0
LF:0
LH:0
BRF:0
BRH:0
end_of_record
TN:
SF:src\shared\theme\mapStyles.ts
FN:253,(anonymous_0)
FNF:1
FNH:0
FNDA:0,(anonymous_0)
DA:11,0
DA:118,0
DA:253,0
DA:254,0
LF:4
LH:0
BRDA:254,0,0,0
BRDA:254,0,1,0
BRF:2
BRH:0
end_of_record
TN:
SF:src\shared\theme\spacing.ts
FNF:0
FNH:0
DA:3,0
DA:21,0
LF:2
LH:0
BRF:0
BRH:0
end_of_record
TN:
SF:src\shared\theme\useTheme.ts
FN:30,(anonymous_0)
FN:49,(anonymous_1)
FN:63,(anonymous_2)
FN:77,(anonymous_3)
FNF:4
FNH:0
FNDA:0,(anonymous_0)
FNDA:0,(anonymous_1)
FNDA:0,(anonymous_2)
FNDA:0,(anonymous_3)
DA:30,0
DA:31,0
DA:33,0
DA:34,0
DA:37,0
DA:49,0
DA:50,0
DA:51,0
DA:63,0
DA:64,0
DA:65,0
DA:77,0
DA:78,0
DA:79,0
LF:14
LH:0
BRDA:33,0,0,0
BRDA:33,0,1,0
BRF:2
BRH:0
end_of_record
TN:
SF:src\shared\ui\badge\Badge.tsx
FN:35,(anonymous_0)
FN:47,(anonymous_1)
FN:106,(anonymous_2)
FNF:3
FNH:0
FNDA:0,(anonymous_0)
FNDA:0,(anonymous_1)
FNDA:0,(anonymous_2)
DA:35,0
DA:42,0
DA:47,0
DA:48,0
DA:50,0
DA:58,0
DA:66,0
DA:74,0
DA:82,0
DA:91,0
DA:101,0
DA:106,0
DA:107,0
DA:109,0
DA:118,0
DA:128,0
DA:133,0
DA:155,0
LF:18
LH:0
BRDA:37,0,0,0
BRDA:38,1,0,0
BRDA:48,2,0,0
BRDA:48,2,1,0
BRDA:48,2,2,0
BRDA:48,2,3,0
BRDA:48,2,4,0
BRDA:48,2,5,0
BRDA:48,2,6,0
BRDA:107,3,0,0
BRDA:107,3,1,0
BRDA:107,3,2,0
BRDA:138,4,0,0
BRDA:138,4,1,0
BRF:14
BRH:0
end_of_record
TN:
SF:src\shared\ui\badge\index.ts
FNF:0
FNH:0
LF:0
LH:0
BRF:0
BRH:0
end_of_record
TN:
SF:src\shared\ui\button\BackButton.tsx
FN:9,(anonymous_0)
FN:18,(anonymous_1)
FNF:2
FNH:0
FNDA:0,(anonymous_0)
FNDA:0,(anonymous_1)
DA:9,0
DA:15,0
DA:16,0
DA:18,0
DA:19,0
DA:20,0
DA:22,0
DA:26,0
DA:39,0
LF:9
LH:0
BRDA:11,0,0,0
BRDA:19,1,0,0
BRDA:19,1,1,0
BRDA:30,2,0,0
BRDA:30,2,1,0
BRF:5
BRH:0
end_of_record
TN:
SF:src\shared\ui\button\Button.tsx
FN:9,(anonymous_0)
FNF:1
FNH:1
FNDA:5,(anonymous_0)
DA:9,1
DA:10,5
DA:12,5
DA:13,2
DA:20,3
DA:32,1
LF:6
LH:6
BRDA:9,0,0,2
BRDA:12,1,0,2
BRDA:12,1,1,3
BRF:3
BRH:3
end_of_record
TN:
SF:src\shared\ui\card\Card.tsx
FN:50,(anonymous_0)
FN:67,(anonymous_1)
FN:73,(anonymous_2)
FN:79,(anonymous_3)
FN:88,(anonymous_4)
FN:95,(anonymous_5)
FNF:6
FNH:0
FNDA:0,(anonymous_0)
FNDA:0,(anonymous_1)
FNDA:0,(anonymous_2)
FNDA:0,(anonymous_3)
FNDA:0,(anonymous_4)
FNDA:0,(anonymous_5)
DA:38,0
DA:40,0
DA:50,0
DA:60,0
DA:61,0
DA:62,0
DA:67,0
DA:68,0
DA:69,0
DA:73,0
DA:74,0
DA:75,0
DA:79,0
DA:80,0
DA:81,0
DA:82,0
DA:84,0
DA:88,0
DA:95,0
DA:96,0
DA:98,0
DA:109,0
DA:115,0
DA:120,0
DA:125,0
DA:132,0
DA:139,0
DA:140,0
DA:153,0
DA:165,0
LF:30
LH:0
BRDA:52,0,0,0
BRDA:53,1,0,0
BRDA:55,2,0,0
BRDA:56,3,0,0
BRDA:62,4,0,0
BRDA:62,4,1,0
BRDA:68,5,0,0
BRDA:68,5,1,0
BRDA:74,6,0,0
BRDA:74,6,1,0
BRDA:80,7,0,0
BRDA:80,7,1,0
BRDA:81,8,0,0
BRDA:81,8,1,0
BRDA:96,9,0,0
BRDA:96,9,1,0
BRDA:96,9,2,0
BRDA:96,9,3,0
BRDA:96,9,4,0
BRDA:104,10,0,0
BRDA:104,10,1,0
BRDA:136,11,0,0
BRDA:136,11,1,0
BRDA:139,12,0,0
BRDA:139,12,1,0
BRF:25
BRH:0
end_of_record
TN:
SF:src\shared\ui\card\index.ts
FNF:0
FNH:0
LF:0
LH:0
BRF:0
BRH:0
end_of_record
TN:
SF:src\shared\ui\feedback\EmptyState.tsx
FN:29,(anonymous_0)
FNF:1
FNH:1
FNDA:10,(anonymous_0)
DA:29,1
DA:38,10
DA:40,10
DA:88,1
LF:4
LH:4
BRDA:42,0,0,10
BRDA:42,0,1,1
BRDA:62,1,0,10
BRDA:62,1,1,1
BRDA:72,2,0,10
BRDA:72,2,1,3
BRDA:72,2,2,2
BRF:7
BRH:7
end_of_record
TN:
SF:src\shared\ui\feedback\ErrorBoundary.tsx
FN:15,(anonymous_0)
FN:20,(anonymous_1)
FN:24,(anonymous_2)
FN:28,(anonymous_3)
FN:32,(anonymous_4)
FNF:5
FNH:5
FNDA:7,(anonymous_0)
FNDA:6,(anonymous_1)
FNDA:3,(anonymous_2)
FNDA:1,(anonymous_3)
FNDA:15,(anonymous_4)
DA:16,7
DA:17,7
DA:21,6
DA:25,3
DA:28,7
DA:29,1
DA:33,15
DA:34,6
DA:41,9
LF:9
LH:9
BRDA:33,0,0,6
BRDA:33,0,1,9
BRDA:33,1,0,15
BRDA:33,1,1,6
BRF:4
BRH:4
end_of_record
TN:
SF:src\shared\ui\feedback\ErrorFallback.tsx
FN:13,(anonymous_0)
FNF:1
FNH:0
FNDA:0,(anonymous_0)
DA:13,0
DA:14,0
DA:16,0
DA:41,0
LF:4
LH:0
BRDA:23,0,0,0
BRDA:23,0,1,0
BRF:2
BRH:0
end_of_record
TN:
SF:src\shared\ui\feedback\Loading.tsx
FN:4,(anonymous_0)
FNF:1
FNH:0
FNDA:0,(anonymous_0)
DA:4,0
DA:5,0
DA:7,0
LF:3
LH:0
BRDA:4,0,0,0
BRDA:11,1,0,0
BRDA:11,1,1,0
BRF:3
BRH:0
end_of_record
TN:
SF:src\shared\ui\form\DatePickerInput.tsx
FN:18,(anonymous_0)
FN:24,(anonymous_1)
FN:34,(anonymous_2)
FN:53,(anonymous_3)
FNF:4
FNH:0
FNDA:0,(anonymous_0)
FNDA:0,(anonymous_1)
FNDA:0,(anonymous_2)
FNDA:0,(anonymous_3)
DA:18,0
DA:25,0
DA:31,0
DA:32,0
DA:34,0
DA:35,0
DA:36,0
DA:38,0
DA:39,0
DA:43,0
DA:53,0
DA:93,0
LF:12
LH:0
BRDA:21,0,0,0
BRDA:22,1,0,0
BRDA:24,2,0,0
BRDA:35,3,0,0
BRDA:35,3,1,0
BRDA:38,4,0,0
BRDA:38,4,1,0
BRDA:62,5,0,0
BRDA:62,5,1,0
BRDA:65,6,0,0
BRDA:65,6,1,0
BRDA:74,7,0,0
BRDA:74,7,1,0
BRDA:76,8,0,0
BRDA:76,8,1,0
BRDA:78,9,0,0
BRDA:78,9,1,0
BRDA:84,10,0,0
BRDA:84,10,1,0
BRF:19
BRH:0
end_of_record
TN:
SF:src\shared\ui\form\FormDivider.tsx
FN:7,(anonymous_0)
FNF:1
FNH:0
FNDA:0,(anonymous_0)
DA:7,0
DA:8,0
DA:10,0
DA:27,0
LF:4
LH:0
BRF:0
BRH:0
end_of_record
TN:
SF:src\shared\ui\form\FormInputGroup.tsx
FN:12,(anonymous_0)
FNF:1
FNH:0
FNDA:0,(anonymous_0)
DA:12,0
DA:13,0
DA:15,0
DA:34,0
LF:4
LH:0
BRDA:17,0,0,0
BRDA:17,0,1,0
BRF:2
BRH:0
end_of_record
TN:
SF:src\shared\ui\form\FormSection.tsx
FN:16,(anonymous_0)
FNF:1
FNH:0
FNDA:0,(anonymous_0)
DA:16,0
DA:17,0
DA:18,0
DA:20,0
DA:39,0
LF:5
LH:0
BRF:0
BRH:0
end_of_record
TN:
SF:src\shared\ui\form\InfoBox.tsx
FN:13,(anonymous_0)
FNF:1
FNH:0
FNDA:0,(anonymous_0)
DA:13,0
DA:14,0
DA:17,0
DA:23,0
DA:43,0
LF:5
LH:0
BRDA:13,0,0,0
BRDA:17,1,0,0
BRDA:17,1,1,0
BRDA:19,2,0,0
BRDA:19,2,1,0
BRF:5
BRH:0
end_of_record
TN:
SF:src\shared\ui\form\SecurityInfoBanner.tsx
FN:12,(anonymous_0)
FNF:1
FNH:0
FNDA:0,(anonymous_0)
DA:12,0
DA:15,0
DA:17,0
DA:39,0
LF:4
LH:0
BRDA:13,0,0,0
BRF:1
BRH:0
end_of_record
TN:
SF:src\shared\ui\layout\ScreenWrapper.tsx
FN:14,(anonymous_0)
FNF:1
FNH:0
FNDA:0,(anonymous_0)
DA:12,0
DA:14,0
DA:21,0
DA:23,0
DA:24,0
DA:26,0
DA:27,0
DA:28,0
DA:31,0
DA:57,0
LF:10
LH:0
BRDA:17,0,0,0
BRDA:18,1,0,0
BRDA:19,2,0,0
BRDA:23,3,0,0
BRDA:23,3,1,0
BRDA:26,4,0,0
BRDA:26,4,1,0
BRDA:27,5,0,0
BRDA:27,5,1,0
BRDA:35,6,0,0
BRDA:35,6,1,0
BRDA:39,7,0,0
BRDA:39,7,1,0
BRDA:46,8,0,0
BRDA:46,8,1,0
BRF:15
BRH:0
end_of_record
TN:
SF:src\shared\ui\layout\SectionHeader.tsx
FN:14,(anonymous_0)
FNF:1
FNH:0
FNDA:0,(anonymous_0)
DA:14,0
DA:19,0
DA:22,0
DA:34,0
DA:35,0
DA:42,0
DA:45,0
LF:7
LH:0
BRDA:17,0,0,0
BRDA:26,1,0,0
BRDA:26,1,1,0
BRDA:34,2,0,0
BRDA:34,2,1,0
BRF:5
BRH:0
end_of_record
TN:
SF:src\shared\ui\media\Avatar.tsx
FN:78,(anonymous_0)
FNF:1
FNH:0
FNDA:0,(anonymous_0)
DA:51,0
DA:59,0
DA:67,0
DA:78,0
DA:89,0
DA:92,0
DA:93,0
DA:96,0
DA:99,0
DA:102,0
DA:107,0
DA:109,0
DA:209,0
LF:13
LH:0
BRDA:80,0,0,0
BRDA:81,1,0,0
BRDA:83,2,0,0
BRDA:85,3,0,0
BRDA:86,4,0,0
BRDA:92,5,0,0
BRDA:92,5,1,0
BRDA:93,6,0,0
BRDA:93,6,1,0
BRDA:96,7,0,0
BRDA:96,7,1,0
BRDA:99,8,0,0
BRDA:99,8,1,0
BRDA:107,9,0,0
BRDA:107,9,1,0
BRDA:136,10,0,0
BRDA:136,10,1,0
BRDA:159,11,0,0
BRDA:159,11,1,0
BRDA:159,11,2,0
BRDA:183,12,0,0
BRDA:183,12,1,0
BRDA:183,12,2,0
BRF:23
BRH:0
end_of_record
TN:
SF:src\shared\ui\media\PhotoGallery.tsx
FN:26,(anonymous_0)
FN:61,(anonymous_1)
FN:78,(anonymous_2)
FN:84,(anonymous_3)
FN:87,(anonymous_4)
FN:109,(anonymous_5)
FN:123,(anonymous_6)
FNF:7
FNH:0
FNDA:0,(anonymous_0)
FNDA:0,(anonymous_1)
FNDA:0,(anonymous_2)
FNDA:0,(anonymous_3)
FNDA:0,(anonymous_4)
FNDA:0,(anonymous_5)
FNDA:0,(anonymous_6)
DA:24,0
DA:26,0
DA:33,0
DA:34,0
DA:35,0
DA:39,0
DA:40,0
DA:57,0
DA:58,0
DA:61,0
DA:78,0
DA:79,0
DA:80,0
DA:81,0
DA:84,0
DA:85,0
DA:87,0
DA:103,0
DA:109,0
DA:124,0
DA:143,0
LF:21
LH:0
BRDA:28,0,0,0
BRDA:29,1,0,0
BRDA:30,2,0,0
BRDA:39,3,0,0
BRDA:39,3,1,0
BRDA:39,4,0,0
BRDA:39,4,1,0
BRDA:57,5,0,0
BRDA:57,5,1,0
BRDA:60,6,0,0
BRDA:60,6,1,0
BRDA:65,7,0,0
BRDA:65,7,1,0
BRDA:86,8,0,0
BRDA:86,8,1,0
BRDA:92,9,0,0
BRDA:92,9,1,0
BRDA:121,10,0,0
BRDA:121,10,1,0
BRDA:121,10,2,0
BRDA:128,11,0,0
BRDA:128,11,1,0
BRF:22
BRH:0
end_of_record
TN:
SF:src\shared\ui\typography\Header.tsx
FN:7,(anonymous_0)
FNF:1
FNH:0
FNDA:0,(anonymous_0)
DA:7,0
DA:8,0
DA:10,0
DA:29,0
LF:4
LH:0
BRDA:7,0,0,0
BRDA:12,1,0,0
BRDA:12,1,1,0
BRDA:13,2,0,0
BRDA:13,2,1,0
BRDA:18,3,0,0
BRDA:18,3,1,0
BRF:7
BRH:0
end_of_record
TN:
SF:src\shared\ui\typography\Input.tsx
FN:21,(anonymous_0)
FN:45,(anonymous_1)
FN:46,(anonymous_2)
FNF:3
FNH:0
FNDA:0,(anonymous_0)
FNDA:0,(anonymous_1)
FNDA:0,(anonymous_2)
DA:21,0
DA:22,0
DA:23,0
DA:25,0
DA:45,0
DA:46,0
DA:55,0
LF:7
LH:0
BRDA:30,0,0,0
BRDA:30,0,1,0
BRDA:33,1,0,0
BRDA:33,1,1,0
BRF:4
BRH:0
end_of_record
TN:
SF:src\shared\ui\typography\Typo.tsx
FN:16,(anonymous_0)
FNF:1
FNH:0
FNDA:0,(anonymous_0)
DA:16,0
DA:26,0
DA:28,0
DA:35,0
DA:44,0
DA:45,0
DA:52,0
LF:7
LH:0
BRDA:17,0,0,0
BRDA:19,1,0,0
BRDA:22,2,0,0
BRDA:30,3,0,0
BRDA:30,3,1,0
BRDA:44,4,0,0
BRDA:44,4,1,0
BRF:7
BRH:0
end_of_record
TN:
SF:src\shared\utils\logger.ts
FN:1,(anonymous_0)
FNF:1
FNH:1
FNDA:1,(anonymous_0)
DA:1,4
DA:3,4
LF:2
LH:2
BRDA:5,0,0,3
BRDA:5,0,1,1
BRF:2
BRH:2
end_of_record
TN:
SF:src\shared\utils\styling.ts
FN:13,(anonymous_0)
FN:20,(anonymous_1)
FNF:2
FNH:0
FNDA:0,(anonymous_0)
FNDA:0,(anonymous_1)
DA:3,0
DA:6,0
DA:10,0
DA:11,0
DA:13,0
DA:14,0
DA:20,0
DA:21,0
LF:8
LH:0
BRDA:6,0,0,0
BRDA:6,0,1,0
BRF:2
BRH:0
end_of_record
TN:
SF:src\shared\utils\types.ts
FNF:0
FNH:0
LF:0
LH:0
BRF:0
BRH:0
end_of_record
